Buildfile: build.xml

init:
     [echo] Creating log dir ./logs/31-12-2010.23.50.19
    [mkdir] Created dir: /home/dtftest/build/dtf/build/dtf/dist/logs/31-12-2010.23.50.19

run_pvt:

init:
     [echo] Creating log dir ./logs/31-12-2010.23.50.19

run_test:

init:
     [echo] Creating log dir ./logs/31-12-2010.23.50.19

run_components:
     [echo] Starting up dtfc
     [echo] logging to ./logs/31-12-2010.23.50.19/dtfc.*.log
     [echo] Starting DTFA1...
     [echo] logging to ./logs/31-12-2010.23.50.19/dtfa-1.*.log
     [echo] Starting DTFA2...
     [echo] logging to ./logs/31-12-2010.23.50.19/dtfa-2.*.log
     [echo] Starting DTFA3...
     [echo] logging to ./logs/31-12-2010.23.50.19/dtfa-3.*.log

init:
     [echo] Creating log dir ./logs/31-12-2010.23.50.19

run_dtfx:
     [java] INFO  31/12/2010 23:50:26 DebugServer     - Listening at 127.0.0.1:40004
     [java] INFO  31/12/2010 23:50:26 Comm            - Host address [127.0.0.1]
     [java] INFO  31/12/2010 23:50:26 CommRMIServer   - Listening at [30003]
     [java] INFO  31/12/2010 23:50:26 Comm            - DTFX Setup.
     [java] ERROR 31/12/2010 23:50:30 Error running script.
     [java] com.yahoo.dtf.exception.ParseException: Range [buildrange] out of elements. at tests/perf/perf.xml:80:37
     [java] 	at com.yahoo.dtf.config.RangeProperty.getValue(RangeProperty.java:30)
     [java] 	at com.yahoo.dtf.config.Config.getProperty(Config.java:149)
     [java] 	at com.yahoo.dtf.actions.Action.replaceProperties(Action.java:668)
     [java] 	at com.yahoo.dtf.actions.Action.replaceProperties(Action.java:545)
     [java] 	at com.yahoo.dtf.actions.util.DTFProperty.getValue(DTFProperty.java:38)
     [java] 	at com.yahoo.dtf.actions.properties.Property.getValue(Property.java:79)
     [java] 	at com.yahoo.dtf.actions.properties.Property.execute(Property.java:68)
     [java] 	at com.yahoo.dtf.actions.Action.executeChildren(Action.java:192)
     [java] 	at com.yahoo.dtf.actions.flowcontrol.For.execute(For.java:47)
     [java] 	at com.yahoo.dtf.actions.Action.executeChildren(Action.java:192)
     [java] 	at com.yahoo.dtf.actions.basic.Script.execute(Script.java:50)
     [java] 	at com.yahoo.dtf.actions.util.ScriptUtil.executeScript(ScriptUtil.java:49)
     [java] 	at com.yahoo.dtf.DTFNode.run(DTFNode.java:405)
     [java] 	at com.yahoo.dtf.DTFNode.main(DTFNode.java:551)
     [echo] Shutting down background run_components task.

init:
     [echo] Creating log dir ./logs/31-12-2010.23.50.19

stop_dtfc:

BUILD FAILED
/home/dtftest/build/dtf/build/dtf/dist/build.xml:291: The following error occurred while executing this line:
/home/dtftest/build/dtf/build/dtf/dist/build.xml:302: /home/dtftest/build/dtf/build/dtf/dist/build.xml:309: The following error occurred while executing this line:
/home/dtftest/build/dtf/build/dtf/dist/build.xml:131: Java returned: 255

Total time: 23 seconds
