<testsuite name="dtf.unittests" classname="dtf.unittests" tests="154" start="2011-01-18-00.20.50.152" stop="2011-01-18-00.21.38.536" time="48.384" timestamp="Tue Jan 18 00:20:50 UTC 2011" passed="154" failures="0" errors="0" disabled="0">
<property name="test.log.filename" value="tests/ut/output/script-ut.out" />
<testcase name="state_management" start="2011-01-18-00.20.50.347" stop="2011-01-18-00.20.53.760" time="3.413">
<property name="DTFA1.dtf.node.host" value="127.0.0.1" />
<property name="DTFA1.dtf.tunneled" value="false" />
<property name="DTFA1.dtf.os.name" value="Linux" />
<property name="DTFA1.dtf.debug.port" value="40001" />
<property name="DTFA1.dtf.os.version" value="2.6.32-305-ec2" />
<property name="DTFA1.dtf.node.user" value="dtftest" />
<property name="DTFA1.dtf.os.arch" value="i386" />
<property name="DTFA1.node.id" value="3" />
<property name="DTFA1.dtf.node.home" value="/home/dtftest/build/dtf/build/dtf/dist" />
<property name="DTFA1.dtf.node.type" value="dtfa" />
</testcase>
<testcase name="storage" start="2011-01-18-00.20.54.584" stop="2011-01-18-00.20.54.592" time="0.0080">
</testcase>
<testcase name="echo" start="2011-01-18-00.20.54.722" stop="2011-01-18-00.20.54.905" time="0.183">
<property name="DTFA1.dtf.node.host" value="127.0.0.1" />
<property name="DTFA1.dtf.tunneled" value="false" />
<property name="DTFA1.dtf.os.name" value="Linux" />
<property name="DTFA1.dtf.debug.port" value="40002" />
<property name="DTFA1.dtf.os.version" value="2.6.32-305-ec2" />
<property name="DTFA1.dtf.node.user" value="dtftest" />
<property name="DTFA1.dtf.os.arch" value="i386" />
<property name="DTFA1.node.id" value="2" />
<property name="DTFA1.dtf.node.home" value="/home/dtftest/build/dtf/build/dtf/dist" />
<property name="DTFA1.dtf.node.type" value="dtfa" />
</testcase>
<testcase name="sleep" start="2011-01-18-00.20.55.161" stop="2011-01-18-00.20.55.543" time="0.382">
<property name="C1.dtf.debug.port" value="40003" />
<property name="C1.node.id" value="1" />
<property name="C1.dtf.tunneled" value="false" />
<property name="C1.dtf.os.version" value="2.6.32-305-ec2" />
<property name="C1.dtf.node.host" value="127.0.0.1" />
<property name="C1.dtf.os.name" value="Linux" />
<property name="C1.dtf.node.user" value="dtftest" />
<property name="C1.dtf.node.home" value="/home/dtftest/build/dtf/build/dtf/dist" />
<property name="C1.dtf.node.type" value="dtfa" />
<property name="C1.dtf.os.arch" value="i386" />
</testcase>
<testcase name="loadproperties" start="2011-01-18-00.20.55.713" stop="2011-01-18-00.20.55.715" time="0.0020">
</testcase>
<testcase name="property_resolution" start="2011-01-18-00.20.55.982" stop="2011-01-18-00.20.56.346" time="0.364">
<property name="DTFA1.dtf.node.host" value="127.0.0.1" />
<property name="DTFA1.dtf.tunneled" value="false" />
<property name="DTFA1.dtf.os.name" value="Linux" />
<property name="DTFA1.dtf.debug.port" value="40001" />
<property name="DTFA1.dtf.os.version" value="2.6.32-305-ec2" />
<property name="DTFA1.dtf.node.user" value="dtftest" />
<property name="DTFA1.dtf.os.arch" value="i386" />
<property name="DTFA1.node.id" value="3" />
<property name="DTFA1.dtf.node.home" value="/home/dtftest/build/dtf/build/dtf/dist" />
<property name="DTFA1.dtf.node.type" value="dtfa" />
</testcase>
<testcase name="property" start="2011-01-18-00.20.56.580" stop="2011-01-18-00.20.56.609" time="0.029">
</testcase>
<testcase name="cat" start="2011-01-18-00.20.56.710" stop="2011-01-18-00.20.56.712" time="0.0020">
</testcase>
<testcase name="log" start="2011-01-18-00.20.56.814" stop="2011-01-18-00.20.56.816" time="0.0020">
</testcase>
<testcase name="for" start="2011-01-18-00.20.56.949" stop="2011-01-18-00.20.57.047" time="0.098">
</testcase>
<testcase name="parallel" start="2011-01-18-00.20.57.267" stop="2011-01-18-00.20.57.300" time="0.033">
</testcase>
<testcase name="parallelloop" start="2011-01-18-00.20.57.380" stop="2011-01-18-00.20.57.446" time="0.066">
</testcase>
<testcase name="sequence" start="2011-01-18-00.20.57.496" stop="2011-01-18-00.20.57.497" time="0.0010">
</testcase>
<testcase name="timer" start="2011-01-18-00.20.57.579" stop="2011-01-18-00.20.57.686" time="0.107">
</testcase>
<testcase name="switch" start="2011-01-18-00.20.57.924" stop="2011-01-18-00.20.58.063" time="0.139">
</testcase>
<testcase name="while" start="2011-01-18-00.20.58.210" stop="2011-01-18-00.20.58.261" time="0.051">
</testcase>
<testcase name="break" start="2011-01-18-00.20.58.475" stop="2011-01-18-00.20.58.740" time="0.265">
<property name="C1.dtf.debug.port" value="40002" />
<property name="C1.node.id" value="2" />
<property name="C1.dtf.tunneled" value="false" />
<property name="C1.dtf.os.version" value="2.6.32-305-ec2" />
<property name="C1.dtf.node.host" value="127.0.0.1" />
<property name="C1.dtf.os.name" value="Linux" />
<property name="C1.dtf.node.user" value="dtftest" />
<property name="C1.dtf.node.home" value="/home/dtftest/build/dtf/build/dtf/dist" />
<property name="C1.dtf.node.type" value="dtfa" />
<property name="C1.dtf.os.arch" value="i386" />
</testcase>
<testcase name="try_catch_finally" start="2011-01-18-00.20.58.842" stop="2011-01-18-00.20.59.074" time="0.232">
<property name="DTFA1.dtf.node.host" value="127.0.0.1" />
<property name="DTFA1.dtf.tunneled" value="false" />
<property name="DTFA1.dtf.os.name" value="Linux" />
<property name="DTFA1.dtf.debug.port" value="40003" />
<property name="DTFA1.dtf.os.version" value="2.6.32-305-ec2" />
<property name="DTFA1.dtf.node.user" value="dtftest" />
<property name="DTFA1.dtf.os.arch" value="i386" />
<property name="DTFA1.node.id" value="1" />
<property name="DTFA1.dtf.node.home" value="/home/dtftest/build/dtf/build/dtf/dist" />
<property name="DTFA1.dtf.node.type" value="dtfa" />
</testcase>
<testcase name="fail" start="2011-01-18-00.20.59.185" stop="2011-01-18-00.20.59.297" time="0.112">
<property name="DTFA.dtf.debug.port" value="40001" />
<property name="DTFA.dtf.node.host" value="127.0.0.1" />
<property name="DTFA.dtf.os.version" value="2.6.32-305-ec2" />
<property name="DTFA.dtf.os.name" value="Linux" />
<property name="DTFA.dtf.node.user" value="dtftest" />
<property name="DTFA.dtf.tunneled" value="false" />
<property name="DTFA.node.id" value="3" />
<property name="DTFA.dtf.os.arch" value="i386" />
<property name="DTFA.dtf.node.home" value="/home/dtftest/build/dtf/build/dtf/dist" />
<property name="DTFA.dtf.node.type" value="dtfa" />
</testcase>
<testcase name="distribute" start="2011-01-18-00.20.59.616" stop="2011-01-18-00.21.00.724" time="1.108">
</testcase>
<testcase name="choices" start="2011-01-18-00.21.00.979" stop="2011-01-18-00.21.01.169" time="0.19">
</testcase>
<testcase name="if" start="2011-01-18-00.21.01.511" stop="2011-01-18-00.21.01.515" time="0.0040">
</testcase>
<testcase name="similar" start="2011-01-18-00.21.01.646" stop="2011-01-18-00.21.01.970" time="0.324">
</testcase>
<testcase name="createrange" start="2011-01-18-00.21.02.058" stop="2011-01-18-00.21.02.171" time="0.113">
</testcase>
<testcase name="range" start="2011-01-18-00.21.02.383" stop="2011-01-18-00.21.02.565" time="0.182">
</testcase>
<testcase name="range_dist" start="2011-01-18-00.21.02.696" stop="2011-01-18-00.21.04.079" time="1.383">
<property name="C1.dtf.debug.port" value="40002" />
<property name="C1.node.id" value="2" />
<property name="C1.dtf.tunneled" value="false" />
<property name="C1.dtf.os.version" value="2.6.32-305-ec2" />
<property name="C1.dtf.node.host" value="127.0.0.1" />
<property name="C1.dtf.os.name" value="Linux" />
<property name="C1.dtf.node.user" value="dtftest" />
<property name="C1.dtf.node.home" value="/home/dtftest/build/dtf/build/dtf/dist" />
<property name="C1.dtf.node.type" value="dtfa" />
<property name="C1.dtf.os.arch" value="i386" />
</testcase>
<testcase name="xml_range" start="2011-01-18-00.21.04.270" stop="2011-01-18-00.21.04.279" time="0.0090">
</testcase>
<testcase name="json_range" start="2011-01-18-00.21.04.402" stop="2011-01-18-00.21.04.406" time="0.0040">
</testcase>
<testcase name="functions" start="2011-01-18-00.21.04.753" stop="2011-01-18-00.21.05.069" time="0.316">
</testcase>
<testcase name="import" start="2011-01-18-00.21.05.220" stop="2011-01-18-00.21.05.646" time="0.426">
</testcase>
<testcase name="export" start="2011-01-18-00.21.05.768" stop="2011-01-18-00.21.06.047" time="0.279">
<property name="DTFA1.dtf.node.host" value="127.0.0.1" />
<property name="DTFA1.dtf.tunneled" value="false" />
<property name="DTFA1.dtf.os.name" value="Linux" />
<property name="DTFA1.dtf.debug.port" value="40003" />
<property name="DTFA1.dtf.os.version" value="2.6.32-305-ec2" />
<property name="DTFA1.dtf.node.user" value="dtftest" />
<property name="DTFA1.dtf.os.arch" value="i386" />
<property name="DTFA1.node.id" value="1" />
<property name="DTFA1.dtf.node.home" value="/home/dtftest/build/dtf/build/dtf/dist" />
<property name="DTFA1.dtf.node.type" value="dtfa" />
</testcase>
<testcase name="references" start="2011-01-18-00.21.06.188" stop="2011-01-18-00.21.06.478" time="0.29">
<property name="DTFA1.dtf.node.host" value="127.0.0.1" />
<property name="DTFA1.dtf.tunneled" value="false" />
<property name="DTFA1.dtf.os.name" value="Linux" />
<property name="DTFA1.dtf.debug.port" value="40001" />
<property name="DTFA1.dtf.os.version" value="2.6.32-305-ec2" />
<property name="DTFA1.dtf.node.user" value="dtftest" />
<property name="DTFA1.dtf.os.arch" value="i386" />
<property name="DTFA1.node.id" value="3" />
<property name="DTFA1.dtf.node.home" value="/home/dtftest/build/dtf/build/dtf/dist" />
<property name="DTFA1.dtf.node.type" value="dtfa" />
</testcase>
<testcase name="component" start="2011-01-18-00.21.06.620" stop="2011-01-18-00.21.07.967" time="1.347">
<property name="DTFA1.dtf.node.host" value="127.0.0.1" />
<property name="DTFA1.dtf.tunneled" value="false" />
<property name="DTFA1.dtf.os.name" value="Linux" />
<property name="DTFA1.dtf.debug.port" value="40002" />
<property name="DTFA1.dtf.os.version" value="2.6.32-305-ec2" />
<property name="DTFA1.dtf.node.user" value="dtftest" />
<property name="DTFA1.dtf.os.arch" value="i386" />
<property name="DTFA1.node.id" value="2" />
<property name="DTFA1.dtf.node.home" value="/home/dtftest/build/dtf/build/dtf/dist" />
<property name="DTFA1.dtf.node.type" value="dtfa" />
</testcase>
<testsuite name="dtf.lockcomponent" classname="dtf.lockcomponent" tests="1" start="2011-01-18-00.21.08.725" stop="2011-01-18-00.21.09.023" time="0.298" timestamp="Tue Jan 18 00:21:08 UTC 2011" passed="1" failures="0" errors="0" disabled="0">
<property name="DTFA2.dtf.os.name" value="Linux" />
<property name="DTFA2.dtf.os.arch" value="i386" />
<property name="DTFA3.dtf.node.type" value="dtfa" />
<property name="DTFA1.dtf.node.home" value="/home/dtftest/build/dtf/build/dtf/dist" />
<property name="DTFA2.dtf.tunneled" value="false" />
<property name="DTFA2.dtf.node.home" value="/home/dtftest/build/dtf/build/dtf/dist" />
<property name="DTFA3.dtf.tunneled" value="false" />
<property name="DTFA3.dtf.os.arch" value="i386" />
<property name="DTFA3.dtf.os.name" value="Linux" />
<property name="DTFA3.dtf.os.version" value="2.6.32-305-ec2" />
<property name="DTFA1.dtf.node.user" value="dtftest" />
<property name="DTFA2.dtf.debug.port" value="40003" />
<property name="DTFA3.node.id" value="2" />
<property name="DTFA2.dtf.node.user" value="dtftest" />
<property name="DTFA1.node.id" value="3" />
<property name="DTFA1.dtf.node.type" value="dtfa" />
<property name="DTFA3.dtf.node.host" value="127.0.0.1" />
<property name="DTFA2.dtf.node.type" value="dtfa" />
<property name="DTFA3.dtf.debug.port" value="40002" />
<property name="DTFA1.dtf.tunneled" value="false" />
<property name="DTFA1.dtf.os.version" value="2.6.32-305-ec2" />
<property name="DTFA3.dtf.node.home" value="/home/dtftest/build/dtf/build/dtf/dist" />
<property name="DTFA2.node.id" value="1" />
<property name="DTFA1.dtf.node.host" value="127.0.0.1" />
<property name="DTFA1.dtf.os.name" value="Linux" />
<property name="DTFA1.dtf.os.arch" value="i386" />
<property name="DTFA2.dtf.node.host" value="127.0.0.1" />
<property name="DTFA3.dtf.node.user" value="dtftest" />
<property name="DTFA2.dtf.os.version" value="2.6.32-305-ec2" />
<property name="DTFA1.dtf.debug.port" value="40001" />
<testcase name="occupy_component" start="2011-01-18-00.21.08.807" stop="2011-01-18-00.21.09.019" time="0.212">
<property name="C1.dtf.debug.port" value="40001" />
<property name="C1.node.id" value="3" />
<property name="C1.dtf.tunneled" value="false" />
<property name="C1.dtf.os.version" value="2.6.32-305-ec2" />
<property name="C1.dtf.node.host" value="127.0.0.1" />
<property name="C1.dtf.os.name" value="Linux" />
<property name="C1.dtf.node.user" value="dtftest" />
<property name="C1.dtf.node.home" value="/home/dtftest/build/dtf/build/dtf/dist" />
<property name="C1.dtf.node.type" value="dtfa" />
<property name="C1.dtf.os.arch" value="i386" />
</testcase>
<system-out/>
<system-err/>
</testsuite>
<testsuite name="dtf.lockcomponent" classname="dtf.lockcomponent" tests="1" start="2011-01-18-00.21.08.713" stop="2011-01-18-00.21.09.341" time="0.628" timestamp="Tue Jan 18 00:21:08 UTC 2011" passed="1" failures="0" errors="0" disabled="0">
<testcase name="occupy_component" start="2011-01-18-00.21.09.106" stop="2011-01-18-00.21.09.290" time="0.184">
<property name="C1.dtf.debug.port" value="40003" />
<property name="C1.node.id" value="1" />
<property name="C1.dtf.tunneled" value="false" />
<property name="C1.dtf.os.version" value="2.6.32-305-ec2" />
<property name="C1.dtf.node.host" value="127.0.0.1" />
<property name="C1.dtf.os.name" value="Linux" />
<property name="C1.dtf.node.user" value="dtftest" />
<property name="C1.dtf.node.home" value="/home/dtftest/build/dtf/build/dtf/dist" />
<property name="C1.dtf.node.type" value="dtfa" />
<property name="C1.dtf.os.arch" value="i386" />
</testcase>
<system-out/>
<system-err/>
</testsuite>
<testsuite name="dtf.lockcomponent" classname="dtf.lockcomponent" tests="1" start="2011-01-18-00.21.08.708" stop="2011-01-18-00.21.09.388" time="0.68" timestamp="Tue Jan 18 00:21:08 UTC 2011" passed="1" failures="0" errors="0" disabled="0">
<testcase name="occupy_component" start="2011-01-18-00.21.08.866" stop="2011-01-18-00.21.09.384" time="0.518">
<property name="C1.dtf.debug.port" value="40002" />
<property name="C1.node.id" value="2" />
<property name="C1.dtf.tunneled" value="false" />
<property name="C1.dtf.os.version" value="2.6.32-305-ec2" />
<property name="C1.dtf.node.host" value="127.0.0.1" />
<property name="C1.dtf.os.name" value="Linux" />
<property name="C1.dtf.node.user" value="dtftest" />
<property name="C1.dtf.node.home" value="/home/dtftest/build/dtf/build/dtf/dist" />
<property name="C1.dtf.node.type" value="dtfa" />
<property name="C1.dtf.os.arch" value="i386" />
</testcase>
<system-out/>
<system-err/>
</testsuite>
<testsuite name="dtf.lockcomponent" classname="dtf.lockcomponent" tests="1" start="2011-01-18-00.21.09.023" stop="2011-01-18-00.21.09.468" time="0.445" timestamp="Tue Jan 18 00:21:09 UTC 2011" passed="1" failures="0" errors="0" disabled="0">
<testcase name="occupy_component" start="2011-01-18-00.21.09.155" stop="2011-01-18-00.21.09.427" time="0.272">
<property name="C1.dtf.debug.port" value="40001" />
<property name="C1.node.id" value="3" />
<property name="C1.dtf.tunneled" value="false" />
<property name="C1.dtf.os.version" value="2.6.32-305-ec2" />
<property name="C1.dtf.node.host" value="127.0.0.1" />
<property name="C1.dtf.os.name" value="Linux" />
<property name="C1.dtf.node.user" value="dtftest" />
<property name="C1.dtf.node.home" value="/home/dtftest/build/dtf/build/dtf/dist" />
<property name="C1.dtf.node.type" value="dtfa" />
<property name="C1.dtf.os.arch" value="i386" />
</testcase>
<system-out/>
<system-err/>
</testsuite>
<testsuite name="dtf.lockcomponent" classname="dtf.lockcomponent" tests="1" start="2011-01-18-00.21.09.468" stop="2011-01-18-00.21.09.837" time="0.369" timestamp="Tue Jan 18 00:21:09 UTC 2011" passed="1" failures="0" errors="0" disabled="0">
<testcase name="occupy_component" start="2011-01-18-00.21.09.663" stop="2011-01-18-00.21.09.810" time="0.147">
<property name="C1.dtf.debug.port" value="40002" />
<property name="C1.node.id" value="2" />
<property name="C1.dtf.tunneled" value="false" />
<property name="C1.dtf.os.version" value="2.6.32-305-ec2" />
<property name="C1.dtf.node.host" value="127.0.0.1" />
<property name="C1.dtf.os.name" value="Linux" />
<property name="C1.dtf.node.user" value="dtftest" />
<property name="C1.dtf.node.home" value="/home/dtftest/build/dtf/build/dtf/dist" />
<property name="C1.dtf.node.type" value="dtfa" />
<property name="C1.dtf.os.arch" value="i386" />
</testcase>
<system-out/>
<system-err/>
</testsuite>
<testsuite name="dtf.lockcomponent" classname="dtf.lockcomponent" tests="1" start="2011-01-18-00.21.09.341" stop="2011-01-18-00.21.09.889" time="0.548" timestamp="Tue Jan 18 00:21:09 UTC 2011" passed="1" failures="0" errors="0" disabled="0">
<testcase name="occupy_component" start="2011-01-18-00.21.09.632" stop="2011-01-18-00.21.09.865" time="0.233">
<property name="C1.dtf.debug.port" value="40001" />
<property name="C1.node.id" value="3" />
<property name="C1.dtf.tunneled" value="false" />
<property name="C1.dtf.os.version" value="2.6.32-305-ec2" />
<property name="C1.dtf.node.host" value="127.0.0.1" />
<property name="C1.dtf.os.name" value="Linux" />
<property name="C1.dtf.node.user" value="dtftest" />
<property name="C1.dtf.node.home" value="/home/dtftest/build/dtf/build/dtf/dist" />
<property name="C1.dtf.node.type" value="dtfa" />
<property name="C1.dtf.os.arch" value="i386" />
</testcase>
<system-out/>
<system-err/>
</testsuite>
<testsuite name="dtf.lockcomponent" classname="dtf.lockcomponent" tests="1" start="2011-01-18-00.21.09.388" stop="2011-01-18-00.21.09.971" time="0.583" timestamp="Tue Jan 18 00:21:09 UTC 2011" passed="1" failures="0" errors="0" disabled="0">
<testcase name="occupy_component" start="2011-01-18-00.21.09.787" stop="2011-01-18-00.21.09.952" time="0.165">
<property name="C1.dtf.debug.port" value="40003" />
<property name="C1.node.id" value="1" />
<property name="C1.dtf.tunneled" value="false" />
<property name="C1.dtf.os.version" value="2.6.32-305-ec2" />
<property name="C1.dtf.node.host" value="127.0.0.1" />
<property name="C1.dtf.os.name" value="Linux" />
<property name="C1.dtf.node.user" value="dtftest" />
<property name="C1.dtf.node.home" value="/home/dtftest/build/dtf/build/dtf/dist" />
<property name="C1.dtf.node.type" value="dtfa" />
<property name="C1.dtf.os.arch" value="i386" />
</testcase>
<system-out/>
<system-err/>
</testsuite>
<testsuite name="dtf.lockcomponent" classname="dtf.lockcomponent" tests="1" start="2011-01-18-00.21.09.889" stop="2011-01-18-00.21.10.193" time="0.304" timestamp="Tue Jan 18 00:21:09 UTC 2011" passed="1" failures="0" errors="0" disabled="0">
<testcase name="occupy_component" start="2011-01-18-00.21.10.091" stop="2011-01-18-00.21.10.189" time="0.098">
<property name="C1.dtf.debug.port" value="40003" />
<property name="C1.node.id" value="1" />
<property name="C1.dtf.tunneled" value="false" />
<property name="C1.dtf.os.version" value="2.6.32-305-ec2" />
<property name="C1.dtf.node.host" value="127.0.0.1" />
<property name="C1.dtf.os.name" value="Linux" />
<property name="C1.dtf.node.user" value="dtftest" />
<property name="C1.dtf.node.home" value="/home/dtftest/build/dtf/build/dtf/dist" />
<property name="C1.dtf.node.type" value="dtfa" />
<property name="C1.dtf.os.arch" value="i386" />
</testcase>
<system-out/>
<system-err/>
</testsuite>
<testsuite name="dtf.lockcomponent" classname="dtf.lockcomponent" tests="1" start="2011-01-18-00.21.09.971" stop="2011-01-18-00.21.10.268" time="0.297" timestamp="Tue Jan 18 00:21:09 UTC 2011" passed="1" failures="0" errors="0" disabled="0">
<testcase name="occupy_component" start="2011-01-18-00.21.10.083" stop="2011-01-18-00.21.10.264" time="0.181">
<property name="C1.dtf.debug.port" value="40001" />
<property name="C1.node.id" value="3" />
<property name="C1.dtf.tunneled" value="false" />
<property name="C1.dtf.os.version" value="2.6.32-305-ec2" />
<property name="C1.dtf.node.host" value="127.0.0.1" />
<property name="C1.dtf.os.name" value="Linux" />
<property name="C1.dtf.node.user" value="dtftest" />
<property name="C1.dtf.node.home" value="/home/dtftest/build/dtf/build/dtf/dist" />
<property name="C1.dtf.node.type" value="dtfa" />
<property name="C1.dtf.os.arch" value="i386" />
</testcase>
<system-out/>
<system-err/>
</testsuite>
<testsuite name="dtf.lockcomponent" classname="dtf.lockcomponent" tests="1" start="2011-01-18-00.21.10.269" stop="2011-01-18-00.21.10.520" time="0.251" timestamp="Tue Jan 18 00:21:10 UTC 2011" passed="1" failures="0" errors="0" disabled="0">
<testcase name="parallel_occupy_component" start="2011-01-18-00.21.10.342" stop="2011-01-18-00.21.10.485" time="0.143">
<property name="C1.dtf.node.type" value="dtfa" />
<property name="C3.dtf.node.host" value="127.0.0.1" />
<property name="C2.dtf.debug.port" value="40003" />
<property name="C2.dtf.node.type" value="dtfa" />
<property name="C1.dtf.tunneled" value="false" />
<property name="C2.node.id" value="1" />
<property name="C2.dtf.tunneled" value="false" />
<property name="C2.dtf.os.version" value="2.6.32-305-ec2" />
<property name="C1.node.id" value="3" />
<property name="C1.dtf.debug.port" value="40001" />
<property name="C3.dtf.node.home" value="/home/dtftest/build/dtf/build/dtf/dist" />
<property name="C3.dtf.debug.port" value="40002" />
<property name="C1.dtf.node.host" value="127.0.0.1" />
<property name="C2.dtf.node.host" value="127.0.0.1" />
<property name="C3.dtf.os.version" value="2.6.32-305-ec2" />
<property name="C3.dtf.node.user" value="dtftest" />
<property name="C1.dtf.os.arch" value="i386" />
<property name="C1.dtf.os.name" value="Linux" />
<property name="C3.dtf.tunneled" value="false" />
<property name="C3.node.id" value="2" />
<property name="C3.dtf.node.type" value="dtfa" />
<property name="C2.dtf.os.name" value="Linux" />
<property name="C2.dtf.os.arch" value="i386" />
<property name="C1.dtf.node.home" value="/home/dtftest/build/dtf/build/dtf/dist" />
<property name="C2.dtf.node.home" value="/home/dtftest/build/dtf/build/dtf/dist" />
<property name="C1.dtf.node.user" value="dtftest" />
<property name="C3.dtf.os.arch" value="i386" />
<property name="C3.dtf.os.name" value="Linux" />
<property name="C2.dtf.node.user" value="dtftest" />
<property name="C1.dtf.os.version" value="2.6.32-305-ec2" />
</testcase>
<system-out/>
<system-err/>
</testsuite>
<testsuite name="dtf.lockcomponent" classname="dtf.lockcomponent" tests="1" start="2011-01-18-00.21.10.594" stop="2011-01-18-00.21.10.804" time="0.21" timestamp="Tue Jan 18 00:21:10 UTC 2011" passed="1" failures="0" errors="0" disabled="0">
<property name="C1.dtf.debug.port" value="40001" />
<property name="C1.node.id" value="3" />
<property name="C1.dtf.tunneled" value="false" />
<property name="C1.dtf.os.version" value="2.6.32-305-ec2" />
<property name="C1.dtf.node.host" value="127.0.0.1" />
<property name="C1.dtf.os.name" value="Linux" />
<property name="C1.dtf.node.user" value="dtftest" />
<property name="C1.dtf.node.home" value="/home/dtftest/build/dtf/build/dtf/dist" />
<property name="C1.dtf.node.type" value="dtfa" />
<property name="C1.dtf.os.arch" value="i386" />
<testcase name="function_occupy_component" start="2011-01-18-00.21.10.672" stop="2011-01-18-00.21.10.790" time="0.118">
<property name="C1.dtf.node.type" value="dtfa" />
<property name="C3.dtf.node.host" value="127.0.0.1" />
<property name="C2.dtf.debug.port" value="40003" />
<property name="C2.dtf.node.type" value="dtfa" />
<property name="C1.dtf.tunneled" value="false" />
<property name="C2.node.id" value="1" />
<property name="C2.dtf.tunneled" value="false" />
<property name="C2.dtf.os.version" value="2.6.32-305-ec2" />
<property name="C1.node.id" value="2" />
<property name="C1.dtf.debug.port" value="40002" />
<property name="C3.dtf.node.home" value="/home/dtftest/build/dtf/build/dtf/dist" />
<property name="C3.dtf.debug.port" value="40001" />
<property name="C1.dtf.node.host" value="127.0.0.1" />
<property name="C2.dtf.node.host" value="127.0.0.1" />
<property name="C3.dtf.node.user" value="dtftest" />
<property name="C3.dtf.os.version" value="2.6.32-305-ec2" />
<property name="C1.dtf.os.arch" value="i386" />
<property name="C1.dtf.os.name" value="Linux" />
<property name="C3.node.id" value="3" />
<property name="C3.dtf.tunneled" value="false" />
<property name="C3.dtf.node.type" value="dtfa" />
<property name="C1.dtf.node.home" value="/home/dtftest/build/dtf/build/dtf/dist" />
<property name="C2.dtf.os.arch" value="i386" />
<property name="C2.dtf.os.name" value="Linux" />
<property name="C2.dtf.node.home" value="/home/dtftest/build/dtf/build/dtf/dist" />
<property name="C1.dtf.node.user" value="dtftest" />
<property name="C3.dtf.os.name" value="Linux" />
<property name="C3.dtf.os.arch" value="i386" />
<property name="C1.dtf.os.version" value="2.6.32-305-ec2" />
<property name="C2.dtf.node.user" value="dtftest" />
</testcase>
<system-out/>
<system-err/>
</testsuite>
<testcase name="lockcomponent" start="2011-01-18-00.21.08.103" stop="2011-01-18-00.21.10.837" time="2.734">
<property name="C1.dtf.debug.port" value="40001" />
<property name="C1.node.id" value="3" />
<property name="C1.dtf.tunneled" value="false" />
<property name="C1.dtf.os.version" value="2.6.32-305-ec2" />
<property name="C1.dtf.node.host" value="127.0.0.1" />
<property name="C1.dtf.os.name" value="Linux" />
<property name="C1.dtf.node.user" value="dtftest" />
<property name="C1.dtf.node.home" value="/home/dtftest/build/dtf/build/dtf/dist" />
<property name="C1.dtf.node.type" value="dtfa" />
<property name="C1.dtf.os.arch" value="i386" />
</testcase>
<testcase name="lockgroup" start="2011-01-18-00.21.10.902" stop="2011-01-18-00.21.11.797" time="0.895">
<property name="DTFA2-2.dtf.os.name" value="Linux" />
<property name="DTFA2-2.node.id" value="2" />
<property name="DTFA1-2.dtf.node.host" value="127.0.0.1" />
<property name="DTFA2-1.dtf.node.type" value="dtfa" />
<property name="DTFA1-2.dtf.node.home" value="/home/dtftest/build/dtf/build/dtf/dist" />
<property name="DTFA1-1.node.id" value="2" />
<property name="DTFA2-2.dtf.debug.port" value="40002" />
<property name="DTFA2-1.dtf.node.host" value="127.0.0.1" />
<property name="DTFA2-1.dtf.debug.port" value="40003" />
<property name="DTFA2-1.dtf.os.arch" value="i386" />
<property name="DTFA1-2.dtf.os.version" value="2.6.32-305-ec2" />
<property name="DTFA2-2.dtf.node.user" value="dtftest" />
<property name="DTFA1-1.dtf.os.version" value="2.6.32-305-ec2" />
<property name="DTFA1-1.dtf.node.type" value="dtfa" />
<property name="DTFA2-1.dtf.node.home" value="/home/dtftest/build/dtf/build/dtf/dist" />
<property name="DTFA2-1.dtf.os.name" value="Linux" />
<property name="DTFA1-2.dtf.os.arch" value="i386" />
<property name="DTFA2-2.dtf.tunneled" value="false" />
<property name="DTFA1-2.dtf.tunneled" value="false" />
<property name="DTFA1-2.dtf.os.name" value="Linux" />
<property name="DTFA1-1.dtf.node.host" value="127.0.0.1" />
<property name="DTFA1-2.dtf.node.user" value="dtftest" />
<property name="DTFA1-1.dtf.node.home" value="/home/dtftest/build/dtf/build/dtf/dist" />
<property name="DTFA1-2.node.id" value="1" />
<property name="DTFA2-1.node.id" value="1" />
<property name="DTFA2-1.dtf.tunneled" value="false" />
<property name="DTFA1-1.dtf.os.arch" value="i386" />
<property name="DTFA1-1.dtf.tunneled" value="false" />
<property name="DTFA2-1.dtf.node.user" value="dtftest" />
<property name="DTFA1-1.dtf.os.name" value="Linux" />
<property name="DTFA2-2.dtf.os.version" value="2.6.32-305-ec2" />
<property name="DTFA2-2.dtf.node.type" value="dtfa" />
<property name="DTFA2-1.dtf.os.version" value="2.6.32-305-ec2" />
<property name="DTFA1-2.dtf.debug.port" value="40003" />
<property name="DTFA1-1.dtf.debug.port" value="40002" />
<property name="DTFA2-2.dtf.node.host" value="127.0.0.1" />
<property name="DTFA1-1.dtf.node.user" value="dtftest" />
<property name="DTFA2-2.dtf.os.arch" value="i386" />
<property name="DTFA1-2.dtf.node.type" value="dtfa" />
<property name="DTFA2-2.dtf.node.home" value="/home/dtftest/build/dtf/build/dtf/dist" />
</testcase>
<testcase name="remotestorage" start="2011-01-18-00.21.12.011" stop="2011-01-18-00.21.13.885" time="1.874">
<property name="DTFA2.dtf.os.name" value="Linux" />
<property name="DTFA2.dtf.os.arch" value="i386" />
<property name="DTFA3.dtf.node.type" value="dtfa" />
<property name="DTFA2.dtf.tunneled" value="false" />
<property name="DTFA1.dtf.node.home" value="/home/dtftest/build/dtf/build/dtf/dist" />
<property name="DTFA3.dtf.tunneled" value="false" />
<property name="DTFA2.dtf.node.home" value="/home/dtftest/build/dtf/build/dtf/dist" />
<property name="DTFA3.dtf.os.name" value="Linux" />
<property name="DTFA3.dtf.os.arch" value="i386" />
<property name="DTFA3.dtf.os.version" value="2.6.32-305-ec2" />
<property name="DTFA1.dtf.node.user" value="dtftest" />
<property name="DTFA2.dtf.debug.port" value="40003" />
<property name="DTFA3.node.id" value="2" />
<property name="DTFA2.dtf.node.user" value="dtftest" />
<property name="DTFA1.node.id" value="3" />
<property name="DTFA1.dtf.node.type" value="dtfa" />
<property name="DTFA3.dtf.node.host" value="127.0.0.1" />
<property name="DTFA2.dtf.node.type" value="dtfa" />
<property name="DTFA3.dtf.debug.port" value="40002" />
<property name="DTFA1.dtf.tunneled" value="false" />
<property name="DTFA1.dtf.os.version" value="2.6.32-305-ec2" />
<property name="DTFA3.dtf.node.home" value="/home/dtftest/build/dtf/build/dtf/dist" />
<property name="DTFA2.node.id" value="1" />
<property name="DTFA1.dtf.os.arch" value="i386" />
<property name="DTFA1.dtf.os.name" value="Linux" />
<property name="DTFA1.dtf.node.host" value="127.0.0.1" />
<property name="DTFA2.dtf.node.host" value="127.0.0.1" />
<property name="DTFA3.dtf.node.user" value="dtftest" />
<property name="DTFA2.dtf.os.version" value="2.6.32-305-ec2" />
<property name="DTFA1.dtf.debug.port" value="40001" />
</testcase>
<testcase name="recorder" start="2011-01-18-00.21.14.082" stop="2011-01-18-00.21.14.208" time="0.126">
<property name="DTFA1.dtf.node.host" value="127.0.0.1" />
<property name="DTFA1.dtf.tunneled" value="false" />
<property name="DTFA1.dtf.os.name" value="Linux" />
<property name="DTFA1.dtf.debug.port" value="40003" />
<property name="DTFA1.dtf.os.version" value="2.6.32-305-ec2" />
<property name="DTFA1.dtf.node.user" value="dtftest" />
<property name="DTFA1.dtf.os.arch" value="i386" />
<property name="DTFA1.node.id" value="1" />
<property name="DTFA1.dtf.node.home" value="/home/dtftest/build/dtf/build/dtf/dist" />
<property name="DTFA1.dtf.node.type" value="dtfa" />
</testcase>
<testcase name="stats_recorder" start="2011-01-18-00.21.14.302" stop="2011-01-18-00.21.14.303" time="0.0010">
</testcase>
<testsuite name="dtf.query" classname="dtf.query" tests="1" start="2011-01-18-00.21.14.537" stop="2011-01-18-00.21.15.210" time="0.673" timestamp="Tue Jan 18 00:21:14 UTC 2011" passed="1" failures="0" errors="0" disabled="0">
<testcase name="query" start="2011-01-18-00.21.14.829" stop="2011-01-18-00.21.15.210" time="0.381">
</testcase>
<system-out/>
<system-err/>
</testsuite>
<testcase name="query" start="2011-01-18-00.21.14.504" stop="2011-01-18-00.21.15.560" time="1.056">
</testcase>
<testcase name="event" start="2011-01-18-00.21.15.687" stop="2011-01-18-00.21.15.927" time="0.24">
<property name="DTFA1.dtf.node.host" value="127.0.0.1" />
<property name="DTFA1.dtf.tunneled" value="false" />
<property name="DTFA1.dtf.os.name" value="Linux" />
<property name="DTFA1.dtf.debug.port" value="40002" />
<property name="DTFA1.dtf.os.version" value="2.6.32-305-ec2" />
<property name="DTFA1.dtf.node.user" value="dtftest" />
<property name="DTFA1.dtf.os.arch" value="i386" />
<property name="DTFA1.node.id" value="2" />
<property name="DTFA1.dtf.node.home" value="/home/dtftest/build/dtf/build/dtf/dist" />
<property name="DTFA1.dtf.node.type" value="dtfa" />
</testcase>
<testcase name="event_visibility" start="2011-01-18-00.21.16.032" stop="2011-01-18-00.21.16.146" time="0.114">
<property name="C1.dtf.debug.port" value="40001" />
<property name="C1.node.id" value="3" />
<property name="C1.dtf.tunneled" value="false" />
<property name="C1.dtf.os.version" value="2.6.32-305-ec2" />
<property name="C1.dtf.node.host" value="127.0.0.1" />
<property name="C1.dtf.os.name" value="Linux" />
<property name="C1.dtf.node.user" value="dtftest" />
<property name="C1.dtf.node.home" value="/home/dtftest/build/dtf/build/dtf/dist" />
<property name="C1.dtf.node.type" value="dtfa" />
<property name="C1.dtf.os.arch" value="i386" />
</testcase>
<testcase name="compare" start="2011-01-18-00.21.16.398" stop="2011-01-18-00.21.16.500" time="0.102">
</testcase>
<testcase name="filter" start="2011-01-18-00.21.16.611" stop="2011-01-18-00.21.16.848" time="0.237">
</testcase>
<testcase name="sort" start="2011-01-18-00.21.16.948" stop="2011-01-18-00.21.17.159" time="0.211">
</testcase>
<testsuite name="dtf.testsuite1" classname="dtf.testsuite1" tests="13" start="2011-01-18-00.21.17.269" stop="2011-01-18-00.21.18.056" time="0.787" timestamp="Tue Jan 18 00:21:17 UTC 2011" passed="13" failures="0" errors="0" disabled="0">
<testcase name="donothing" start="2011-01-18-00.21.17.371" stop="2011-01-18-00.21.17.371" time="0.0">
</testcase>
<testcase name="testcase1" start="2011-01-18-00.21.17.323" stop="2011-01-18-00.21.17.372" time="0.049">
</testcase>
<testcase name="donothing" start="2011-01-18-00.21.17.493" stop="2011-01-18-00.21.17.493" time="0.0">
</testcase>
<testcase name="testcase2" start="2011-01-18-00.21.17.448" stop="2011-01-18-00.21.17.494" time="0.046">
</testcase>
<testcase name="donothing" start="2011-01-18-00.21.17.611" stop="2011-01-18-00.21.17.611" time="0.0">
</testcase>
<testcase name="testcase3" start="2011-01-18-00.21.17.567" stop="2011-01-18-00.21.17.613" time="0.046">
</testcase>
<testsuite name="dtf.testsuite2" classname="dtf.testsuite2" tests="6" start="2011-01-18-00.21.17.694" stop="2011-01-18-00.21.18.056" time="0.362" timestamp="Tue Jan 18 00:21:17 UTC 2011" passed="6" failures="0" errors="0" disabled="0">
<testcase name="donothing" start="2011-01-18-00.21.17.819" stop="2011-01-18-00.21.17.819" time="0.0">
</testcase>
<testcase name="testcase3" start="2011-01-18-00.21.17.770" stop="2011-01-18-00.21.17.821" time="0.051">
</testcase>
<testcase name="donothing" start="2011-01-18-00.21.17.931" stop="2011-01-18-00.21.17.931" time="0.0">
</testcase>
<testcase name="testcase-sub2" start="2011-01-18-00.21.17.898" stop="2011-01-18-00.21.17.933" time="0.035">
</testcase>
<testcase name="donothing" start="2011-01-18-00.21.18.055" stop="2011-01-18-00.21.18.055" time="0.0">
</testcase>
<testcase name="testcase-sub3" start="2011-01-18-00.21.17.999" stop="2011-01-18-00.21.18.056" time="0.057">
</testcase>
<system-out/>
<system-err/>
</testsuite>
<testcase name="testsuite-sub" start="2011-01-18-00.21.17.693" stop="2011-01-18-00.21.18.056" time="0.363">
</testcase>
<system-out/>
<system-err/>
</testsuite>
<testcase name="testsuite" start="2011-01-18-00.21.17.268" stop="2011-01-18-00.21.18.061" time="0.793">
</testcase>
<testsuite name="dtf.results" classname="dtf.results" tests="13" start="2011-01-18-00.21.18.161" stop="2011-01-18-00.21.18.950" time="0.789" timestamp="Tue Jan 18 00:21:18 UTC 2011" passed="13" failures="0" errors="0" disabled="0">
<testcase name="donothing" start="2011-01-18-00.21.18.273" stop="2011-01-18-00.21.18.273" time="0.0">
</testcase>
<testcase name="testcase1" start="2011-01-18-00.21.18.240" stop="2011-01-18-00.21.18.274" time="0.034">
</testcase>
<testcase name="donothing" start="2011-01-18-00.21.18.395" stop="2011-01-18-00.21.18.395" time="0.0">
</testcase>
<testcase name="testcase2" start="2011-01-18-00.21.18.333" stop="2011-01-18-00.21.18.396" time="0.063">
</testcase>
<testcase name="donothing" start="2011-01-18-00.21.18.499" stop="2011-01-18-00.21.18.499" time="0.0">
</testcase>
<testcase name="testcase3" start="2011-01-18-00.21.18.462" stop="2011-01-18-00.21.18.500" time="0.038">
</testcase>
<testsuite name="dtf.testsuite2" classname="dtf.testsuite2" tests="6" start="2011-01-18-00.21.18.580" stop="2011-01-18-00.21.18.950" time="0.37" timestamp="Tue Jan 18 00:21:18 UTC 2011" passed="6" failures="0" errors="0" disabled="0">
<testcase name="donothing" start="2011-01-18-00.21.18.694" stop="2011-01-18-00.21.18.694" time="0.0">
</testcase>
<testcase name="testcase3" start="2011-01-18-00.21.18.655" stop="2011-01-18-00.21.18.705" time="0.05">
</testcase>
<testcase name="donothing" start="2011-01-18-00.21.18.832" stop="2011-01-18-00.21.18.832" time="0.0">
</testcase>
<testcase name="testcase-sub2" start="2011-01-18-00.21.18.771" stop="2011-01-18-00.21.18.847" time="0.076">
</testcase>
<testcase name="donothing" start="2011-01-18-00.21.18.949" stop="2011-01-18-00.21.18.949" time="0.0">
</testcase>
<testcase name="testcase-sub3" start="2011-01-18-00.21.18.903" stop="2011-01-18-00.21.18.950" time="0.047">
</testcase>
<system-out/>
<system-err/>
</testsuite>
<testcase name="testsuite-sub" start="2011-01-18-00.21.18.580" stop="2011-01-18-00.21.18.950" time="0.37">
</testcase>
<system-out/>
<system-err/>
</testsuite>
<testsuite name="dtf.results" classname="dtf.results" tests="13" start="2011-01-18-00.21.18.975" stop="2011-01-18-00.21.19.780" time="0.805" timestamp="Tue Jan 18 00:21:18 UTC 2011" passed="13" failures="0" errors="0" disabled="0">
<testcase name="donothing" start="2011-01-18-00.21.19.086" stop="2011-01-18-00.21.19.086" time="0.0">
</testcase>
<testcase name="testcase3" start="2011-01-18-00.21.19.060" stop="2011-01-18-00.21.19.105" time="0.045">
</testcase>
<testcase name="donothing" start="2011-01-18-00.21.19.207" stop="2011-01-18-00.21.19.207" time="0.0">
</testcase>
<testcase name="testcase2" start="2011-01-18-00.21.19.168" stop="2011-01-18-00.21.19.214" time="0.046">
</testcase>
<testcase name="donothing" start="2011-01-18-00.21.19.345" stop="2011-01-18-00.21.19.345" time="0.0">
</testcase>
<testcase name="testcase3" start="2011-01-18-00.21.19.296" stop="2011-01-18-00.21.19.346" time="0.05">
</testcase>
<testsuite name="dtf.testsuite2" classname="dtf.testsuite2" tests="6" start="2011-01-18-00.21.19.426" stop="2011-01-18-00.21.19.780" time="0.354" timestamp="Tue Jan 18 00:21:19 UTC 2011" passed="6" failures="0" errors="0" disabled="0">
<testcase name="donothing" start="2011-01-18-00.21.19.507" stop="2011-01-18-00.21.19.507" time="0.0">
</testcase>
<testcase name="testcase3" start="2011-01-18-00.21.19.452" stop="2011-01-18-00.21.19.508" time="0.056">
</testcase>
<testcase name="donothing" start="2011-01-18-00.21.19.644" stop="2011-01-18-00.21.19.644" time="0.0">
</testcase>
<testcase name="testcase-sub2" start="2011-01-18-00.21.19.573" stop="2011-01-18-00.21.19.685" time="0.112">
</testcase>
<testcase name="donothing" start="2011-01-18-00.21.19.779" stop="2011-01-18-00.21.19.779" time="0.0">
</testcase>
<testcase name="testcase-sub3" start="2011-01-18-00.21.19.711" stop="2011-01-18-00.21.19.780" time="0.069">
</testcase>
<system-out/>
<system-err/>
</testsuite>
<testcase name="testsuite-sub" start="2011-01-18-00.21.19.426" stop="2011-01-18-00.21.19.780" time="0.354">
</testcase>
<system-out/>
<system-err/>
</testsuite>
<testsuite name="dtf.results" classname="dtf.results" tests="13" start="2011-01-18-00.21.19.782" stop="2011-01-18-00.21.20.553" time="0.771" timestamp="Tue Jan 18 00:21:19 UTC 2011" passed="13" failures="0" errors="0" disabled="0">
<testcase name="donothing" start="2011-01-18-00.21.19.868" stop="2011-01-18-00.21.19.868" time="0.0">
</testcase>
<testcase name="testcase3" start="2011-01-18-00.21.19.853" stop="2011-01-18-00.21.19.869" time="0.016">
</testcase>
<testcase name="donothing" start="2011-01-18-00.21.20.001" stop="2011-01-18-00.21.20.001" time="0.0">
</testcase>
<testcase name="testcase2" start="2011-01-18-00.21.19.945" stop="2011-01-18-00.21.20.001" time="0.056">
</testcase>
<testcase name="donothing" start="2011-01-18-00.21.20.095" stop="2011-01-18-00.21.20.095" time="0.0">
</testcase>
<testcase name="testcase3" start="2011-01-18-00.21.20.079" stop="2011-01-18-00.21.20.096" time="0.017">
</testcase>
<testsuite name="dtf.testsuite2" classname="dtf.testsuite2" tests="6" start="2011-01-18-00.21.20.206" stop="2011-01-18-00.21.20.553" time="0.347" timestamp="Tue Jan 18 00:21:20 UTC 2011" passed="6" failures="0" errors="0" disabled="0">
<testcase name="donothing" start="2011-01-18-00.21.20.285" stop="2011-01-18-00.21.20.285" time="0.0">
</testcase>
<testcase name="testcase3" start="2011-01-18-00.21.20.270" stop="2011-01-18-00.21.20.288" time="0.018">
</testcase>
<testcase name="donothing" start="2011-01-18-00.21.20.433" stop="2011-01-18-00.21.20.433" time="0.0">
</testcase>
<testcase name="testcase-sub2" start="2011-01-18-00.21.20.362" stop="2011-01-18-00.21.20.434" time="0.072">
</testcase>
<testcase name="donothing" start="2011-01-18-00.21.20.516" stop="2011-01-18-00.21.20.516" time="0.0">
</testcase>
<testcase name="testcase-sub3" start="2011-01-18-00.21.20.500" stop="2011-01-18-00.21.20.553" time="0.053">
</testcase>
<system-out/>
<system-err/>
</testsuite>
<testcase name="testsuite-sub" start="2011-01-18-00.21.20.205" stop="2011-01-18-00.21.20.553" time="0.348">
</testcase>
<system-out/>
<system-err/>
</testsuite>
<testcase name="donothing" start="2011-01-18-00.21.20.662" stop="2011-01-18-00.21.20.662" time="0.0">
</testcase>
<testcase name="testcase1" start="2011-01-18-00.21.20.646" stop="2011-01-18-00.21.20.663" time="0.017">
</testcase>
<testcase name="donothing" start="2011-01-18-00.21.20.818" stop="2011-01-18-00.21.20.818" time="0.0">
</testcase>
<testcase name="testcase1" start="2011-01-18-00.21.20.749" stop="2011-01-18-00.21.20.847" time="0.098">
</testcase>
<testcase name="results" start="2011-01-18-00.21.18.159" stop="2011-01-18-00.21.20.848" time="2.689">
</testcase>
<testsuite name="dtf.concurrent_suite" classname="dtf.concurrent_suite" tests="10" start="2011-01-18-00.21.20.929" stop="2011-01-18-00.21.21.408" time="0.479" timestamp="Tue Jan 18 00:21:20 UTC 2011" passed="10" failures="0" errors="0" disabled="0">
<testcase name="echo" start="2011-01-18-00.21.21.056" stop="2011-01-18-00.21.21.056" time="0.0">
</testcase>
<testcase name="echo" start="2011-01-18-00.21.21.137" stop="2011-01-18-00.21.21.137" time="0.0">
</testcase>
<testcase name="echo" start="2011-01-18-00.21.21.062" stop="2011-01-18-00.21.21.062" time="0.0">
</testcase>
<testcase name="echo" start="2011-01-18-00.21.21.149" stop="2011-01-18-00.21.21.149" time="0.0">
</testcase>
<testcase name="echo" start="2011-01-18-00.21.21.154" stop="2011-01-18-00.21.21.154" time="0.0">
</testcase>
<testcase name="echo" start="2011-01-18-00.21.21.267" stop="2011-01-18-00.21.21.267" time="0.0">
</testcase>
<testcase name="echo" start="2011-01-18-00.21.21.333" stop="2011-01-18-00.21.21.333" time="0.0">
</testcase>
<testcase name="echo" start="2011-01-18-00.21.21.367" stop="2011-01-18-00.21.21.367" time="0.0">
</testcase>
<testcase name="echo" start="2011-01-18-00.21.21.401" stop="2011-01-18-00.21.21.401" time="0.0">
</testcase>
<testcase name="echo" start="2011-01-18-00.21.21.408" stop="2011-01-18-00.21.21.408" time="0.0">
</testcase>
<system-out/>
<system-err/>
</testsuite>
<testcase name="concurrent_suite" start="2011-01-18-00.21.20.927" stop="2011-01-18-00.21.21.411" time="0.484">
</testcase>
<testcase name="stats" start="2011-01-18-00.21.21.576" stop="2011-01-18-00.21.21.737" time="0.161">
</testcase>
<testcase name="file" start="2011-01-18-00.21.21.849" stop="2011-01-18-00.21.22.609" time="0.76">
<property name="DTFA1.dtf.node.host" value="127.0.0.1" />
<property name="DTFA1.dtf.tunneled" value="false" />
<property name="DTFA1.dtf.os.name" value="Linux" />
<property name="DTFA1.dtf.debug.port" value="40003" />
<property name="DTFA1.dtf.os.version" value="2.6.32-305-ec2" />
<property name="DTFA1.dtf.node.user" value="dtftest" />
<property name="DTFA1.dtf.os.arch" value="i386" />
<property name="DTFA1.node.id" value="1" />
<property name="DTFA1.dtf.node.home" value="/home/dtftest/build/dtf/build/dtf/dist" />
<property name="DTFA1.dtf.node.type" value="dtfa" />
</testcase>
<testcase name="http" start="2011-01-18-00.21.23.042" stop="2011-01-18-00.21.23.567" time="0.525">
</testcase>
<testcase name="http_server" start="2011-01-18-00.21.23.846" stop="2011-01-18-00.21.25.702" time="1.856">
</testcase>
<testcase name="http_cleanup_test" start="2011-01-18-00.21.25.791" stop="2011-01-18-00.21.26.655" time="0.864">
<property name="C1.dtf.node.type" value="dtfa" />
<property name="C2.dtf.debug.port" value="40002" />
<property name="C2.dtf.node.type" value="dtfa" />
<property name="C1.dtf.tunneled" value="false" />
<property name="C2.node.id" value="2" />
<property name="C2.dtf.tunneled" value="false" />
<property name="C2.dtf.os.version" value="2.6.32-305-ec2" />
<property name="C1.node.id" value="3" />
<property name="C1.dtf.debug.port" value="40001" />
<property name="C1.dtf.node.host" value="127.0.0.1" />
<property name="C2.dtf.node.host" value="127.0.0.1" />
<property name="C1.dtf.os.arch" value="i386" />
<property name="C1.dtf.os.name" value="Linux" />
<property name="C1.dtf.node.home" value="/home/dtftest/build/dtf/build/dtf/dist" />
<property name="C2.dtf.os.arch" value="i386" />
<property name="C2.dtf.os.name" value="Linux" />
<property name="C2.dtf.node.home" value="/home/dtftest/build/dtf/build/dtf/dist" />
<property name="C1.dtf.node.user" value="dtftest" />
<property name="C1.dtf.os.version" value="2.6.32-305-ec2" />
<property name="C2.dtf.node.user" value="dtftest" />
</testcase>
<testcase name="string_manipulation" start="2011-01-18-00.21.26.860" stop="2011-01-18-00.21.26.861" time="0.0010">
</testcase>
<testcase name="string_transform" start="2011-01-18-00.21.26.971" stop="2011-01-18-00.21.26.972" time="0.0010">
</testcase>
<testcase name="convert" start="2011-01-18-00.21.27.075" stop="2011-01-18-00.21.27.156" time="0.081">
</testcase>
<testcase name="arithmetic" start="2011-01-18-00.21.27.393" stop="2011-01-18-00.21.27.395" time="0.0020">
</testcase>
<testcase name="random" start="2011-01-18-00.21.27.526" stop="2011-01-18-00.21.27.787" time="0.261">
</testcase>
<testcase name="monitor" start="2011-01-18-00.21.27.971" stop="2011-01-18-00.21.28.133" time="0.162">
<property name="AGENT1.dtf.os.arch" value="i386" />
<property name="AGENT1.dtf.tunneled" value="false" />
<property name="AGENT1.dtf.node.home" value="/home/dtftest/build/dtf/build/dtf/dist" />
<property name="AGENT1.dtf.node.type" value="dtfa" />
<property name="AGENT1.node.id" value="1" />
<property name="AGENT1.dtf.node.host" value="127.0.0.1" />
<property name="AGENT1.dtf.os.name" value="Linux" />
<property name="AGENT1.dtf.debug.port" value="40003" />
<property name="AGENT1.dtf.os.version" value="2.6.32-305-ec2" />
<property name="AGENT1.dtf.node.user" value="dtftest" />
</testcase>
<testcase name="diff" start="2011-01-18-00.21.28.285" stop="2011-01-18-00.21.28.310" time="0.025">
</testcase>
<testcase name="xml_xpath" start="2011-01-18-00.21.28.443" stop="2011-01-18-00.21.28.494" time="0.051">
</testcase>
<testcase name="xml_dynamic" start="2011-01-18-00.21.28.566" stop="2011-01-18-00.21.28.567" time="0.0010">
</testcase>
<testcase name="json_transform" start="2011-01-18-00.21.28.659" stop="2011-01-18-00.21.28.665" time="0.0060">
</testcase>
<testcase name="stream" start="2011-01-18-00.21.28.810" stop="2011-01-18-00.21.31.518" time="2.708">
</testcase>
<testcase name="assertions" start="2011-01-18-00.21.31.706" stop="2011-01-18-00.21.31.727" time="0.021">
</testcase>
<testcase name="encoding" start="2011-01-18-00.21.31.835" stop="2011-01-18-00.21.31.838" time="0.0030">
</testcase>
<testcase name="special_characters" start="2011-01-18-00.21.31.923" stop="2011-01-18-00.21.31.924" time="0.0010">
</testcase>
<testsuite name="dtf.dummy" classname="dtf.dummy" tests="1" start="2011-01-18-00.21.32.052" stop="2011-01-18-00.21.32.293" time="0.241" timestamp="Tue Jan 18 00:21:32 UTC 2011" passed="1" failures="0" errors="0" disabled="0">
<testcase name="occupy_component" start="2011-01-18-00.21.32.128" stop="2011-01-18-00.21.32.290" time="0.162">
<property name="C1.dtf.debug.port" value="40003" />
<property name="C1.node.id" value="1" />
<property name="C1.dtf.tunneled" value="false" />
<property name="C1.dtf.os.version" value="2.6.32-305-ec2" />
<property name="C1.dtf.node.host" value="127.0.0.1" />
<property name="C1.dtf.os.name" value="Linux" />
<property name="C1.dtf.node.user" value="dtftest" />
<property name="C1.dtf.node.home" value="/home/dtftest/build/dtf/build/dtf/dist" />
<property name="C1.dtf.node.type" value="dtfa" />
<property name="C1.dtf.os.arch" value="i386" />
</testcase>
<system-out/>
<system-err/>
</testsuite>
<testsuite name="dtf.dummy" classname="dtf.dummy" tests="1" start="2011-01-18-00.21.33.251" stop="2011-01-18-00.21.33.484" time="0.233" timestamp="Tue Jan 18 00:21:33 UTC 2011" passed="1" failures="0" errors="0" disabled="0">
<property name="C1.dtf.node.type" value="dtfa" />
<property name="C2.dtf.debug.port" value="40002" />
<property name="C2.dtf.node.type" value="dtfa" />
<property name="C1.dtf.tunneled" value="false" />
<property name="C2.node.id" value="2" />
<property name="C2.dtf.tunneled" value="false" />
<property name="C2.dtf.os.version" value="2.6.32-305-ec2" />
<property name="C1.node.id" value="1" />
<property name="C1.dtf.debug.port" value="40003" />
<property name="C1.dtf.node.host" value="127.0.0.1" />
<property name="C2.dtf.node.host" value="127.0.0.1" />
<property name="C1.dtf.os.arch" value="i386" />
<property name="C1.dtf.os.name" value="Linux" />
<property name="C1.dtf.node.home" value="/home/dtftest/build/dtf/build/dtf/dist" />
<property name="C2.dtf.os.arch" value="i386" />
<property name="C2.dtf.os.name" value="Linux" />
<property name="C2.dtf.node.home" value="/home/dtftest/build/dtf/build/dtf/dist" />
<property name="C1.dtf.node.user" value="dtftest" />
<property name="C1.dtf.os.version" value="2.6.32-305-ec2" />
<property name="C2.dtf.node.user" value="dtftest" />
<testcase name="occupy_component" start="2011-01-18-00.21.33.328" stop="2011-01-18-00.21.33.479" time="0.151">
<property name="C1.dtf.debug.port" value="40001" />
<property name="C1.node.id" value="3" />
<property name="C1.dtf.tunneled" value="false" />
<property name="C1.dtf.os.version" value="2.6.32-305-ec2" />
<property name="C1.dtf.node.host" value="127.0.0.1" />
<property name="C1.dtf.os.name" value="Linux" />
<property name="C1.dtf.node.user" value="dtftest" />
<property name="C1.dtf.node.home" value="/home/dtftest/build/dtf/build/dtf/dist" />
<property name="C1.dtf.node.type" value="dtfa" />
<property name="C1.dtf.os.arch" value="i386" />
</testcase>
<system-out/>
<system-err/>
</testsuite>
<testcase name="testscript_component_complex" start="2011-01-18-00.21.32.051" stop="2011-01-18-00.21.33.516" time="1.465">
</testcase>
<testcase name="rendezvous" start="2011-01-18-00.21.33.712" stop="2011-01-18-00.21.33.831" time="0.119">
</testcase>
<testcase name="rendezvous_complex" start="2011-01-18-00.21.34.117" stop="2011-01-18-00.21.36.216" time="2.099">
<property name="C1.dtf.node.type" value="dtfa" />
<property name="C2.dtf.debug.port" value="40003" />
<property name="C2.dtf.node.type" value="dtfa" />
<property name="C1.dtf.tunneled" value="false" />
<property name="C2.node.id" value="1" />
<property name="C2.dtf.tunneled" value="false" />
<property name="C2.dtf.os.version" value="2.6.32-305-ec2" />
<property name="C1.node.id" value="2" />
<property name="C1.dtf.debug.port" value="40002" />
<property name="C1.dtf.node.host" value="127.0.0.1" />
<property name="C2.dtf.node.host" value="127.0.0.1" />
<property name="C1.dtf.os.arch" value="i386" />
<property name="C1.dtf.os.name" value="Linux" />
<property name="C1.dtf.node.home" value="/home/dtftest/build/dtf/build/dtf/dist" />
<property name="C2.dtf.os.arch" value="i386" />
<property name="C2.dtf.os.name" value="Linux" />
<property name="C2.dtf.node.home" value="/home/dtftest/build/dtf/build/dtf/dist" />
<property name="C1.dtf.node.user" value="dtftest" />
<property name="C1.dtf.os.version" value="2.6.32-305-ec2" />
<property name="C2.dtf.node.user" value="dtftest" />
</testcase>
<testcase name="share" start="2011-01-18-00.21.36.587" stop="2011-01-18-00.21.37.092" time="0.505">
<property name="CONSUMER.dtf.node.user" value="dtftest" />
<property name="PRODUCER.dtf.os.version" value="2.6.32-305-ec2" />
<property name="PRODUCER.dtf.node.home" value="/home/dtftest/build/dtf/build/dtf/dist" />
<property name="CONSUMER.dtf.node.type" value="dtfa" />
<property name="CONSUMER.dtf.os.version" value="2.6.32-305-ec2" />
<property name="CONSUMER.dtf.tunneled" value="false" />
<property name="PRODUCER.dtf.node.user" value="dtftest" />
<property name="PRODUCER.dtf.debug.port" value="40003" />
<property name="CONSUMER.node.id" value="2" />
<property name="PRODUCER.dtf.node.type" value="dtfa" />
<property name="CONSUMER.dtf.debug.port" value="40002" />
<property name="CONSUMER.dtf.node.host" value="127.0.0.1" />
<property name="PRODUCER.node.id" value="1" />
<property name="PRODUCER.dtf.tunneled" value="false" />
<property name="PRODUCER.dtf.os.name" value="Linux" />
<property name="PRODUCER.dtf.os.arch" value="i386" />
<property name="PRODUCER.dtf.node.host" value="127.0.0.1" />
<property name="CONSUMER.dtf.node.home" value="/home/dtftest/build/dtf/build/dtf/dist" />
<property name="CONSUMER.dtf.os.arch" value="i386" />
<property name="CONSUMER.dtf.os.name" value="Linux" />
</testcase>
<testcase name="share_complex" start="2011-01-18-00.21.37.350" stop="2011-01-18-00.21.38.067" time="0.717">
<property name="C1.dtf.node.type" value="dtfa" />
<property name="C2.dtf.debug.port" value="40003" />
<property name="C2.dtf.node.type" value="dtfa" />
<property name="C1.dtf.tunneled" value="false" />
<property name="C2.node.id" value="1" />
<property name="C2.dtf.tunneled" value="false" />
<property name="C2.dtf.os.version" value="2.6.32-305-ec2" />
<property name="C1.node.id" value="2" />
<property name="C1.dtf.debug.port" value="40002" />
<property name="C1.dtf.node.host" value="127.0.0.1" />
<property name="C2.dtf.node.host" value="127.0.0.1" />
<property name="C1.dtf.os.arch" value="i386" />
<property name="C1.dtf.os.name" value="Linux" />
<property name="C1.dtf.node.home" value="/home/dtftest/build/dtf/build/dtf/dist" />
<property name="C2.dtf.os.arch" value="i386" />
<property name="C2.dtf.os.name" value="Linux" />
<property name="C2.dtf.node.home" value="/home/dtftest/build/dtf/build/dtf/dist" />
<property name="C1.dtf.node.user" value="dtftest" />
<property name="C1.dtf.os.version" value="2.6.32-305-ec2" />
<property name="C2.dtf.node.user" value="dtftest" />
</testcase>
<testcase name="scanf" start="2011-01-18-00.21.38.219" stop="2011-01-18-00.21.38.343" time="0.124">
</testcase>
<testcase name="printf" start="2011-01-18-00.21.38.441" stop="2011-01-18-00.21.38.454" time="0.013">
</testcase>
<testcase name="read_image" start="2011-01-18-00.21.38.533" stop="2011-01-18-00.21.38.536" time="0.0030">
</testcase>
<system-out><![CDATA[
INFO  18/01/2011 00:20:50 Testsuite       - Starting unittests
INFO  18/01/2011 00:20:50 Testscript      - Executing storage://INPUT/state_management.xml
INFO  18/01/2011 00:20:50 Rename          - Node name is dtfx-3
INFO  18/01/2011 00:20:50 Lockcomponent   - Locked dtfa-0 as DTFA1
WARN  18/01/2011 00:20:50 DTFInputStream  - Using a DTFStream as a String that is 5242880 bytes can be quite inefficient. There are better ways of streaming large amounts of data in DTF.
INFO  18/01/2011 00:20:54 Testscript      - Executing storage://INPUT/storage.xml
INFO  18/01/2011 00:20:54 Testscript      - Executing storage://INPUT/echo.xml
INFO  18/01/2011 00:20:54 Rename          - Node name is dtfx-4
INFO  18/01/2011 00:20:54 Lockcomponent   - Locked dtfa-1 as DTFA1
INFO  18/01/2011 00:20:54 Echo            - a : b : c
INFO  18/01/2011 00:20:54 Testscript      - Executing storage://INPUT/sleep.xml
INFO  18/01/2011 00:20:55 Rename          - Node name is dtfx-5
INFO  18/01/2011 00:20:55 Lockcomponent   - Locked dtfa-2 as C1
INFO  18/01/2011 00:20:55 Testscript      - Executing storage://INPUT/loadproperties.xml
INFO  18/01/2011 00:20:55 Echo            - The previous loadproperties should succeed.
INFO  18/01/2011 00:20:55 Echo            - dtf.test.property1 = property value1
INFO  18/01/2011 00:20:55 Testscript      - Executing storage://INPUT/property_resolution.xml
INFO  18/01/2011 00:20:55 Rename          - Node name is dtfx-6
INFO  18/01/2011 00:20:55 Lockcomponent   - Locked dtfa-0 as DTFA1
INFO  18/01/2011 00:20:56 Testscript      - Executing storage://INPUT/property.xml
INFO  18/01/2011 00:20:56 Echo            - value1
INFO  18/01/2011 00:20:56 Echo            - {
	"ydht": {  
    	"fields": { 
            "hello": { "value": "world2" }, 
            "somearray1": {  
                "value" : {
                    "v1": { "value": 1 }, 
                    "v2": { "value": 2 }, 
                    "v3": { "value": 3 } 
            	}
            }
        }
    }
}

INFO  18/01/2011 00:20:56 Echo            - 
        Contents of the property come from the child text node like this one,
        which will continue to look just like this in the property itself.
        
        test1: value1
        
INFO  18/01/2011 00:20:56 Log             - Data matches!
INFO  18/01/2011 00:20:56 Log             - Caught property recursion correctly.
INFO  18/01/2011 00:20:56 Log             - Caught nested property recursion correctly.
INFO  18/01/2011 00:20:56 Log             - value2value2value2
INFO  18/01/2011 00:20:56 Testscript      - Executing storage://INPUT/cat.xml
INFO  18/01/2011 00:20:56 Log             - Caught exception correctly [Unable to find storage: CACA at tests/ut/cat.xml:51:10]
INFO  18/01/2011 00:20:56 Testscript      - Executing storage://INPUT/log.xml
INFO  18/01/2011 00:20:56 Log             - Just testing the logging functionality
INFO  18/01/2011 00:20:56 Log             - INFO INFO INFO
ERROR 18/01/2011 00:20:56 Log             - ERROR ERROR ERROR
WARN  18/01/2011 00:20:56 Log             - WARNING WARNING WARNING
INFO  18/01/2011 00:20:56 Log             - INFO with tag TESTING
ERROR 18/01/2011 00:20:56 Log             - ERROR with tag TESTING
WARN  18/01/2011 00:20:56 Log             - WARNING with tag TESTING
INFO  18/01/2011 00:20:56 Testscript      - Executing storage://INPUT/for.xml
INFO  18/01/2011 00:20:56 Import          - Importing elements from Import {uri=storage://INPUT/util.xml}
INFO  18/01/2011 00:20:57 Testscript      - Executing storage://INPUT/parallel.xml
INFO  18/01/2011 00:20:57 Testscript      - Executing storage://INPUT/parallelloop.xml
INFO  18/01/2011 00:20:57 Testscript      - Executing storage://INPUT/sequence.xml
INFO  18/01/2011 00:20:57 Echo            - HERE
INFO  18/01/2011 00:20:57 Echo            - HERE
INFO  18/01/2011 00:20:57 Testscript      - Executing storage://INPUT/timer.xml
INFO  18/01/2011 00:20:57 Timer           - Timer took 107ms of 100ms.
INFO  18/01/2011 00:20:57 Testscript      - Executing storage://INPUT/switch.xml
INFO  18/01/2011 00:20:57 Import          - Importing elements from Import {uri=storage://INPUT/util.xml}
INFO  18/01/2011 00:20:58 Log             - Switch case #1
INFO  18/01/2011 00:20:58 Log             - Switch case #2
INFO  18/01/2011 00:20:58 Log             - Looped through switch and function call correctly.
INFO  18/01/2011 00:20:58 Log             - Switch case #2
INFO  18/01/2011 00:20:58 Log             - Looped through switch and function call correctly.
INFO  18/01/2011 00:20:58 Log             - Looped through switch and function call correctly.
INFO  18/01/2011 00:20:58 Log             - Switch went into the failure case correctly.
INFO  18/01/2011 00:20:58 Testscript      - Executing storage://INPUT/while.xml
INFO  18/01/2011 00:20:58 Log             - Thread 1 is starting.
INFO  18/01/2011 00:20:58 Log             - Thread 2 is starting.
INFO  18/01/2011 00:20:58 Log             - Thread 2 is done.
INFO  18/01/2011 00:20:58 Log             - Thread 1 is done.
INFO  18/01/2011 00:20:58 Testscript      - Executing storage://INPUT/break.xml
INFO  18/01/2011 00:20:58 Rename          - Node name is dtfx-7
INFO  18/01/2011 00:20:58 Lockcomponent   - Locked dtfa-1 as C1
INFO  18/01/2011 00:20:58 Timer           - Timer took 0ms of 30000ms.
INFO  18/01/2011 00:20:58 Testscript      - Executing storage://INPUT/try_catch_fail.xml
INFO  18/01/2011 00:20:58 Rename          - Node name is dtfx-8
INFO  18/01/2011 00:20:58 Lockcomponent   - Locked dtfa-2 as DTFA1
INFO  18/01/2011 00:20:58 Echo            - Try/Catch and Fail Unit Test
INFO  18/01/2011 00:20:58 Echo            - The previous statement has failed correctly.
INFO  18/01/2011 00:20:58 Echo            - Caught the exception on outter try/catch.
INFO  18/01/2011 00:20:58 Echo            - Message: Failure should be caught by catch. at tests/ut/try_catch_fail.xml:40:77
INFO  18/01/2011 00:20:59 Echo            - Caught exception from remote component.
INFO  18/01/2011 00:20:59 Echo            - Message: Failing on component at tests/ut/try_catch_fail.xml:66:46 on component [DTFA1]
INFO  18/01/2011 00:20:59 Testscript      - Executing storage://INPUT/fail.xml
INFO  18/01/2011 00:20:59 Rename          - Node name is dtfx-9
INFO  18/01/2011 00:20:59 Lockcomponent   - Locked dtfa-0 as DTFA
INFO  18/01/2011 00:20:59 Testscript      - Executing storage://INPUT/distribute.xml
INFO  18/01/2011 00:21:00 Testscript      - Executing storage://INPUT/choices.xml
INFO  18/01/2011 00:21:00 Import          - Importing elements from Import {uri=storage://INPUT/util.xml}
INFO  18/01/2011 00:21:01 Testscript      - Executing storage://INPUT/if.xml
INFO  18/01/2011 00:21:01 Testscript      - Executing storage://INPUT/similar.xml
INFO  18/01/2011 00:21:01 Log             - png: being checked
INFO  18/01/2011 00:21:01 Log             - images are within 100% similarity
INFO  18/01/2011 00:21:01 Log             - gif: being checked
INFO  18/01/2011 00:21:01 Log             - images are within 100% similarity
INFO  18/01/2011 00:21:01 Log             - bmp: being checked
INFO  18/01/2011 00:21:01 Log             - images are within 100% similarity
INFO  18/01/2011 00:21:01 Testscript      - Executing storage://INPUT/createrange.xml
INFO  18/01/2011 00:21:02 Testscript      - Executing storage://INPUT/range.xml
INFO  18/01/2011 00:21:02 Testscript      - Executing storage://INPUT/range_dist.xml
INFO  18/01/2011 00:21:02 Rename          - Node name is dtfx-10
INFO  18/01/2011 00:21:02 Lockcomponent   - Locked dtfa-1 as C1
INFO  18/01/2011 00:21:04 Testscript      - Executing storage://INPUT/xml_range.xml
INFO  18/01/2011 00:21:04 Log             - XPath range validation
INFO  18/01/2011 00:21:04 Log             - XPath range validation on XML with namespace
INFO  18/01/2011 00:21:04 Log             - XPath range validation on XML with default namespace
INFO  18/01/2011 00:21:04 Log             - negative tests
INFO  18/01/2011 00:21:04 Log             - Failed correctly
INFO  18/01/2011 00:21:04 Testscript      - Executing storage://INPUT/json_range.xml
INFO  18/01/2011 00:21:04 Log             - JPath range validation
INFO  18/01/2011 00:21:04 Log             - Negative Tests
INFO  18/01/2011 00:21:04 Log             - Failed correctly
INFO  18/01/2011 00:21:04 Testscript      - Executing storage://INPUT/functions.xml
INFO  18/01/2011 00:21:04 Import          - Importing elements from Import {uri=storage://INPUT/util.xml}
INFO  18/01/2011 00:21:04 Import          - Importing elements from Import {uri=storage://INPUT/functions_util.xml}
WARN  18/01/2011 00:21:04 Function        - Argument [function] not being used by the function [func2]
WARN  18/01/2011 00:21:04 Function        - Argument [function] not being used by the function [func3]
WARN  18/01/2011 00:21:05 Function        - Argument [p3] not being used by the function [functionWithParams]
INFO  18/01/2011 00:21:05 Testscript      - Executing storage://INPUT/import.xml
INFO  18/01/2011 00:21:05 Import          - Importing elements from Import {uri=storage://INPUT/functions_util.xml}
INFO  18/01/2011 00:21:05 Import          - Importing elements from Import {uri=storage://TINPUT/functions.xml}
WARN  18/01/2011 00:21:05 Function        - Argument [function] not being used by the function [func2]
WARN  18/01/2011 00:21:05 Function        - Argument [function] not being used by the function [func3]
INFO  18/01/2011 00:21:05 Import          - Importing elements from Import {uri=storage://INPUT/badxml}
INFO  18/01/2011 00:21:05 Testscript      - Executing storage://INPUT/export.xml
INFO  18/01/2011 00:21:05 Import          - Importing elements from Import {uri=storage://INPUT/export_util.xml}
INFO  18/01/2011 00:21:05 Rename          - Node name is dtfx-11
INFO  18/01/2011 00:21:05 Lockcomponent   - Locked dtfa-2 as DTFA1
INFO  18/01/2011 00:21:06 Log             - Got exception as expected.
INFO  18/01/2011 00:21:06 Testscript      - Executing storage://INPUT/references.xml
INFO  18/01/2011 00:21:06 Import          - Importing elements from Import {uri=storage://INPUT/util.xml}
INFO  18/01/2011 00:21:06 Rename          - Node name is dtfx-12
INFO  18/01/2011 00:21:06 Lockcomponent   - Locked dtfa-0 as DTFA1
INFO  18/01/2011 00:21:06 Testscript      - Executing storage://INPUT/component.xml
INFO  18/01/2011 00:21:06 Rename          - Node name is dtfx-13
INFO  18/01/2011 00:21:06 Lockcomponent   - Locked dtfa-1 as DTFA1
INFO  18/01/2011 00:21:06 Echo            - About to lock a dtfa by name and this will fail.
INFO  18/01/2011 00:21:07 Testscript      - Executing storage://INPUT/lockcomponent.xml
INFO  18/01/2011 00:21:08 Rename          - Node name is dtfx-14
INFO  18/01/2011 00:21:08 Lockcomponent   - Locked dtfa-0 as DTFA3
INFO  18/01/2011 00:21:08 Unlockcomponent - Unlocking dtfa-0
INFO  18/01/2011 00:21:08 Lockcomponent   - Locked dtfa-1 as DTFA2
INFO  18/01/2011 00:21:08 Unlockcomponent - Unlocking dtfa-1
INFO  18/01/2011 00:21:08 Lockcomponent   - Locked dtfa-2 as DTFA1
INFO  18/01/2011 00:21:08 Unlockcomponent - Component unlocked DTFA2
INFO  18/01/2011 00:21:08 Unlockcomponent - Unlocking dtfa-2
INFO  18/01/2011 00:21:08 Unlockcomponent - Component unlocked DTFA3
INFO  18/01/2011 00:21:08 Unlockcomponent - Component unlocked DTFA1
INFO  18/01/2011 00:21:08 Lockcomponent   - Locked dtfa-0 as DTFA1
INFO  18/01/2011 00:21:08 Lockcomponent   - Locked dtfa-1 as DTFA3
INFO  18/01/2011 00:21:08 Lockcomponent   - Locked dtfa-2 as DTFA2
INFO  18/01/2011 00:21:08 Unlockcomponent - Unlocking dtfa-0
INFO  18/01/2011 00:21:08 Unlockcomponent - Component unlocked DTFA1
INFO  18/01/2011 00:21:08 Unlockcomponent - Unlocking dtfa-1
INFO  18/01/2011 00:21:08 Unlockcomponent - Component unlocked DTFA3
INFO  18/01/2011 00:21:08 Lockcomponent   - Locked dtfa-0 as DTFA1
INFO  18/01/2011 00:21:08 Unlockcomponent - Unlocking dtfa-0
INFO  18/01/2011 00:21:08 Lockcomponent   - Locked dtfa-1 as DTFA3
INFO  18/01/2011 00:21:08 Unlockcomponent - Unlocking dtfa-1
INFO  18/01/2011 00:21:08 Unlockcomponent - Component unlocked DTFA1
INFO  18/01/2011 00:21:08 Unlockcomponent - Component unlocked DTFA3
INFO  18/01/2011 00:21:08 Unlockcomponent - Unlocking dtfa-2
INFO  18/01/2011 00:21:08 Unlockcomponent - Component unlocked DTFA2
INFO  18/01/2011 00:21:08 Lockcomponent   - Locked dtfa-2 as DTFA2
INFO  18/01/2011 00:21:08 Unlockcomponent - Unlocking dtfa-2
INFO  18/01/2011 00:21:08 Unlockcomponent - Component unlocked DTFA2
INFO  18/01/2011 00:21:08 Testsuite       - Starting lockcomponent
INFO  18/01/2011 00:21:08 Testscript      - Executing storage://INPUT/occupy_component.xml
INFO  18/01/2011 00:21:08 Testsuite       - Starting lockcomponent
INFO  18/01/2011 00:21:08 Testscript      - Executing storage://INPUT/occupy_component.xml
INFO  18/01/2011 00:21:08 Testsuite       - Starting lockcomponent
INFO  18/01/2011 00:21:08 Testscript      - Executing storage://INPUT/occupy_component.xml
INFO  18/01/2011 00:21:08 Rename          - Node name is dtfx-15
INFO  18/01/2011 00:21:08 Lockcomponent   - Locked dtfa-0 as C1
INFO  18/01/2011 00:21:09 Rename          - Node name is dtfx-16
INFO  18/01/2011 00:21:09 Testsuite       - Starting lockcomponent
INFO  18/01/2011 00:21:09 Testscript      - Executing storage://INPUT/occupy_component.xml
INFO  18/01/2011 00:21:09 Lockcomponent   - Locked dtfa-1 as C1
INFO  18/01/2011 00:21:09 Rename          - Node name is dtfx-17
INFO  18/01/2011 00:21:09 Rename          - Node name is dtfx-18
INFO  18/01/2011 00:21:09 Lockcomponent   - Locked dtfa-2 as C1
INFO  18/01/2011 00:21:09 Lockcomponent   - Locked dtfa-0 as C1
INFO  18/01/2011 00:21:09 Testsuite       - Starting lockcomponent
INFO  18/01/2011 00:21:09 Testscript      - Executing storage://INPUT/occupy_component.xml
INFO  18/01/2011 00:21:09 Testsuite       - Starting lockcomponent
INFO  18/01/2011 00:21:09 Testscript      - Executing storage://INPUT/occupy_component.xml
INFO  18/01/2011 00:21:09 Testsuite       - Starting lockcomponent
INFO  18/01/2011 00:21:09 Testscript      - Executing storage://INPUT/occupy_component.xml
INFO  18/01/2011 00:21:09 Rename          - Node name is dtfx-19
INFO  18/01/2011 00:21:09 Rename          - Node name is dtfx-20
INFO  18/01/2011 00:21:09 Lockcomponent   - Locked dtfa-1 as C1
INFO  18/01/2011 00:21:09 Lockcomponent   - Locked dtfa-0 as C1
INFO  18/01/2011 00:21:09 Rename          - Node name is dtfx-21
INFO  18/01/2011 00:21:09 Lockcomponent   - Locked dtfa-2 as C1
INFO  18/01/2011 00:21:09 Testsuite       - Starting lockcomponent
INFO  18/01/2011 00:21:09 Testscript      - Executing storage://INPUT/occupy_component.xml
INFO  18/01/2011 00:21:09 Testsuite       - Starting lockcomponent
INFO  18/01/2011 00:21:09 Testscript      - Executing storage://INPUT/occupy_component.xml
INFO  18/01/2011 00:21:10 Rename          - Node name is dtfx-22
INFO  18/01/2011 00:21:10 Rename          - Node name is dtfx-23
INFO  18/01/2011 00:21:10 Lockcomponent   - Locked dtfa-2 as C1
INFO  18/01/2011 00:21:10 Lockcomponent   - Locked dtfa-0 as C1
INFO  18/01/2011 00:21:10 Testsuite       - Starting lockcomponent
INFO  18/01/2011 00:21:10 Testscript      - Executing storage://INPUT/parallel_occupy_component.xml
INFO  18/01/2011 00:21:10 Rename          - Node name is dtfx-24
INFO  18/01/2011 00:21:10 Lockcomponent   - Locked dtfa-1 as C3
INFO  18/01/2011 00:21:10 Lockcomponent   - Locked dtfa-0 as C1
INFO  18/01/2011 00:21:10 Lockcomponent   - Locked dtfa-2 as C2
INFO  18/01/2011 00:21:10 Lockcomponent   - Locked dtfa-0 as C1
INFO  18/01/2011 00:21:10 Unlockcomponent - Unlocking dtfa-0
INFO  18/01/2011 00:21:10 Unlockcomponent - Component unlocked C1
INFO  18/01/2011 00:21:10 Testsuite       - Starting lockcomponent
INFO  18/01/2011 00:21:10 Testscript      - Executing storage://INPUT/function_occupy_component.xml
INFO  18/01/2011 00:21:10 Rename          - Node name is dtfx-25
INFO  18/01/2011 00:21:10 Lockcomponent   - Locked dtfa-1 as C1
INFO  18/01/2011 00:21:10 Lockcomponent   - Locked dtfa-2 as C2
INFO  18/01/2011 00:21:10 Lockcomponent   - Locked dtfa-0 as C3
INFO  18/01/2011 00:21:10 Lockcomponent   - Locked dtfa-0 as C1
INFO  18/01/2011 00:21:10 Unlockcomponent - Unlocking dtfa-0
INFO  18/01/2011 00:21:10 Unlockcomponent - Component unlocked C1
INFO  18/01/2011 00:21:10 Testscript      - Executing storage://INPUT/lockgroup.xml
INFO  18/01/2011 00:21:10 Rename          - Node name is dtfx-26
INFO  18/01/2011 00:21:10 Lockcomponent   - Locked dtfa-1 as DTFA1-2
INFO  18/01/2011 00:21:10 Lockcomponent   - Locked dtfa-2 as DTFA2-2
INFO  18/01/2011 00:21:10 Unlockcomponent - Unlocking dtfa-1
INFO  18/01/2011 00:21:10 Unlockcomponent - Component unlocked DTFA1-2
INFO  18/01/2011 00:21:10 Unlockcomponent - Unlocking dtfa-2
INFO  18/01/2011 00:21:11 Unlockcomponent - Component unlocked DTFA2-2
INFO  18/01/2011 00:21:11 Lockcomponent   - Locked dtfa-2 as DTFA1-1
INFO  18/01/2011 00:21:11 Lockcomponent   - Locked dtfa-1 as DTFA2-1
INFO  18/01/2011 00:21:11 Unlockcomponent - Unlocking dtfa-2
INFO  18/01/2011 00:21:11 Unlockcomponent - Component unlocked DTFA1-1
INFO  18/01/2011 00:21:11 Unlockcomponent - Unlocking dtfa-1
INFO  18/01/2011 00:21:11 Unlockcomponent - Component unlocked DTFA2-1
INFO  18/01/2011 00:21:11 Lockcomponent   - Locked dtfa-0 as DTFA1-1
INFO  18/01/2011 00:21:11 Lockcomponent   - Locked dtfa-2 as DTFA2-1
INFO  18/01/2011 00:21:11 Unlockcomponent - Unlocking dtfa-0
INFO  18/01/2011 00:21:11 Unlockcomponent - Component unlocked DTFA1-1
INFO  18/01/2011 00:21:11 Unlockcomponent - Unlocking dtfa-2
INFO  18/01/2011 00:21:11 Unlockcomponent - Component unlocked DTFA2-1
INFO  18/01/2011 00:21:11 Lockcomponent   - Locked dtfa-0 as DTFA1-2
INFO  18/01/2011 00:21:11 Lockcomponent   - Locked dtfa-1 as DTFA2-2
INFO  18/01/2011 00:21:11 Unlockcomponent - Unlocking dtfa-0
INFO  18/01/2011 00:21:11 Unlockcomponent - Component unlocked DTFA1-2
INFO  18/01/2011 00:21:11 Unlockcomponent - Unlocking dtfa-1
INFO  18/01/2011 00:21:11 Unlockcomponent - Component unlocked DTFA2-2
INFO  18/01/2011 00:21:11 Lockcomponent   - Locked dtfa-1 as DTFA1-1
INFO  18/01/2011 00:21:11 Lockcomponent   - Locked dtfa-2 as DTFA2-1
INFO  18/01/2011 00:21:11 Unlockcomponent - Unlocking dtfa-1
INFO  18/01/2011 00:21:11 Unlockcomponent - Component unlocked DTFA1-1
INFO  18/01/2011 00:21:11 Unlockcomponent - Unlocking dtfa-2
INFO  18/01/2011 00:21:11 Unlockcomponent - Component unlocked DTFA2-1
INFO  18/01/2011 00:21:11 Lockcomponent   - Locked dtfa-2 as DTFA1-2
INFO  18/01/2011 00:21:11 Lockcomponent   - Locked dtfa-1 as DTFA2-2
INFO  18/01/2011 00:21:11 Unlockcomponent - Unlocking dtfa-2
INFO  18/01/2011 00:21:11 Unlockcomponent - Component unlocked DTFA1-2
INFO  18/01/2011 00:21:11 Unlockcomponent - Unlocking dtfa-1
INFO  18/01/2011 00:21:11 Unlockcomponent - Component unlocked DTFA2-2
INFO  18/01/2011 00:21:11 Lockcomponent   - Locked dtfa-0 as DTFA1-1
INFO  18/01/2011 00:21:11 Lockcomponent   - Locked dtfa-2 as DTFA2-1
INFO  18/01/2011 00:21:11 Unlockcomponent - Unlocking dtfa-0
INFO  18/01/2011 00:21:11 Unlockcomponent - Component unlocked DTFA1-1
INFO  18/01/2011 00:21:11 Unlockcomponent - Unlocking dtfa-2
INFO  18/01/2011 00:21:11 Unlockcomponent - Component unlocked DTFA2-1
INFO  18/01/2011 00:21:11 Lockcomponent   - Locked dtfa-0 as DTFA1-2
INFO  18/01/2011 00:21:11 Lockcomponent   - Locked dtfa-1 as DTFA2-2
INFO  18/01/2011 00:21:11 Unlockcomponent - Unlocking dtfa-0
INFO  18/01/2011 00:21:11 Unlockcomponent - Component unlocked DTFA1-2
INFO  18/01/2011 00:21:11 Unlockcomponent - Unlocking dtfa-1
INFO  18/01/2011 00:21:11 Unlockcomponent - Component unlocked DTFA2-2
INFO  18/01/2011 00:21:11 Lockcomponent   - Locked dtfa-1 as DTFA1-1
INFO  18/01/2011 00:21:11 Lockcomponent   - Locked dtfa-2 as DTFA2-1
INFO  18/01/2011 00:21:11 Unlockcomponent - Unlocking dtfa-1
INFO  18/01/2011 00:21:11 Unlockcomponent - Component unlocked DTFA1-1
INFO  18/01/2011 00:21:11 Unlockcomponent - Unlocking dtfa-2
INFO  18/01/2011 00:21:11 Unlockcomponent - Component unlocked DTFA2-1
INFO  18/01/2011 00:21:11 Lockcomponent   - Locked dtfa-2 as DTFA1-2
INFO  18/01/2011 00:21:11 Lockcomponent   - Locked dtfa-1 as DTFA2-2
INFO  18/01/2011 00:21:11 Unlockcomponent - Unlocking dtfa-2
INFO  18/01/2011 00:21:11 Unlockcomponent - Component unlocked DTFA1-2
INFO  18/01/2011 00:21:11 Unlockcomponent - Unlocking dtfa-1
INFO  18/01/2011 00:21:11 Unlockcomponent - Component unlocked DTFA2-2
INFO  18/01/2011 00:21:11 Testscript      - Executing storage://INPUT/remotestorage.xml
INFO  18/01/2011 00:21:12 Rename          - Node name is dtfx-27
INFO  18/01/2011 00:21:12 Lockcomponent   - Locked dtfa-0 as DTFA1
INFO  18/01/2011 00:21:12 Lockcomponent   - Locked dtfa-2 as DTFA2
INFO  18/01/2011 00:21:12 Lockcomponent   - Locked dtfa-1 as DTFA3
INFO  18/01/2011 00:21:12 Log             - DTFA1
INFO  18/01/2011 00:21:12 Log             - DTFA2
INFO  18/01/2011 00:21:12 Log             - DTFA3
INFO  18/01/2011 00:21:12 Log             - Parallel Overwrites
INFO  18/01/2011 00:21:13 Log             - Sequential Appends
INFO  18/01/2011 00:21:13 Log             - Parallel Appends
INFO  18/01/2011 00:21:13 Testscript      - Executing storage://INPUT/recorder.xml
INFO  18/01/2011 00:21:14 Rename          - Node name is dtfx-28
INFO  18/01/2011 00:21:14 Lockcomponent   - Locked dtfa-2 as DTFA1
INFO  18/01/2011 00:21:14 Log             - TXT Recorder Unit Tests
INFO  18/01/2011 00:21:14 Log             - Object Recorder Unit Tests
INFO  18/01/2011 00:21:14 Echo            - Previous event started at: 1295310074098
INFO  18/01/2011 00:21:14 Echo            - Previous event ended at: 1295310074098
INFO  18/01/2011 00:21:14 Echo            - Previous event had property1 set to: 1
INFO  18/01/2011 00:21:14 Echo            - Previous event started at: 1295310074098
INFO  18/01/2011 00:21:14 Echo            - Previous event ended at: 1295310074098
INFO  18/01/2011 00:21:14 Echo            - Previous event had property1 set to: 1
INFO  18/01/2011 00:21:14 Log             - Caught exception correctly [Unable to find storage: SOMEWHERE at tests/ut/recorder.xml:87:10]
INFO  18/01/2011 00:21:14 Log             - Caught exception correctly [Unsupported recorder type [caca] at tests/ut/recorder.xml:95:10]
INFO  18/01/2011 00:21:14 Testscript      - Executing storage://INPUT/stats_recorder.xml
INFO  18/01/2011 00:21:14 Testscript      - Executing storage://INPUT/query.xml
INFO  18/01/2011 00:21:14 Log             - 1: abcxyzup
INFO  18/01/2011 00:21:14 Log             - 5: abcxyzup
INFO  18/01/2011 00:21:14 Log             - Total Ops 5
INFO  18/01/2011 00:21:14 Testsuite       - Starting query
INFO  18/01/2011 00:21:14 Testscript      - Executing storage://INPUT/query_testcase.xml
INFO  18/01/2011 00:21:15 Log             - Queries per second: 1000
INFO  18/01/2011 00:21:15 Log             - Complex queries for txt format
INFO  18/01/2011 00:21:15 Echo            - All done iterating correctly.
INFO  18/01/2011 00:21:15 Echo            - All done iterating correctly.
INFO  18/01/2011 00:21:15 Echo            - All done iterating correctly.
INFO  18/01/2011 00:21:15 Resetcursor     - Resetting curosr [element2]
INFO  18/01/2011 00:21:15 Echo            - All done iterating correctly.
INFO  18/01/2011 00:21:15 Log             - caca
INFO  18/01/2011 00:21:15 Testscript      - Executing storage://INPUT/event.xml
INFO  18/01/2011 00:21:15 Echo            - Counter Unit Tests
INFO  18/01/2011 00:21:15 ConsoleRecorder - {dtf.echo.start=1295310075689, dtf.echo.stop=1295310075689, dtf.echo.iteration=1}
INFO  18/01/2011 00:21:15 ConsoleRecorder - {dtf.echo.start=1295310075689, dtf.echo.stop=1295310075689, dtf.echo.iteration=2}
INFO  18/01/2011 00:21:15 ConsoleRecorder - {dtf.echo.start=1295310075689, dtf.echo.stop=1295310075689, dtf.echo.iteration=3}
INFO  18/01/2011 00:21:15 ConsoleRecorder - {dtf.echo.start=1295310075690, dtf.echo.stop=1295310075690, dtf.echo.iteration=4}
INFO  18/01/2011 00:21:15 ConsoleRecorder - {dtf.echo.start=1295310075690, dtf.echo.stop=1295310075690, dtf.echo.iteration=5}
INFO  18/01/2011 00:21:15 Rename          - Node name is dtfx-29
INFO  18/01/2011 00:21:15 Lockcomponent   - Locked dtfa-1 as DTFA1
INFO  18/01/2011 00:21:15 Testscript      - Executing storage://INPUT/event_visibility.xml
INFO  18/01/2011 00:21:16 Rename          - Node name is dtfx-30
INFO  18/01/2011 00:21:16 Lockcomponent   - Locked dtfa-0 as C1
INFO  18/01/2011 00:21:16 Testscript      - Executing storage://INPUT/compare.xml
[...]
INFO  18/01/2011 00:21:19 Result          - Stopping Result recording: Result {uri=storage://OUTPUT/testcase_result2.xml}
INFO  18/01/2011 00:21:19 Testscript      - Executing storage://INPUT/testsuite-sub.xml
INFO  18/01/2011 00:21:19 Testsuite       - Starting testsuite2
INFO  18/01/2011 00:21:19 Testscript      - Executing storage://INPUT/testcase.xml
INFO  18/01/2011 00:21:19 Result          - Starting Result recording: Result {uri=storage://OUTPUT/testcase_result2.xml}
INFO  18/01/2011 00:21:19 Testscript      - Executing storage://INPUT/donothing.xml
INFO  18/01/2011 00:21:19 Result          - Stopping Result recording: Result {uri=storage://OUTPUT/testcase_result2.xml}
INFO  18/01/2011 00:21:19 Testscript      - Executing storage://INPUT/testcase.xml
INFO  18/01/2011 00:21:19 Result          - Starting Result recording: Result {uri=storage://OUTPUT/testcase_result2.xml}
INFO  18/01/2011 00:21:19 Testscript      - Executing storage://INPUT/donothing.xml
INFO  18/01/2011 00:21:19 Result          - Stopping Result recording: Result {uri=storage://OUTPUT/testcase_result2.xml}
INFO  18/01/2011 00:21:19 Testscript      - Executing storage://INPUT/testcase.xml
INFO  18/01/2011 00:21:19 Result          - Starting Result recording: Result {uri=storage://OUTPUT/testcase_result2.xml}
INFO  18/01/2011 00:21:19 Testscript      - Executing storage://INPUT/donothing.xml
INFO  18/01/2011 00:21:19 Result          - Stopping Result recording: Result {uri=storage://OUTPUT/testcase_result2.xml}
INFO  18/01/2011 00:21:19 ConsoleResults  - Testsuite: results passed. 13 passed testcases.
INFO  18/01/2011 00:21:19 Result          - Stopping Result recording: Result {uri=storage://OUTPUT/results_output.${results.type}}
INFO  18/01/2011 00:21:19 Result          - Starting Result recording: Result {uri=storage://OUTPUT/results_output.${results.type}}
INFO  18/01/2011 00:21:19 Testsuite       - Starting results
INFO  18/01/2011 00:21:19 Testscript      - Executing storage://INPUT/testcase.xml
INFO  18/01/2011 00:21:19 Result          - Starting Result recording: Result {uri=storage://OUTPUT/testcase_result2.xml}
INFO  18/01/2011 00:21:19 Testscript      - Executing storage://INPUT/donothing.xml
INFO  18/01/2011 00:21:19 Result          - Stopping Result recording: Result {uri=storage://OUTPUT/testcase_result2.xml}
INFO  18/01/2011 00:21:19 Testscript      - Executing storage://INPUT/testcase.xml
INFO  18/01/2011 00:21:19 Result          - Starting Result recording: Result {uri=storage://OUTPUT/testcase_result2.xml}
INFO  18/01/2011 00:21:19 Testscript      - Executing storage://INPUT/donothing.xml
INFO  18/01/2011 00:21:20 Result          - Stopping Result recording: Result {uri=storage://OUTPUT/testcase_result2.xml}
INFO  18/01/2011 00:21:20 Testscript      - Executing storage://INPUT/testcase.xml
INFO  18/01/2011 00:21:20 Result          - Starting Result recording: Result {uri=storage://OUTPUT/testcase_result2.xml}
INFO  18/01/2011 00:21:20 Testscript      - Executing storage://INPUT/donothing.xml
INFO  18/01/2011 00:21:20 Result          - Stopping Result recording: Result {uri=storage://OUTPUT/testcase_result2.xml}
INFO  18/01/2011 00:21:20 Testscript      - Executing storage://INPUT/testsuite-sub.xml
INFO  18/01/2011 00:21:20 Testsuite       - Starting testsuite2
INFO  18/01/2011 00:21:20 Testscript      - Executing storage://INPUT/testcase.xml
INFO  18/01/2011 00:21:20 Result          - Starting Result recording: Result {uri=storage://OUTPUT/testcase_result2.xml}
INFO  18/01/2011 00:21:20 Testscript      - Executing storage://INPUT/donothing.xml
INFO  18/01/2011 00:21:20 Result          - Stopping Result recording: Result {uri=storage://OUTPUT/testcase_result2.xml}
INFO  18/01/2011 00:21:20 Testscript      - Executing storage://INPUT/testcase.xml
INFO  18/01/2011 00:21:20 Result          - Starting Result recording: Result {uri=storage://OUTPUT/testcase_result2.xml}
INFO  18/01/2011 00:21:20 Testscript      - Executing storage://INPUT/donothing.xml
INFO  18/01/2011 00:21:20 Result          - Stopping Result recording: Result {uri=storage://OUTPUT/testcase_result2.xml}
INFO  18/01/2011 00:21:20 Testscript      - Executing storage://INPUT/testcase.xml
INFO  18/01/2011 00:21:20 Result          - Starting Result recording: Result {uri=storage://OUTPUT/testcase_result2.xml}
INFO  18/01/2011 00:21:20 Testscript      - Executing storage://INPUT/donothing.xml
INFO  18/01/2011 00:21:20 Result          - Stopping Result recording: Result {uri=storage://OUTPUT/testcase_result2.xml}
INFO  18/01/2011 00:21:20 Result          - Stopping Result recording: Result {uri=storage://OUTPUT/results_output.${results.type}}
INFO  18/01/2011 00:21:20 Result          - Starting Result recording: Result {uri=storage://OUTPUT/results_result1.${results.type}}
INFO  18/01/2011 00:21:20 Testscript      - Executing storage://INPUT/testcase.xml
INFO  18/01/2011 00:21:20 Result          - Starting Result recording: Result {uri=storage://OUTPUT/testcase_result2.xml}
INFO  18/01/2011 00:21:20 Testscript      - Executing storage://INPUT/donothing.xml
INFO  18/01/2011 00:21:20 Result          - Stopping Result recording: Result {uri=storage://OUTPUT/testcase_result2.xml}
INFO  18/01/2011 00:21:20 Result          - Stopping Result recording: Result {uri=storage://OUTPUT/results_result1.${results.type}}
INFO  18/01/2011 00:21:20 Result          - Starting Result recording: Result {uri=storage://OUTPUT/results_result1.${results.type}}
INFO  18/01/2011 00:21:20 Testscript      - Executing storage://INPUT/testcase.xml
INFO  18/01/2011 00:21:20 Result          - Starting Result recording: Result {uri=storage://OUTPUT/testcase_result2.xml}
INFO  18/01/2011 00:21:20 Testscript      - Executing storage://INPUT/donothing.xml
INFO  18/01/2011 00:21:20 Result          - Stopping Result recording: Result {uri=storage://OUTPUT/testcase_result2.xml}
INFO  18/01/2011 00:21:20 Result          - Stopping Result recording: Result {uri=storage://OUTPUT/results_result1.${results.type}}
INFO  18/01/2011 00:21:20 Testscript      - Executing storage://INPUT/concurrent_suite.xml
INFO  18/01/2011 00:21:20 Result          - Starting Result recording: Result {uri=storage://OUTPUT/concurrent_suite_results.xml}
INFO  18/01/2011 00:21:20 Testsuite       - Starting concurrent_suite
INFO  18/01/2011 00:21:20 Testscript      - Executing storage://INPUT/empty.xml
INFO  18/01/2011 00:21:20 Testscript      - Executing storage://INPUT/empty.xml
INFO  18/01/2011 00:21:20 Testscript      - Executing storage://INPUT/empty.xml
INFO  18/01/2011 00:21:20 Testscript      - Executing storage://INPUT/empty.xml
INFO  18/01/2011 00:21:20 Testscript      - Executing storage://INPUT/empty.xml
INFO  18/01/2011 00:21:21 Testscript      - Executing storage://INPUT/empty.xml
INFO  18/01/2011 00:21:21 Testscript      - Executing storage://INPUT/empty.xml
INFO  18/01/2011 00:21:21 Testscript      - Executing storage://INPUT/empty.xml
INFO  18/01/2011 00:21:21 Testscript      - Executing storage://INPUT/empty.xml
INFO  18/01/2011 00:21:21 Testscript      - Executing storage://INPUT/empty.xml
INFO  18/01/2011 00:21:21 Result          - Stopping Result recording: Result {uri=storage://OUTPUT/concurrent_suite_results.xml}
INFO  18/01/2011 00:21:21 Testscript      - Executing storage://INPUT/stats.xml
INFO  18/01/2011 00:21:21 Resetcursor     - Resetting curosr [cursor1]
INFO  18/01/2011 00:21:21 Log             - Caught exception correctly [Cursor [inexistent] does not exist at tests/ut/stats.xml:71:10]
INFO  18/01/2011 00:21:21 Testscript      - Executing storage://INPUT/file.xml
INFO  18/01/2011 00:21:21 Rename          - Node name is dtfx-31
INFO  18/01/2011 00:21:21 Lockcomponent   - Locked dtfa-2 as DTFA1
INFO  18/01/2011 00:21:22 Log             - Caught expected failure.
INFO  18/01/2011 00:21:22 Testscript      - Executing storage://INPUT/http.xml
INFO  18/01/2011 00:21:23 Import          - Importing elements from Import {uri=storage://INPUT/http_util.xml}
INFO  18/01/2011 00:21:23 Http_server     - Starting [127.0.0.1:55555]
INFO  18/01/2011 00:21:23 Http_server     - Stopping [127.0.0.1:55555]
INFO  18/01/2011 00:21:23 Testscript      - Executing storage://INPUT/http_server.xml
INFO  18/01/2011 00:21:23 Import          - Importing elements from Import {uri=storage://INPUT/http_util.xml}
INFO  18/01/2011 00:21:23 Http_server     - Starting [127.0.0.1:44444]
INFO  18/01/2011 00:21:23 Log             - SOME DATA FROM THE CLIENT
INFO  18/01/2011 00:21:23 Log             - in operation1
INFO  18/01/2011 00:21:23 Log             - in operation2
INFO  18/01/2011 00:21:23 Log             - in operation3
INFO  18/01/2011 00:21:23 Log             - Validating that parallel cookie manipulation doesn't hit any issues 
INFO  18/01/2011 00:21:25 Http_server     - Stopping [127.0.0.1:44444]
INFO  18/01/2011 00:21:25 Http_server     - Starting [127.0.0.1:44445]
INFO  18/01/2011 00:21:25 Http_server     - Stopping [127.0.0.1:44445]
INFO  18/01/2011 00:21:25 Testscript      - Executing storage://INPUT/http_cleanup_test.xml
INFO  18/01/2011 00:21:25 Import          - Importing elements from Import {uri=storage://INPUT/http_util.xml}
INFO  18/01/2011 00:21:25 Rename          - Node name is dtfx-32
INFO  18/01/2011 00:21:25 Http_server     - Starting [127.0.0.1:33333]
INFO  18/01/2011 00:21:25 Lockcomponent   - Locked dtfa-1 as C1
INFO  18/01/2011 00:21:25 Lockcomponent   - Locked dtfa-0 as C2
INFO  18/01/2011 00:21:26 Unlockcomponent - Unlocking dtfa-1
ERROR 18/01/2011 00:21:26 Client closed connection.
org.apache.http.ConnectionClosedException: Client closed connection
	at org.apache.http.impl.io.HttpRequestParser.parseHead(HttpRequestParser.java:104)
	at org.apache.http.impl.io.AbstractMessageParser.parse(AbstractMessageParser.java:210)
	at org.apache.http.impl.AbstractHttpServerConnection.receiveRequestHeader(AbstractHttpServerConnection.java:232)
	at org.apache.http.protocol.HttpService.handleRequest(HttpService.java:160)
	at com.yahoo.dtf.actions.http.server.HTTPRunnable.run(HTTPRunnable.java:35)
	at java.util.concurrent.ThreadPoolExecutor$Worker.runTask(ThreadPoolExecutor.java:886)
	at java.util.concurrent.ThreadPoolExecutor$Worker.run(ThreadPoolExecutor.java:908)
	at java.lang.Thread.run(Thread.java:619)
INFO  18/01/2011 00:21:26 Unlockcomponent - Component unlocked C1
INFO  18/01/2011 00:21:26 Unlockcomponent - Unlocking dtfa-0
ERROR 18/01/2011 00:21:26 Client closed connection.
org.apache.http.ConnectionClosedException: Client closed connection
	at org.apache.http.impl.io.HttpRequestParser.parseHead(HttpRequestParser.java:104)
	at org.apache.http.impl.io.AbstractMessageParser.parse(AbstractMessageParser.java:210)
	at org.apache.http.impl.AbstractHttpServerConnection.receiveRequestHeader(AbstractHttpServerConnection.java:232)
	at org.apache.http.protocol.HttpService.handleRequest(HttpService.java:160)
	at com.yahoo.dtf.actions.http.server.HTTPRunnable.run(HTTPRunnable.java:35)
	at java.util.concurrent.ThreadPoolExecutor$Worker.runTask(ThreadPoolExecutor.java:886)
	at java.util.concurrent.ThreadPoolExecutor$Worker.run(ThreadPoolExecutor.java:908)
	at java.lang.Thread.run(Thread.java:619)
INFO  18/01/2011 00:21:26 Unlockcomponent - Component unlocked C2
INFO  18/01/2011 00:21:26 Lockcomponent   - Locked dtfa-0 as C1
INFO  18/01/2011 00:21:26 Lockcomponent   - Locked dtfa-1 as C2
INFO  18/01/2011 00:21:26 Unlockcomponent - Unlocking dtfa-0
ERROR 18/01/2011 00:21:26 Client closed connection.
org.apache.http.ConnectionClosedException: Client closed connection
	at org.apache.http.impl.io.HttpRequestParser.parseHead(HttpRequestParser.java:104)
	at org.apache.http.impl.io.AbstractMessageParser.parse(AbstractMessageParser.java:210)
	at org.apache.http.impl.AbstractHttpServerConnection.receiveRequestHeader(AbstractHttpServerConnection.java:232)
	at org.apache.http.protocol.HttpService.handleRequest(HttpService.java:160)
	at com.yahoo.dtf.actions.http.server.HTTPRunnable.run(HTTPRunnable.java:35)
	at java.util.concurrent.ThreadPoolExecutor$Worker.runTask(ThreadPoolExecutor.java:886)
	at java.util.concurrent.ThreadPoolExecutor$Worker.run(ThreadPoolExecutor.java:908)
	at java.lang.Thread.run(Thread.java:619)
INFO  18/01/2011 00:21:26 Unlockcomponent - Component unlocked C1
INFO  18/01/2011 00:21:26 Unlockcomponent - Unlocking dtfa-1
ERROR 18/01/2011 00:21:26 Client closed connection.
org.apache.http.ConnectionClosedException: Client closed connection
	at org.apache.http.impl.io.HttpRequestParser.parseHead(HttpRequestParser.java:104)
	at org.apache.http.impl.io.AbstractMessageParser.parse(AbstractMessageParser.java:210)
	at org.apache.http.impl.AbstractHttpServerConnection.receiveRequestHeader(AbstractHttpServerConnection.java:232)
	at org.apache.http.protocol.HttpService.handleRequest(HttpService.java:160)
	at com.yahoo.dtf.actions.http.server.HTTPRunnable.run(HTTPRunnable.java:35)
	at java.util.concurrent.ThreadPoolExecutor$Worker.runTask(ThreadPoolExecutor.java:886)
	at java.util.concurrent.ThreadPoolExecutor$Worker.run(ThreadPoolExecutor.java:908)
	at java.lang.Thread.run(Thread.java:619)
INFO  18/01/2011 00:21:26 Unlockcomponent - Component unlocked C2
INFO  18/01/2011 00:21:26 Http_server     - Stopping [127.0.0.1:33333]
INFO  18/01/2011 00:21:26 Testscript      - Executing storage://INPUT/string_manipulation.xml
INFO  18/01/2011 00:21:26 Testscript      - Executing storage://INPUT/string_transform.xml
INFO  18/01/2011 00:21:26 Testscript      - Executing storage://INPUT/convert.xml
INFO  18/01/2011 00:21:27 Import          - Importing elements from Import {uri=storage://INPUT/perfutil.xml}
INFO  18/01/2011 00:21:27 Testscript      - Executing storage://INPUT/arithmetic.xml
INFO  18/01/2011 00:21:27 Testscript      - Executing storage://INPUT/random.xml
INFO  18/01/2011 00:21:27 Import          - Importing elements from Import {uri=storage://INPUT/perfutil.xml}
INFO  18/01/2011 00:21:27 Log             - Correctness check for randomInt generator
INFO  18/01/2011 00:21:27 Log             - Correctness check for randomLong generator
INFO  18/01/2011 00:21:27 Log             - Correctness check for randomDouble generator
INFO  18/01/2011 00:21:27 Log             - Correctness check for gaussianLong generator
INFO  18/01/2011 00:21:27 Log             - Correctness check for randomInt generator
INFO  18/01/2011 00:21:27 Log             - Correctness check for randomLong generator
INFO  18/01/2011 00:21:27 Log             - Correctness check for randomDouble generator
INFO  18/01/2011 00:21:27 Log             - Correctness check for gaussianLong generator
INFO  18/01/2011 00:21:27 Log             - Correctness check for randomInt generator
INFO  18/01/2011 00:21:27 Log             - Correctness check for randomLong generator
INFO  18/01/2011 00:21:27 Log             - Correctness check for randomDouble generator
INFO  18/01/2011 00:21:27 Log             - Correctness check for gaussianLong generator
INFO  18/01/2011 00:21:27 Testscript      - Executing storage://INPUT/monitor.xml
INFO  18/01/2011 00:21:27 Rename          - Node name is dtfx-33
INFO  18/01/2011 00:21:27 Lockcomponent   - Locked dtfa-2 as AGENT1
INFO  18/01/2011 00:21:28 Monitor_grep    - New files [log-1295310087972.7, log-1295310087972.9, log-1295310087972.8, log-1295310087972.5, log-1295310087972.4, log-1295310087972.1, log-1295310087972.3, log-1295310087972.2, log-1295310087972.10, log-1295310087972.6] in /home/dtftest/build/dtf/build/dtf/dist/tests/ut/output
INFO  18/01/2011 00:21:28 Log             - Validating data correctness
INFO  18/01/2011 00:21:28 Testscript      - Executing storage://INPUT/diff.xml
INFO  18/01/2011 00:21:28 Testscript      - Executing storage://INPUT/xml_xpath.xml
INFO  18/01/2011 00:21:28 Log             - Correct count of 6 for XPath: //list/item/text()
INFO  18/01/2011 00:21:28 Log             - Correct count of 6 for XPath: //list/item/@att1
INFO  18/01/2011 00:21:28 Log             - Correct count of 6 for XPath: //list/item
INFO  18/01/2011 00:21:28 Log             - Correct count of 3 for XPath: //list/item[@att1 < 4]
INFO  18/01/2011 00:21:28 Testscript      - Executing storage://INPUT/xml_dynamic.xml
INFO  18/01/2011 00:21:28 Testscript      - Executing storage://INPUT/json_transform.xml
INFO  18/01/2011 00:21:28 Testscript      - Executing storage://INPUT/stream.xml
INFO  18/01/2011 00:21:28 Log             - Validate streams always generate the same data for the same seed.
INFO  18/01/2011 00:21:31 Testscript      - Executing storage://INPUT/assertions.xml
INFO  18/01/2011 00:21:31 Testscript      - Executing storage://INPUT/encoding.xml
INFO  18/01/2011 00:21:31 Testscript      - Executing storage://INPUT/special_characters.xml
INFO  18/01/2011 00:21:31 Testscript      - Executing storage://INPUT/testscript_component_complex.xml
INFO  18/01/2011 00:21:32 Testsuite       - Starting dummy
INFO  18/01/2011 00:21:32 Testscript      - Executing storage://INPUT/occupy_component.xml
INFO  18/01/2011 00:21:32 Rename          - Node name is dtfx-34
INFO  18/01/2011 00:21:32 Lockcomponent   - Locked dtfa-2 as C1
INFO  18/01/2011 00:21:32 Rename          - Node name is dtfx-35
INFO  18/01/2011 00:21:33 Lockcomponent   - Locked dtfa-2 as C1
INFO  18/01/2011 00:21:33 Lockcomponent   - Locked dtfa-1 as C2
INFO  18/01/2011 00:21:33 Testsuite       - Starting dummy
INFO  18/01/2011 00:21:33 Testscript      - Executing storage://INPUT/occupy_component.xml
INFO  18/01/2011 00:21:33 Rename          - Node name is dtfx-36
INFO  18/01/2011 00:21:33 Lockcomponent   - Locked dtfa-0 as C1
INFO  18/01/2011 00:21:33 Testscript      - Executing storage://INPUT/rendezvous.xml
INFO  18/01/2011 00:21:33 Log             - Expected timeout has occured.
INFO  18/01/2011 00:21:33 Testscript      - Executing storage://INPUT/rendezvous_complex.xml
INFO  18/01/2011 00:21:34 Rename          - Node name is dtfx-37
INFO  18/01/2011 00:21:34 Lockcomponent   - Locked dtfa-1 as C1
INFO  18/01/2011 00:21:34 Lockcomponent   - Locked dtfa-2 as C2
INFO  18/01/2011 00:21:34 Log             - rendezvous sync at 12
INFO  18/01/2011 00:21:36 Testscript      - Executing storage://INPUT/share.xml
INFO  18/01/2011 00:21:36 Import          - Importing elements from Import {uri=storage://INPUT/perfutil.xml}
INFO  18/01/2011 00:21:36 Rename          - Node name is dtfx-38
INFO  18/01/2011 00:21:36 Lockcomponent   - Locked dtfa-2 as PRODUCER
INFO  18/01/2011 00:21:36 Lockcomponent   - Locked dtfa-1 as CONSUMER
INFO  18/01/2011 00:21:37 Log             - event.start=1295310097088
INFO  18/01/2011 00:21:37 Log             - event.stop=1295310097088
INFO  18/01/2011 00:21:37 Testscript      - Executing storage://INPUT/share_complex.xml
INFO  18/01/2011 00:21:37 Rename          - Node name is dtfx-39
INFO  18/01/2011 00:21:37 Lockcomponent   - Locked dtfa-1 as C1
INFO  18/01/2011 00:21:37 Lockcomponent   - Locked dtfa-2 as C2
INFO  18/01/2011 00:21:37 Log             - share sync off by 4
INFO  18/01/2011 00:21:38 Testscript      - Executing storage://INPUT/scanf.xml
INFO  18/01/2011 00:21:38 Import          - Importing elements from Import {uri=storage://INPUT/perfutil.xml}
INFO  18/01/2011 00:21:38 Testscript      - Executing storage://INPUT/printf.xml
INFO  18/01/2011 00:21:38 Log             - INTEGER[23] STRING[Hello There!] FLOAT [1.23] LIST [1,2,3,4]
INFO  18/01/2011 00:21:38 Log             - 1.23456 -- reduce precision to .2 -> 1.23
INFO  18/01/2011 00:21:38 Log             - 1 -- pad the number to 3 digits -> 001
INFO  18/01/2011 00:21:38 Log             - 10 -- convert to hex and pad to 4 digits -> 000a
INFO  18/01/2011 00:21:38 Testscript      - Executing storage://INPUT/read_image.xml
INFO  18/01/2011 00:21:38 Log             - png: being checked
INFO  18/01/2011 00:21:38 Log             - gif: being checked
INFO  18/01/2011 00:21:38 Log             - bmp: being checked
]]></system-out>
<system-err/>
</testsuite>
