<?xml version="1.0" encoding="UTF-8" ?>
<testsuites>
  <testsuite classname="dtf.unittests" disabled="0" errors="0" failures="0" id="0" name="unittests" package="dtf" passed="154" start="2011-01-29-20.03.18.018" stop="2011-01-29-20.04.16.728" tests="154" time="58.71" timestamp="Sat Jan 29 20:03:18 UTC 2011">
    <property name="test.log.filename" value="tests/ut/output/script-ut.out" />

    <testcase name="state_management" start="2011-01-29-20.03.18.279" stop="2011-01-29-20.03.22.017" time="3.738">
      <property name="DTFA1.dtf.node.host" value="127.0.0.1" />

      <property name="DTFA1.dtf.tunneled" value="false" />

      <property name="DTFA1.dtf.os.name" value="Linux" />

      <property name="DTFA1.dtf.debug.port" value="40002" />

      <property name="DTFA1.dtf.os.version" value="2.6.32-305-ec2" />

      <property name="DTFA1.dtf.node.user" value="dtftest" />

      <property name="DTFA1.dtf.os.arch" value="i386" />

      <property name="DTFA1.node.id" value="3" />

      <property name="DTFA1.dtf.node.home" value="/home/dtftest/build/dtf/build/dtf/dist" />

      <property name="DTFA1.dtf.node.type" value="dtfa" />

    </testcase>

    <testcase name="storage" start="2011-01-29-20.03.22.999" stop="2011-01-29-20.03.23.044" time="0.045">
</testcase>

    <testcase name="echo" start="2011-01-29-20.03.23.204" stop="2011-01-29-20.03.23.396" time="0.192">
      <property name="DTFA1.dtf.node.host" value="127.0.0.1" />

      <property name="DTFA1.dtf.tunneled" value="false" />

      <property name="DTFA1.dtf.os.name" value="Linux" />

      <property name="DTFA1.dtf.debug.port" value="40001" />

      <property name="DTFA1.dtf.os.version" value="2.6.32-305-ec2" />

      <property name="DTFA1.dtf.node.user" value="dtftest" />

      <property name="DTFA1.dtf.os.arch" value="i386" />

      <property name="DTFA1.node.id" value="1" />

      <property name="DTFA1.dtf.node.home" value="/home/dtftest/build/dtf/build/dtf/dist" />

      <property name="DTFA1.dtf.node.type" value="dtfa" />

    </testcase>

    <testcase name="sleep" start="2011-01-29-20.03.23.733" stop="2011-01-29-20.03.24.215" time="0.482">
      <property name="C1.dtf.debug.port" value="40003" />

      <property name="C1.node.id" value="2" />

      <property name="C1.dtf.tunneled" value="false" />

      <property name="C1.dtf.os.version" value="2.6.32-305-ec2" />

      <property name="C1.dtf.node.host" value="127.0.0.1" />

      <property name="C1.dtf.os.name" value="Linux" />

      <property name="C1.dtf.node.user" value="dtftest" />

      <property name="C1.dtf.node.home" value="/home/dtftest/build/dtf/build/dtf/dist" />

      <property name="C1.dtf.node.type" value="dtfa" />

      <property name="C1.dtf.os.arch" value="i386" />

    </testcase>

    <testcase name="loadproperties" start="2011-01-29-20.03.24.420" stop="2011-01-29-20.03.24.422" time="0.0020">
</testcase>

    <testcase name="property_resolution" start="2011-01-29-20.03.24.730" stop="2011-01-29-20.03.25.202" time="0.472">
      <property name="DTFA1.dtf.node.host" value="127.0.0.1" />

      <property name="DTFA1.dtf.tunneled" value="false" />

      <property name="DTFA1.dtf.os.name" value="Linux" />

      <property name="DTFA1.dtf.debug.port" value="40002" />

      <property name="DTFA1.dtf.os.version" value="2.6.32-305-ec2" />

      <property name="DTFA1.dtf.node.user" value="dtftest" />

      <property name="DTFA1.dtf.os.arch" value="i386" />

      <property name="DTFA1.node.id" value="3" />

      <property name="DTFA1.dtf.node.home" value="/home/dtftest/build/dtf/build/dtf/dist" />

      <property name="DTFA1.dtf.node.type" value="dtfa" />

    </testcase>

    <testcase name="property" start="2011-01-29-20.03.25.467" stop="2011-01-29-20.03.25.481" time="0.014">
</testcase>

    <testcase name="cat" start="2011-01-29-20.03.25.590" stop="2011-01-29-20.03.25.593" time="0.0030">
</testcase>

    <testcase name="log" start="2011-01-29-20.03.25.702" stop="2011-01-29-20.03.25.705" time="0.0030">
</testcase>

    <testcase name="for" start="2011-01-29-20.03.25.823" stop="2011-01-29-20.03.25.976" time="0.153">
</testcase>

    <testcase name="parallel" start="2011-01-29-20.03.26.228" stop="2011-01-29-20.03.26.249" time="0.021">
</testcase>

    <testcase name="parallelloop" start="2011-01-29-20.03.26.298" stop="2011-01-29-20.03.26.380" time="0.082">
</testcase>

    <testcase name="sequence" start="2011-01-29-20.03.26.442" stop="2011-01-29-20.03.26.443" time="0.0010">
</testcase>

    <testcase name="timer" start="2011-01-29-20.03.26.504" stop="2011-01-29-20.03.26.608" time="0.104">
</testcase>

    <testcase name="switch" start="2011-01-29-20.03.26.936" stop="2011-01-29-20.03.27.096" time="0.16">
</testcase>

    <testcase name="while" start="2011-01-29-20.03.27.284" stop="2011-01-29-20.03.27.299" time="0.015">
</testcase>

    <testcase name="break" start="2011-01-29-20.03.27.506" stop="2011-01-29-20.03.27.898" time="0.392">
      <property name="C1.dtf.debug.port" value="40001" />

      <property name="C1.node.id" value="1" />

      <property name="C1.dtf.tunneled" value="false" />

      <property name="C1.dtf.os.version" value="2.6.32-305-ec2" />

      <property name="C1.dtf.node.host" value="127.0.0.1" />

      <property name="C1.dtf.os.name" value="Linux" />

      <property name="C1.dtf.node.user" value="dtftest" />

      <property name="C1.dtf.node.home" value="/home/dtftest/build/dtf/build/dtf/dist" />

      <property name="C1.dtf.node.type" value="dtfa" />

      <property name="C1.dtf.os.arch" value="i386" />

    </testcase>

    <testcase name="try_catch_finally" start="2011-01-29-20.03.28.007" stop="2011-01-29-20.03.28.256" time="0.249">
      <property name="DTFA1.dtf.node.host" value="127.0.0.1" />

      <property name="DTFA1.dtf.tunneled" value="false" />

      <property name="DTFA1.dtf.os.name" value="Linux" />

      <property name="DTFA1.dtf.debug.port" value="40003" />

      <property name="DTFA1.dtf.os.version" value="2.6.32-305-ec2" />

      <property name="DTFA1.dtf.node.user" value="dtftest" />

      <property name="DTFA1.dtf.os.arch" value="i386" />

      <property name="DTFA1.node.id" value="2" />

      <property name="DTFA1.dtf.node.home" value="/home/dtftest/build/dtf/build/dtf/dist" />

      <property name="DTFA1.dtf.node.type" value="dtfa" />

    </testcase>

    <testcase name="fail" start="2011-01-29-20.03.28.396" stop="2011-01-29-20.03.28.589" time="0.193">
      <property name="DTFA.dtf.debug.port" value="40002" />

      <property name="DTFA.dtf.node.host" value="127.0.0.1" />

      <property name="DTFA.dtf.os.version" value="2.6.32-305-ec2" />

      <property name="DTFA.dtf.os.name" value="Linux" />

      <property name="DTFA.dtf.node.user" value="dtftest" />

      <property name="DTFA.dtf.tunneled" value="false" />

      <property name="DTFA.node.id" value="3" />

      <property name="DTFA.dtf.os.arch" value="i386" />

      <property name="DTFA.dtf.node.home" value="/home/dtftest/build/dtf/build/dtf/dist" />

      <property name="DTFA.dtf.node.type" value="dtfa" />

    </testcase>

    <testcase name="distribute" start="2011-01-29-20.03.28.870" stop="2011-01-29-20.03.29.816" time="0.946">
</testcase>

    <testcase name="choices" start="2011-01-29-20.03.30.087" stop="2011-01-29-20.03.30.300" time="0.213">
</testcase>

    <testcase name="if" start="2011-01-29-20.03.30.666" stop="2011-01-29-20.03.30.671" time="0.0050">
</testcase>

    <testcase name="similar" start="2011-01-29-20.03.30.795" stop="2011-01-29-20.03.31.045" time="0.25">
</testcase>

    <testcase name="createrange" start="2011-01-29-20.03.31.101" stop="2011-01-29-20.03.31.323" time="0.222">
</testcase>

    <testcase name="range" start="2011-01-29-20.03.31.544" stop="2011-01-29-20.03.31.758" time="0.214">
</testcase>

    <testcase name="range_dist" start="2011-01-29-20.03.31.904" stop="2011-01-29-20.03.33.621" time="1.717">
      <property name="C1.dtf.debug.port" value="40001" />

      <property name="C1.node.id" value="1" />

      <property name="C1.dtf.tunneled" value="false" />

      <property name="C1.dtf.os.version" value="2.6.32-305-ec2" />

      <property name="C1.dtf.node.host" value="127.0.0.1" />

      <property name="C1.dtf.os.name" value="Linux" />

      <property name="C1.dtf.node.user" value="dtftest" />

      <property name="C1.dtf.node.home" value="/home/dtftest/build/dtf/build/dtf/dist" />

      <property name="C1.dtf.node.type" value="dtfa" />

      <property name="C1.dtf.os.arch" value="i386" />

    </testcase>

    <testcase name="xml_range" start="2011-01-29-20.03.33.886" stop="2011-01-29-20.03.33.899" time="0.013">
</testcase>

    <testcase name="json_range" start="2011-01-29-20.03.34.031" stop="2011-01-29-20.03.34.036" time="0.0050">
</testcase>

    <testcase name="functions" start="2011-01-29-20.03.34.410" stop="2011-01-29-20.03.34.729" time="0.319">
</testcase>

    <testcase name="import" start="2011-01-29-20.03.34.883" stop="2011-01-29-20.03.35.325" time="0.442">
</testcase>

    <testcase name="export" start="2011-01-29-20.03.35.466" stop="2011-01-29-20.03.35.755" time="0.289">
      <property name="DTFA1.dtf.node.host" value="127.0.0.1" />

      <property name="DTFA1.dtf.tunneled" value="false" />

      <property name="DTFA1.dtf.os.name" value="Linux" />

      <property name="DTFA1.dtf.debug.port" value="40003" />

      <property name="DTFA1.dtf.os.version" value="2.6.32-305-ec2" />

      <property name="DTFA1.dtf.node.user" value="dtftest" />

      <property name="DTFA1.dtf.os.arch" value="i386" />

      <property name="DTFA1.node.id" value="2" />

      <property name="DTFA1.dtf.node.home" value="/home/dtftest/build/dtf/build/dtf/dist" />

      <property name="DTFA1.dtf.node.type" value="dtfa" />

    </testcase>

    <testcase name="references" start="2011-01-29-20.03.35.953" stop="2011-01-29-20.03.36.230" time="0.277">
      <property name="DTFA1.dtf.node.host" value="127.0.0.1" />

      <property name="DTFA1.dtf.tunneled" value="false" />

      <property name="DTFA1.dtf.os.name" value="Linux" />

      <property name="DTFA1.dtf.debug.port" value="40002" />

      <property name="DTFA1.dtf.os.version" value="2.6.32-305-ec2" />

      <property name="DTFA1.dtf.node.user" value="dtftest" />

      <property name="DTFA1.dtf.os.arch" value="i386" />

      <property name="DTFA1.node.id" value="3" />

      <property name="DTFA1.dtf.node.home" value="/home/dtftest/build/dtf/build/dtf/dist" />

      <property name="DTFA1.dtf.node.type" value="dtfa" />

    </testcase>

    <testcase name="component" start="2011-01-29-20.03.36.427" stop="2011-01-29-20.03.37.919" time="1.492">
      <property name="DTFA1.dtf.node.host" value="127.0.0.1" />

      <property name="DTFA1.dtf.tunneled" value="false" />

      <property name="DTFA1.dtf.os.name" value="Linux" />

      <property name="DTFA1.dtf.debug.port" value="40001" />

      <property name="DTFA1.dtf.os.version" value="2.6.32-305-ec2" />

      <property name="DTFA1.dtf.node.user" value="dtftest" />

      <property name="DTFA1.dtf.os.arch" value="i386" />

      <property name="DTFA1.node.id" value="1" />

      <property name="DTFA1.dtf.node.home" value="/home/dtftest/build/dtf/build/dtf/dist" />

      <property name="DTFA1.dtf.node.type" value="dtfa" />

    </testcase>

    <testsuite classname="dtf.lockcomponent" disabled="0" errors="0" failures="0" name="dtf.lockcomponent" passed="1" start="2011-01-29-20.03.38.822" stop="2011-01-29-20.03.39.442" tests="1" time="0.62" timestamp="Sat Jan 29 20:03:38 UTC 2011">
      <property name="DTFA2.dtf.os.name" value="Linux" />

      <property name="DTFA2.dtf.os.arch" value="i386" />

      <property name="DTFA3.dtf.node.type" value="dtfa" />

      <property name="DTFA2.dtf.tunneled" value="false" />

      <property name="DTFA1.dtf.node.home" value="/home/dtftest/build/dtf/build/dtf/dist" />

      <property name="DTFA2.dtf.node.home" value="/home/dtftest/build/dtf/build/dtf/dist" />

      <property name="DTFA3.dtf.tunneled" value="false" />

      <property name="DTFA3.dtf.os.arch" value="i386" />

      <property name="DTFA3.dtf.os.name" value="Linux" />

      <property name="DTFA3.dtf.os.version" value="2.6.32-305-ec2" />

      <property name="DTFA1.dtf.node.user" value="dtftest" />

      <property name="DTFA2.dtf.debug.port" value="40002" />

      <property name="DTFA2.dtf.node.user" value="dtftest" />

      <property name="DTFA3.node.id" value="3" />

      <property name="DTFA1.node.id" value="2" />

      <property name="DTFA1.dtf.node.type" value="dtfa" />

      <property name="DTFA3.dtf.node.host" value="127.0.0.1" />

      <property name="DTFA2.dtf.node.type" value="dtfa" />

      <property name="DTFA3.dtf.debug.port" value="40002" />

      <property name="DTFA1.dtf.tunneled" value="false" />

      <property name="DTFA1.dtf.os.version" value="2.6.32-305-ec2" />

      <property name="DTFA3.dtf.node.home" value="/home/dtftest/build/dtf/build/dtf/dist" />

      <property name="DTFA2.node.id" value="3" />

      <property name="DTFA1.dtf.os.arch" value="i386" />

      <property name="DTFA1.dtf.os.name" value="Linux" />

      <property name="DTFA1.dtf.node.host" value="127.0.0.1" />

      <property name="DTFA2.dtf.node.host" value="127.0.0.1" />

      <property name="DTFA3.dtf.node.user" value="dtftest" />

      <property name="DTFA2.dtf.os.version" value="2.6.32-305-ec2" />

      <property name="DTFA1.dtf.debug.port" value="40003" />

      <testcase name="occupy_component" start="2011-01-29-20.03.38.943" stop="2011-01-29-20.03.39.435" time="0.492">
        <property name="C1.dtf.debug.port" value="40002" />

        <property name="C1.node.id" value="3" />

        <property name="C1.dtf.tunneled" value="false" />

        <property name="C1.dtf.os.version" value="2.6.32-305-ec2" />

        <property name="C1.dtf.node.host" value="127.0.0.1" />

        <property name="C1.dtf.os.name" value="Linux" />

        <property name="C1.dtf.node.user" value="dtftest" />

        <property name="C1.dtf.node.home" value="/home/dtftest/build/dtf/build/dtf/dist" />

        <property name="C1.dtf.node.type" value="dtfa" />

        <property name="C1.dtf.os.arch" value="i386" />

      </testcase>

      <system-out />

      <system-err />

    </testsuite>

    <testsuite classname="dtf.lockcomponent" disabled="0" errors="0" failures="0" name="dtf.lockcomponent" passed="1" start="2011-01-29-20.03.38.834" stop="2011-01-29-20.03.39.520" tests="1" time="0.686" timestamp="Sat Jan 29 20:03:38 UTC 2011">
      <testcase name="occupy_component" start="2011-01-29-20.03.39.067" stop="2011-01-29-20.03.39.513" time="0.446">
        <property name="C1.dtf.debug.port" value="40001" />

        <property name="C1.node.id" value="1" />

        <property name="C1.dtf.tunneled" value="false" />

        <property name="C1.dtf.os.version" value="2.6.32-305-ec2" />

        <property name="C1.dtf.node.host" value="127.0.0.1" />

        <property name="C1.dtf.os.name" value="Linux" />

        <property name="C1.dtf.node.user" value="dtftest" />

        <property name="C1.dtf.node.home" value="/home/dtftest/build/dtf/build/dtf/dist" />

        <property name="C1.dtf.node.type" value="dtfa" />

        <property name="C1.dtf.os.arch" value="i386" />

      </testcase>

      <system-out />

      <system-err />

    </testsuite>

    <testsuite classname="dtf.lockcomponent" disabled="0" errors="0" failures="0" name="dtf.lockcomponent" passed="1" start="2011-01-29-20.03.38.835" stop="2011-01-29-20.03.39.588" tests="1" time="0.753" timestamp="Sat Jan 29 20:03:38 UTC 2011">
      <testcase name="occupy_component" start="2011-01-29-20.03.38.952" stop="2011-01-29-20.03.39.582" time="0.63">
        <property name="C1.dtf.debug.port" value="40003" />

        <property name="C1.node.id" value="2" />

        <property name="C1.dtf.tunneled" value="false" />

        <property name="C1.dtf.os.version" value="2.6.32-305-ec2" />

        <property name="C1.dtf.node.host" value="127.0.0.1" />

        <property name="C1.dtf.os.name" value="Linux" />

        <property name="C1.dtf.node.user" value="dtftest" />

        <property name="C1.dtf.node.home" value="/home/dtftest/build/dtf/build/dtf/dist" />

        <property name="C1.dtf.node.type" value="dtfa" />

        <property name="C1.dtf.os.arch" value="i386" />

      </testcase>

      <system-out />

      <system-err />

    </testsuite>

    <testsuite classname="dtf.lockcomponent" disabled="0" errors="0" failures="0" name="dtf.lockcomponent" passed="1" start="2011-01-29-20.03.39.520" stop="2011-01-29-20.03.39.992" tests="1" time="0.472" timestamp="Sat Jan 29 20:03:39 UTC 2011">
      <testcase name="occupy_component" start="2011-01-29-20.03.39.788" stop="2011-01-29-20.03.39.952" time="0.164">
        <property name="C1.dtf.debug.port" value="40003" />

        <property name="C1.node.id" value="2" />

        <property name="C1.dtf.tunneled" value="false" />

        <property name="C1.dtf.os.version" value="2.6.32-305-ec2" />

        <property name="C1.dtf.node.host" value="127.0.0.1" />

        <property name="C1.dtf.os.name" value="Linux" />

        <property name="C1.dtf.node.user" value="dtftest" />

        <property name="C1.dtf.node.home" value="/home/dtftest/build/dtf/build/dtf/dist" />

        <property name="C1.dtf.node.type" value="dtfa" />

        <property name="C1.dtf.os.arch" value="i386" />

      </testcase>

      <system-out />

      <system-err />

    </testsuite>

    <testsuite classname="dtf.lockcomponent" disabled="0" errors="0" failures="0" name="dtf.lockcomponent" passed="1" start="2011-01-29-20.03.39.443" stop="2011-01-29-20.03.40.118" tests="1" time="0.675" timestamp="Sat Jan 29 20:03:39 UTC 2011">
      <testcase name="occupy_component" start="2011-01-29-20.03.39.849" stop="2011-01-29-20.03.40.107" time="0.258">
        <property name="C1.dtf.debug.port" value="40002" />

        <property name="C1.node.id" value="3" />

        <property name="C1.dtf.tunneled" value="false" />

        <property name="C1.dtf.os.version" value="2.6.32-305-ec2" />

        <property name="C1.dtf.node.host" value="127.0.0.1" />

        <property name="C1.dtf.os.name" value="Linux" />

        <property name="C1.dtf.node.user" value="dtftest" />

        <property name="C1.dtf.node.home" value="/home/dtftest/build/dtf/build/dtf/dist" />

        <property name="C1.dtf.node.type" value="dtfa" />

        <property name="C1.dtf.os.arch" value="i386" />

      </testcase>

      <system-out />

      <system-err />

    </testsuite>

    <testsuite classname="dtf.lockcomponent" disabled="0" errors="0" failures="0" name="dtf.lockcomponent" passed="1" start="2011-01-29-20.03.39.589" stop="2011-01-29-20.03.40.345" tests="1" time="0.756" timestamp="Sat Jan 29 20:03:39 UTC 2011">
      <testcase name="occupy_component" start="2011-01-29-20.03.39.806" stop="2011-01-29-20.03.40.283" time="0.477">
        <property name="C1.dtf.debug.port" value="40001" />

        <property name="C1.node.id" value="1" />

        <property name="C1.dtf.tunneled" value="false" />

        <property name="C1.dtf.os.version" value="2.6.32-305-ec2" />

        <property name="C1.dtf.node.host" value="127.0.0.1" />

        <property name="C1.dtf.os.name" value="Linux" />

        <property name="C1.dtf.node.user" value="dtftest" />

        <property name="C1.dtf.node.home" value="/home/dtftest/build/dtf/build/dtf/dist" />

        <property name="C1.dtf.node.type" value="dtfa" />

        <property name="C1.dtf.os.arch" value="i386" />

      </testcase>

      <system-out />

      <system-err />

    </testsuite>

    <testsuite classname="dtf.lockcomponent" disabled="0" errors="0" failures="0" name="dtf.lockcomponent" passed="1" start="2011-01-29-20.03.39.993" stop="2011-01-29-20.03.40.527" tests="1" time="0.534" timestamp="Sat Jan 29 20:03:39 UTC 2011">
      <testcase name="occupy_component" start="2011-01-29-20.03.40.276" stop="2011-01-29-20.03.40.499" time="0.223">
        <property name="C1.dtf.debug.port" value="40003" />

        <property name="C1.node.id" value="2" />

        <property name="C1.dtf.tunneled" value="false" />

        <property name="C1.dtf.os.version" value="2.6.32-305-ec2" />

        <property name="C1.dtf.node.host" value="127.0.0.1" />

        <property name="C1.dtf.os.name" value="Linux" />

        <property name="C1.dtf.node.user" value="dtftest" />

        <property name="C1.dtf.node.home" value="/home/dtftest/build/dtf/build/dtf/dist" />

        <property name="C1.dtf.node.type" value="dtfa" />

        <property name="C1.dtf.os.arch" value="i386" />

      </testcase>

      <system-out />

      <system-err />

    </testsuite>

    <testsuite classname="dtf.lockcomponent" disabled="0" errors="0" failures="0" name="dtf.lockcomponent" passed="1" start="2011-01-29-20.03.40.119" stop="2011-01-29-20.03.40.691" tests="1" time="0.572" timestamp="Sat Jan 29 20:03:40 UTC 2011">
      <testcase name="occupy_component" start="2011-01-29-20.03.40.341" stop="2011-01-29-20.03.40.685" time="0.344">
        <property name="C1.dtf.debug.port" value="40002" />

        <property name="C1.node.id" value="3" />

        <property name="C1.dtf.tunneled" value="false" />

        <property name="C1.dtf.os.version" value="2.6.32-305-ec2" />

        <property name="C1.dtf.node.host" value="127.0.0.1" />

        <property name="C1.dtf.os.name" value="Linux" />

        <property name="C1.dtf.node.user" value="dtftest" />

        <property name="C1.dtf.node.home" value="/home/dtftest/build/dtf/build/dtf/dist" />

        <property name="C1.dtf.node.type" value="dtfa" />

        <property name="C1.dtf.os.arch" value="i386" />

      </testcase>

      <system-out />

      <system-err />

    </testsuite>

    <testsuite classname="dtf.lockcomponent" disabled="0" errors="0" failures="0" name="dtf.lockcomponent" passed="1" start="2011-01-29-20.03.40.346" stop="2011-01-29-20.03.40.849" tests="1" time="0.503" timestamp="Sat Jan 29 20:03:40 UTC 2011">
      <testcase name="occupy_component" start="2011-01-29-20.03.40.692" stop="2011-01-29-20.03.40.841" time="0.149">
        <property name="C1.dtf.debug.port" value="40002" />

        <property name="C1.node.id" value="3" />

        <property name="C1.dtf.tunneled" value="false" />

        <property name="C1.dtf.os.version" value="2.6.32-305-ec2" />

        <property name="C1.dtf.node.host" value="127.0.0.1" />

        <property name="C1.dtf.os.name" value="Linux" />

        <property name="C1.dtf.node.user" value="dtftest" />

        <property name="C1.dtf.node.home" value="/home/dtftest/build/dtf/build/dtf/dist" />

        <property name="C1.dtf.node.type" value="dtfa" />

        <property name="C1.dtf.os.arch" value="i386" />

      </testcase>

      <system-out />

      <system-err />

    </testsuite>

    <testsuite classname="dtf.lockcomponent" disabled="0" errors="0" failures="0" name="dtf.lockcomponent" passed="1" start="2011-01-29-20.03.40.849" stop="2011-01-29-20.03.41.111" tests="1" time="0.262" timestamp="Sat Jan 29 20:03:40 UTC 2011">
      <testcase name="parallel_occupy_component" start="2011-01-29-20.03.40.907" stop="2011-01-29-20.03.41.067" time="0.16">
        <property name="C1.dtf.node.type" value="dtfa" />

        <property name="C3.dtf.node.host" value="127.0.0.1" />

        <property name="C2.dtf.debug.port" value="40003" />

        <property name="C2.dtf.node.type" value="dtfa" />

        <property name="C1.dtf.tunneled" value="false" />

        <property name="C2.node.id" value="2" />

        <property name="C2.dtf.tunneled" value="false" />

        <property name="C2.dtf.os.version" value="2.6.32-305-ec2" />

        <property name="C1.node.id" value="1" />

        <property name="C1.dtf.debug.port" value="40001" />

        <property name="C3.dtf.node.home" value="/home/dtftest/build/dtf/build/dtf/dist" />

        <property name="C3.dtf.debug.port" value="40002" />

        <property name="C1.dtf.node.host" value="127.0.0.1" />

        <property name="C2.dtf.node.host" value="127.0.0.1" />

        <property name="C3.dtf.node.user" value="dtftest" />

        <property name="C3.dtf.os.version" value="2.6.32-305-ec2" />

        <property name="C1.dtf.os.arch" value="i386" />

        <property name="C1.dtf.os.name" value="Linux" />

        <property name="C3.node.id" value="3" />

        <property name="C3.dtf.tunneled" value="false" />

        <property name="C3.dtf.node.type" value="dtfa" />

        <property name="C1.dtf.node.home" value="/home/dtftest/build/dtf/build/dtf/dist" />

        <property name="C2.dtf.os.arch" value="i386" />

        <property name="C2.dtf.os.name" value="Linux" />

        <property name="C2.dtf.node.home" value="/home/dtftest/build/dtf/build/dtf/dist" />

        <property name="C1.dtf.node.user" value="dtftest" />

        <property name="C3.dtf.os.name" value="Linux" />

        <property name="C3.dtf.os.arch" value="i386" />

        <property name="C1.dtf.os.version" value="2.6.32-305-ec2" />

        <property name="C2.dtf.node.user" value="dtftest" />

      </testcase>

      <system-out />

      <system-err />

    </testsuite>

    <testsuite classname="dtf.lockcomponent" disabled="0" errors="0" failures="0" name="dtf.lockcomponent" passed="1" start="2011-01-29-20.03.41.171" stop="2011-01-29-20.03.41.442" tests="1" time="0.271" timestamp="Sat Jan 29 20:03:41 UTC 2011">
      <property name="C1.dtf.debug.port" value="40002" />

      <property name="C1.node.id" value="3" />

      <property name="C1.dtf.tunneled" value="false" />

      <property name="C1.dtf.os.version" value="2.6.32-305-ec2" />

      <property name="C1.dtf.node.host" value="127.0.0.1" />

      <property name="C1.dtf.os.name" value="Linux" />

      <property name="C1.dtf.node.user" value="dtftest" />

      <property name="C1.dtf.node.home" value="/home/dtftest/build/dtf/build/dtf/dist" />

      <property name="C1.dtf.node.type" value="dtfa" />

      <property name="C1.dtf.os.arch" value="i386" />

      <testcase name="function_occupy_component" start="2011-01-29-20.03.41.234" stop="2011-01-29-20.03.41.393" time="0.159">
        <property name="C1.dtf.node.type" value="dtfa" />

        <property name="C3.dtf.node.host" value="127.0.0.1" />

        <property name="C2.dtf.debug.port" value="40003" />

        <property name="C2.dtf.node.type" value="dtfa" />

        <property name="C1.dtf.tunneled" value="false" />

        <property name="C2.node.id" value="2" />

        <property name="C2.dtf.tunneled" value="false" />

        <property name="C2.dtf.os.version" value="2.6.32-305-ec2" />

        <property name="C1.node.id" value="1" />

        <property name="C1.dtf.debug.port" value="40001" />

        <property name="C3.dtf.node.home" value="/home/dtftest/build/dtf/build/dtf/dist" />

        <property name="C3.dtf.debug.port" value="40002" />

        <property name="C1.dtf.node.host" value="127.0.0.1" />

        <property name="C2.dtf.node.host" value="127.0.0.1" />

        <property name="C3.dtf.node.user" value="dtftest" />

        <property name="C3.dtf.os.version" value="2.6.32-305-ec2" />

        <property name="C1.dtf.os.arch" value="i386" />

        <property name="C1.dtf.os.name" value="Linux" />

        <property name="C3.node.id" value="3" />

        <property name="C3.dtf.tunneled" value="false" />

        <property name="C3.dtf.node.type" value="dtfa" />

        <property name="C1.dtf.node.home" value="/home/dtftest/build/dtf/build/dtf/dist" />

        <property name="C2.dtf.os.arch" value="i386" />

        <property name="C2.dtf.os.name" value="Linux" />

        <property name="C2.dtf.node.home" value="/home/dtftest/build/dtf/build/dtf/dist" />

        <property name="C1.dtf.node.user" value="dtftest" />

        <property name="C3.dtf.os.name" value="Linux" />

        <property name="C3.dtf.os.arch" value="i386" />

        <property name="C1.dtf.os.version" value="2.6.32-305-ec2" />

        <property name="C2.dtf.node.user" value="dtftest" />

      </testcase>

      <system-out />

      <system-err />

    </testsuite>

    <testcase name="lockcomponent" start="2011-01-29-20.03.38.045" stop="2011-01-29-20.03.41.540" time="3.495">
      <property name="C1.dtf.debug.port" value="40002" />

      <property name="C1.node.id" value="3" />

      <property name="C1.dtf.tunneled" value="false" />

      <property name="C1.dtf.os.version" value="2.6.32-305-ec2" />

      <property name="C1.dtf.node.host" value="127.0.0.1" />

      <property name="C1.dtf.os.name" value="Linux" />

      <property name="C1.dtf.node.user" value="dtftest" />

      <property name="C1.dtf.node.home" value="/home/dtftest/build/dtf/build/dtf/dist" />

      <property name="C1.dtf.node.type" value="dtfa" />

      <property name="C1.dtf.os.arch" value="i386" />

    </testcase>

    <testcase name="lockgroup" start="2011-01-29-20.03.41.578" stop="2011-01-29-20.03.42.784" time="1.206">
      <property name="DTFA2-2.dtf.os.name" value="Linux" />

      <property name="DTFA2-2.node.id" value="1" />

      <property name="DTFA1-2.dtf.node.host" value="127.0.0.1" />

      <property name="DTFA2-1.dtf.node.type" value="dtfa" />

      <property name="DTFA1-2.dtf.node.home" value="/home/dtftest/build/dtf/build/dtf/dist" />

      <property name="DTFA1-1.node.id" value="1" />

      <property name="DTFA2-2.dtf.debug.port" value="40001" />

      <property name="DTFA2-1.dtf.node.host" value="127.0.0.1" />

      <property name="DTFA2-1.dtf.debug.port" value="40003" />

      <property name="DTFA2-1.dtf.os.arch" value="i386" />

      <property name="DTFA1-2.dtf.os.version" value="2.6.32-305-ec2" />

      <property name="DTFA2-2.dtf.node.user" value="dtftest" />

      <property name="DTFA1-1.dtf.os.version" value="2.6.32-305-ec2" />

      <property name="DTFA1-1.dtf.node.type" value="dtfa" />

      <property name="DTFA2-1.dtf.node.home" value="/home/dtftest/build/dtf/build/dtf/dist" />

      <property name="DTFA2-1.dtf.os.name" value="Linux" />

      <property name="DTFA1-2.dtf.os.arch" value="i386" />

      <property name="DTFA2-2.dtf.tunneled" value="false" />

      <property name="DTFA1-2.dtf.tunneled" value="false" />

      <property name="DTFA1-2.dtf.os.name" value="Linux" />

      <property name="DTFA1-1.dtf.node.host" value="127.0.0.1" />

      <property name="DTFA1-2.dtf.node.user" value="dtftest" />

      <property name="DTFA1-1.dtf.node.home" value="/home/dtftest/build/dtf/build/dtf/dist" />

      <property name="DTFA1-2.node.id" value="2" />

      <property name="DTFA2-1.node.id" value="2" />

      <property name="DTFA2-1.dtf.tunneled" value="false" />

      <property name="DTFA1-1.dtf.os.arch" value="i386" />

      <property name="DTFA1-1.dtf.tunneled" value="false" />

      <property name="DTFA2-1.dtf.node.user" value="dtftest" />

      <property name="DTFA1-1.dtf.os.name" value="Linux" />

      <property name="DTFA2-2.dtf.os.version" value="2.6.32-305-ec2" />

      <property name="DTFA2-2.dtf.node.type" value="dtfa" />

      <property name="DTFA2-1.dtf.os.version" value="2.6.32-305-ec2" />

      <property name="DTFA1-2.dtf.debug.port" value="40003" />

      <property name="DTFA1-1.dtf.debug.port" value="40001" />

      <property name="DTFA2-2.dtf.node.host" value="127.0.0.1" />

      <property name="DTFA1-1.dtf.node.user" value="dtftest" />

      <property name="DTFA2-2.dtf.os.arch" value="i386" />

      <property name="DTFA1-2.dtf.node.type" value="dtfa" />

      <property name="DTFA2-2.dtf.node.home" value="/home/dtftest/build/dtf/build/dtf/dist" />

    </testcase>

    <testcase name="remotestorage" start="2011-01-29-20.03.43.041" stop="2011-01-29-20.03.45.434" time="2.393">
      <property name="DTFA2.dtf.os.name" value="Linux" />

      <property name="DTFA2.dtf.os.arch" value="i386" />

      <property name="DTFA3.dtf.node.type" value="dtfa" />

      <property name="DTFA2.dtf.tunneled" value="false" />

      <property name="DTFA1.dtf.node.home" value="/home/dtftest/build/dtf/build/dtf/dist" />

      <property name="DTFA3.dtf.tunneled" value="false" />

      <property name="DTFA2.dtf.node.home" value="/home/dtftest/build/dtf/build/dtf/dist" />

      <property name="DTFA3.dtf.os.name" value="Linux" />

      <property name="DTFA3.dtf.os.arch" value="i386" />

      <property name="DTFA3.dtf.os.version" value="2.6.32-305-ec2" />

      <property name="DTFA1.dtf.node.user" value="dtftest" />

      <property name="DTFA2.dtf.debug.port" value="40003" />

      <property name="DTFA3.node.id" value="1" />

      <property name="DTFA2.dtf.node.user" value="dtftest" />

      <property name="DTFA1.node.id" value="3" />

      <property name="DTFA1.dtf.node.type" value="dtfa" />

      <property name="DTFA3.dtf.node.host" value="127.0.0.1" />

      <property name="DTFA2.dtf.node.type" value="dtfa" />

      <property name="DTFA3.dtf.debug.port" value="40001" />

      <property name="DTFA1.dtf.tunneled" value="false" />

      <property name="DTFA1.dtf.os.version" value="2.6.32-305-ec2" />

      <property name="DTFA3.dtf.node.home" value="/home/dtftest/build/dtf/build/dtf/dist" />

      <property name="DTFA2.node.id" value="2" />

      <property name="DTFA1.dtf.os.arch" value="i386" />

      <property name="DTFA1.dtf.os.name" value="Linux" />

      <property name="DTFA1.dtf.node.host" value="127.0.0.1" />

      <property name="DTFA2.dtf.node.host" value="127.0.0.1" />

      <property name="DTFA3.dtf.node.user" value="dtftest" />

      <property name="DTFA2.dtf.os.version" value="2.6.32-305-ec2" />

      <property name="DTFA1.dtf.debug.port" value="40002" />

    </testcase>

    <testcase name="recorder" start="2011-01-29-20.03.45.644" stop="2011-01-29-20.03.45.818" time="0.174">
      <property name="DTFA1.dtf.node.host" value="127.0.0.1" />

      <property name="DTFA1.dtf.tunneled" value="false" />

      <property name="DTFA1.dtf.os.name" value="Linux" />

      <property name="DTFA1.dtf.debug.port" value="40003" />

      <property name="DTFA1.dtf.os.version" value="2.6.32-305-ec2" />

      <property name="DTFA1.dtf.node.user" value="dtftest" />

      <property name="DTFA1.dtf.os.arch" value="i386" />

      <property name="DTFA1.node.id" value="2" />

      <property name="DTFA1.dtf.node.home" value="/home/dtftest/build/dtf/build/dtf/dist" />

      <property name="DTFA1.dtf.node.type" value="dtfa" />

    </testcase>

    <testcase name="stats_recorder" start="2011-01-29-20.03.45.863" stop="2011-01-29-20.03.45.865" time="0.0020">
</testcase>

    <testsuite classname="dtf.query" disabled="0" errors="0" failures="0" name="dtf.query" passed="1" start="2011-01-29-20.03.46.114" stop="2011-01-29-20.03.46.867" tests="1" time="0.753" timestamp="Sat Jan 29 20:03:46 UTC 2011">
      <testcase name="query" start="2011-01-29-20.03.46.415" stop="2011-01-29-20.03.46.867" time="0.452">
</testcase>

      <system-out />

      <system-err />

    </testsuite>

    <testcase name="query" start="2011-01-29-20.03.46.050" stop="2011-01-29-20.03.47.231" time="1.181">
</testcase>

    <testcase name="event" start="2011-01-29-20.03.47.348" stop="2011-01-29-20.03.47.662" time="0.314">
      <property name="DTFA1.dtf.node.host" value="127.0.0.1" />

      <property name="DTFA1.dtf.tunneled" value="false" />

      <property name="DTFA1.dtf.os.name" value="Linux" />

      <property name="DTFA1.dtf.debug.port" value="40001" />

      <property name="DTFA1.dtf.os.version" value="2.6.32-305-ec2" />

      <property name="DTFA1.dtf.node.user" value="dtftest" />

      <property name="DTFA1.dtf.os.arch" value="i386" />

      <property name="DTFA1.node.id" value="1" />

      <property name="DTFA1.dtf.node.home" value="/home/dtftest/build/dtf/build/dtf/dist" />

      <property name="DTFA1.dtf.node.type" value="dtfa" />

    </testcase>

    <testcase name="event_visibility" start="2011-01-29-20.03.47.768" stop="2011-01-29-20.03.47.928" time="0.16">
      <property name="C1.dtf.debug.port" value="40002" />

      <property name="C1.node.id" value="3" />

      <property name="C1.dtf.tunneled" value="false" />

      <property name="C1.dtf.os.version" value="2.6.32-305-ec2" />

      <property name="C1.dtf.node.host" value="127.0.0.1" />

      <property name="C1.dtf.os.name" value="Linux" />

      <property name="C1.dtf.node.user" value="dtftest" />

      <property name="C1.dtf.node.home" value="/home/dtftest/build/dtf/build/dtf/dist" />

      <property name="C1.dtf.node.type" value="dtfa" />

      <property name="C1.dtf.os.arch" value="i386" />

    </testcase>

    <testcase name="compare" start="2011-01-29-20.03.48.196" stop="2011-01-29-20.03.48.355" time="0.159">
</testcase>

    <testcase name="filter" start="2011-01-29-20.03.48.463" stop="2011-01-29-20.03.48.732" time="0.269">
</testcase>

    <testcase name="sort" start="2011-01-29-20.03.48.842" stop="2011-01-29-20.03.49.091" time="0.249">
</testcase>

    <testsuite classname="dtf.testsuite1" disabled="0" errors="0" failures="0" name="dtf.testsuite1" passed="13" start="2011-01-29-20.03.49.199" stop="2011-01-29-20.03.50.062" tests="13" time="0.863" timestamp="Sat Jan 29 20:03:49 UTC 2011">
      <testcase name="donothing" start="2011-01-29-20.03.49.285" stop="2011-01-29-20.03.49.285" time="0.0">
</testcase>

      <testcase name="testcase1" start="2011-01-29-20.03.49.264" stop="2011-01-29-20.03.49.287" time="0.023">
</testcase>

      <testcase name="donothing" start="2011-01-29-20.03.49.433" stop="2011-01-29-20.03.49.433" time="0.0">
</testcase>

      <testcase name="testcase2" start="2011-01-29-20.03.49.410" stop="2011-01-29-20.03.49.434" time="0.024">
</testcase>

      <testcase name="donothing" start="2011-01-29-20.03.49.564" stop="2011-01-29-20.03.49.564" time="0.0">
</testcase>

      <testcase name="testcase3" start="2011-01-29-20.03.49.541" stop="2011-01-29-20.03.49.565" time="0.024">
</testcase>

      <testsuite classname="dtf.testsuite2" disabled="0" errors="0" failures="0" name="dtf.testsuite2" passed="6" start="2011-01-29-20.03.49.680" stop="2011-01-29-20.03.50.062" tests="6" time="0.382" timestamp="Sat Jan 29 20:03:49 UTC 2011">
        <testcase name="donothing" start="2011-01-29-20.03.49.765" stop="2011-01-29-20.03.49.765" time="0.0">
</testcase>

        <testcase name="testcase3" start="2011-01-29-20.03.49.741" stop="2011-01-29-20.03.49.767" time="0.026">
</testcase>

        <testcase name="donothing" start="2011-01-29-20.03.49.917" stop="2011-01-29-20.03.49.917" time="0.0">
</testcase>

        <testcase name="testcase-sub2" start="2011-01-29-20.03.49.896" stop="2011-01-29-20.03.49.918" time="0.022">
</testcase>

        <testcase name="donothing" start="2011-01-29-20.03.50.061" stop="2011-01-29-20.03.50.061" time="0.0">
</testcase>

        <testcase name="testcase-sub3" start="2011-01-29-20.03.50.040" stop="2011-01-29-20.03.50.062" time="0.022">
</testcase>

        <system-out />

        <system-err />

      </testsuite>

      <testcase name="testsuite-sub" start="2011-01-29-20.03.49.679" stop="2011-01-29-20.03.50.062" time="0.383">
</testcase>

      <system-out />

      <system-err />

    </testsuite>

    <testcase name="testsuite" start="2011-01-29-20.03.49.130" stop="2011-01-29-20.03.50.068" time="0.938">
</testcase>

    <testsuite classname="dtf.results" disabled="0" errors="0" failures="0" name="dtf.results" passed="13" start="2011-01-29-20.03.50.188" stop="2011-01-29-20.03.51.081" tests="13" time="0.893" timestamp="Sat Jan 29 20:03:50 UTC 2011">
      <testcase name="donothing" start="2011-01-29-20.03.50.324" stop="2011-01-29-20.03.50.324" time="0.0">
</testcase>

      <testcase name="testcase1" start="2011-01-29-20.03.50.240" stop="2011-01-29-20.03.50.326" time="0.086">
</testcase>

      <testcase name="donothing" start="2011-01-29-20.03.50.450" stop="2011-01-29-20.03.50.450" time="0.0">
</testcase>

      <testcase name="testcase2" start="2011-01-29-20.03.50.385" stop="2011-01-29-20.03.50.451" time="0.066">
</testcase>

      <testcase name="donothing" start="2011-01-29-20.03.50.572" stop="2011-01-29-20.03.50.572" time="0.0">
</testcase>

      <testcase name="testcase3" start="2011-01-29-20.03.50.549" stop="2011-01-29-20.03.50.573" time="0.024">
</testcase>

      <testsuite classname="dtf.testsuite2" disabled="0" errors="0" failures="0" name="dtf.testsuite2" passed="6" start="2011-01-29-20.03.50.668" stop="2011-01-29-20.03.51.081" tests="6" time="0.413" timestamp="Sat Jan 29 20:03:50 UTC 2011">
        <testcase name="donothing" start="2011-01-29-20.03.50.815" stop="2011-01-29-20.03.50.815" time="0.0">
</testcase>

        <testcase name="testcase3" start="2011-01-29-20.03.50.761" stop="2011-01-29-20.03.50.816" time="0.055">
</testcase>

        <testcase name="donothing" start="2011-01-29-20.03.50.963" stop="2011-01-29-20.03.50.963" time="0.0">
</testcase>

        <testcase name="testcase-sub2" start="2011-01-29-20.03.50.879" stop="2011-01-29-20.03.50.964" time="0.085">
</testcase>

        <testcase name="donothing" start="2011-01-29-20.03.51.078" stop="2011-01-29-20.03.51.078" time="0.0">
</testcase>

        <testcase name="testcase-sub3" start="2011-01-29-20.03.50.997" stop="2011-01-29-20.03.51.081" time="0.084">
</testcase>

        <system-out />

        <system-err />

      </testsuite>

      <testcase name="testsuite-sub" start="2011-01-29-20.03.50.668" stop="2011-01-29-20.03.51.081" time="0.413">
</testcase>

      <system-out />

      <system-err />

    </testsuite>

    <testsuite classname="dtf.results" disabled="0" errors="0" failures="0" name="dtf.results" passed="13" start="2011-01-29-20.03.51.086" stop="2011-01-29-20.03.52.021" tests="13" time="0.935" timestamp="Sat Jan 29 20:03:51 UTC 2011">
      <testcase name="donothing" start="2011-01-29-20.03.51.237" stop="2011-01-29-20.03.51.237" time="0.0">
</testcase>

      <testcase name="testcase3" start="2011-01-29-20.03.51.149" stop="2011-01-29-20.03.51.238" time="0.089">
</testcase>

      <testcase name="donothing" start="2011-01-29-20.03.51.350" stop="2011-01-29-20.03.51.350" time="0.0">
</testcase>

      <testcase name="testcase2" start="2011-01-29-20.03.51.300" stop="2011-01-29-20.03.51.351" time="0.051">
</testcase>

      <testcase name="donothing" start="2011-01-29-20.03.51.514" stop="2011-01-29-20.03.51.514" time="0.0">
</testcase>

      <testcase name="testcase3" start="2011-01-29-20.03.51.443" stop="2011-01-29-20.03.51.515" time="0.072">
</testcase>

      <testsuite classname="dtf.testsuite2" disabled="0" errors="0" failures="0" name="dtf.testsuite2" passed="6" start="2011-01-29-20.03.51.636" stop="2011-01-29-20.03.52.021" tests="6" time="0.385" timestamp="Sat Jan 29 20:03:51 UTC 2011">
        <testcase name="donothing" start="2011-01-29-20.03.51.752" stop="2011-01-29-20.03.51.752" time="0.0">
</testcase>

        <testcase name="testcase3" start="2011-01-29-20.03.51.732" stop="2011-01-29-20.03.51.753" time="0.021">
</testcase>

        <testcase name="donothing" start="2011-01-29-20.03.51.871" stop="2011-01-29-20.03.51.871" time="0.0">
</testcase>

        <testcase name="testcase-sub2" start="2011-01-29-20.03.51.846" stop="2011-01-29-20.03.51.873" time="0.027">
</testcase>

        <testcase name="donothing" start="2011-01-29-20.03.52.020" stop="2011-01-29-20.03.52.020" time="0.0">
</testcase>

        <testcase name="testcase-sub3" start="2011-01-29-20.03.52.000" stop="2011-01-29-20.03.52.021" time="0.021">
</testcase>

        <system-out />

        <system-err />

      </testsuite>

      <testcase name="testsuite-sub" start="2011-01-29-20.03.51.635" stop="2011-01-29-20.03.52.021" time="0.386">
</testcase>

      <system-out />

      <system-err />

    </testsuite>

    <testsuite classname="dtf.results" disabled="0" errors="0" failures="0" name="dtf.results" passed="13" start="2011-01-29-20.03.52.023" stop="2011-01-29-20.03.52.908" tests="13" time="0.885" timestamp="Sat Jan 29 20:03:52 UTC 2011">
      <testcase name="donothing" start="2011-01-29-20.03.52.164" stop="2011-01-29-20.03.52.164" time="0.0">
</testcase>

      <testcase name="testcase3" start="2011-01-29-20.03.52.143" stop="2011-01-29-20.03.52.165" time="0.022">
</testcase>

      <testcase name="donothing" start="2011-01-29-20.03.52.281" stop="2011-01-29-20.03.52.281" time="0.0">
</testcase>

      <testcase name="testcase2" start="2011-01-29-20.03.52.227" stop="2011-01-29-20.03.52.282" time="0.055">
</testcase>

      <testcase name="donothing" start="2011-01-29-20.03.52.428" stop="2011-01-29-20.03.52.428" time="0.0">
</testcase>

      <testcase name="testcase3" start="2011-01-29-20.03.52.353" stop="2011-01-29-20.03.52.429" time="0.076">
</testcase>

      <testsuite classname="dtf.testsuite2" disabled="0" errors="0" failures="0" name="dtf.testsuite2" passed="6" start="2011-01-29-20.03.52.492" stop="2011-01-29-20.03.52.908" tests="6" time="0.416" timestamp="Sat Jan 29 20:03:52 UTC 2011">
        <testcase name="donothing" start="2011-01-29-20.03.52.642" stop="2011-01-29-20.03.52.642" time="0.0">
</testcase>

        <testcase name="testcase3" start="2011-01-29-20.03.52.558" stop="2011-01-29-20.03.52.643" time="0.085">
</testcase>

        <testcase name="donothing" start="2011-01-29-20.03.52.759" stop="2011-01-29-20.03.52.759" time="0.0">
</testcase>

        <testcase name="testcase-sub2" start="2011-01-29-20.03.52.708" stop="2011-01-29-20.03.52.760" time="0.052">
</testcase>

        <testcase name="donothing" start="2011-01-29-20.03.52.907" stop="2011-01-29-20.03.52.907" time="0.0">
</testcase>

        <testcase name="testcase-sub3" start="2011-01-29-20.03.52.852" stop="2011-01-29-20.03.52.908" time="0.056">
</testcase>

        <system-out />

        <system-err />

      </testsuite>

      <testcase name="testsuite-sub" start="2011-01-29-20.03.52.491" stop="2011-01-29-20.03.52.908" time="0.417">
</testcase>

      <system-out />

      <system-err />

    </testsuite>

    <testcase name="donothing" start="2011-01-29-20.03.53.009" stop="2011-01-29-20.03.53.009" time="0.0">
</testcase>

    <testcase name="testcase1" start="2011-01-29-20.03.52.989" stop="2011-01-29-20.03.53.011" time="0.022">
</testcase>

    <testcase name="donothing" start="2011-01-29-20.03.53.157" stop="2011-01-29-20.03.53.157" time="0.0">
</testcase>

    <testcase name="testcase1" start="2011-01-29-20.03.53.136" stop="2011-01-29-20.03.53.158" time="0.022">
</testcase>

    <testcase name="results" start="2011-01-29-20.03.50.185" stop="2011-01-29-20.03.53.158" time="2.973">
</testcase>

    <testsuite classname="dtf.concurrent_suite" disabled="0" errors="0" failures="0" name="dtf.concurrent_suite" passed="10" start="2011-01-29-20.03.53.272" stop="2011-01-29-20.03.53.767" tests="10" time="0.495" timestamp="Sat Jan 29 20:03:53 UTC 2011">
      <testcase name="echo" start="2011-01-29-20.03.53.449" stop="2011-01-29-20.03.53.449" time="0.0">
</testcase>

      <testcase name="echo" start="2011-01-29-20.03.53.512" stop="2011-01-29-20.03.53.512" time="0.0">
</testcase>

      <testcase name="echo" start="2011-01-29-20.03.53.454" stop="2011-01-29-20.03.53.454" time="0.0">
</testcase>

      <testcase name="echo" start="2011-01-29-20.03.53.523" stop="2011-01-29-20.03.53.523" time="0.0">
</testcase>

      <testcase name="echo" start="2011-01-29-20.03.53.523" stop="2011-01-29-20.03.53.523" time="0.0">
</testcase>

      <testcase name="echo" start="2011-01-29-20.03.53.656" stop="2011-01-29-20.03.53.656" time="0.0">
</testcase>

      <testcase name="echo" start="2011-01-29-20.03.53.672" stop="2011-01-29-20.03.53.672" time="0.0">
</testcase>

      <testcase name="echo" start="2011-01-29-20.03.53.722" stop="2011-01-29-20.03.53.722" time="0.0">
</testcase>

      <testcase name="echo" start="2011-01-29-20.03.53.733" stop="2011-01-29-20.03.53.733" time="0.0">
</testcase>

      <testcase name="echo" start="2011-01-29-20.03.53.767" stop="2011-01-29-20.03.53.767" time="0.0">
</testcase>

      <system-out />

      <system-err />

    </testsuite>

    <testcase name="concurrent_suite" start="2011-01-29-20.03.53.266" stop="2011-01-29-20.03.53.770" time="0.504">
</testcase>

    <testcase name="stats" start="2011-01-29-20.03.53.974" stop="2011-01-29-20.03.54.140" time="0.166">
</testcase>

    <testcase name="file" start="2011-01-29-20.03.54.252" stop="2011-01-29-20.03.55.361" time="1.109">
      <property name="DTFA1.dtf.node.host" value="127.0.0.1" />

      <property name="DTFA1.dtf.tunneled" value="false" />

      <property name="DTFA1.dtf.os.name" value="Linux" />

      <property name="DTFA1.dtf.debug.port" value="40003" />

      <property name="DTFA1.dtf.os.version" value="2.6.32-305-ec2" />

      <property name="DTFA1.dtf.node.user" value="dtftest" />

      <property name="DTFA1.dtf.os.arch" value="i386" />

      <property name="DTFA1.node.id" value="2" />

      <property name="DTFA1.dtf.node.home" value="/home/dtftest/build/dtf/build/dtf/dist" />

      <property name="DTFA1.dtf.node.type" value="dtfa" />

    </testcase>

    <testcase name="http" start="2011-01-29-20.03.57.433" stop="2011-01-29-20.03.58.712" time="1.279">
</testcase>

    <testcase name="http_server" start="2011-01-29-20.03.59.048" stop="2011-01-29-20.04.01.244" time="2.196">
</testcase>

    <testcase name="http_cleanup_test" start="2011-01-29-20.04.01.396" stop="2011-01-29-20.04.02.433" time="1.037">
      <property name="C1.dtf.node.type" value="dtfa" />

      <property name="C2.dtf.debug.port" value="40001" />

      <property name="C2.dtf.node.type" value="dtfa" />

      <property name="C1.dtf.tunneled" value="false" />

      <property name="C2.node.id" value="1" />

      <property name="C2.dtf.tunneled" value="false" />

      <property name="C2.dtf.os.version" value="2.6.32-305-ec2" />

      <property name="C1.node.id" value="3" />

      <property name="C1.dtf.debug.port" value="40002" />

      <property name="C1.dtf.node.host" value="127.0.0.1" />

      <property name="C2.dtf.node.host" value="127.0.0.1" />

      <property name="C1.dtf.os.arch" value="i386" />

      <property name="C1.dtf.os.name" value="Linux" />

      <property name="C1.dtf.node.home" value="/home/dtftest/build/dtf/build/dtf/dist" />

      <property name="C2.dtf.os.arch" value="i386" />

      <property name="C2.dtf.os.name" value="Linux" />

      <property name="C2.dtf.node.home" value="/home/dtftest/build/dtf/build/dtf/dist" />

      <property name="C1.dtf.node.user" value="dtftest" />

      <property name="C1.dtf.os.version" value="2.6.32-305-ec2" />

      <property name="C2.dtf.node.user" value="dtftest" />

    </testcase>

    <testcase name="string_manipulation" start="2011-01-29-20.04.02.679" stop="2011-01-29-20.04.02.680" time="0.0010">
</testcase>

    <testcase name="string_transform" start="2011-01-29-20.04.02.785" stop="2011-01-29-20.04.02.786" time="0.0010">
</testcase>

    <testcase name="convert" start="2011-01-29-20.04.02.902" stop="2011-01-29-20.04.03.001" time="0.099">
</testcase>

    <testcase name="arithmetic" start="2011-01-29-20.04.03.216" stop="2011-01-29-20.04.03.218" time="0.0020">
</testcase>

    <testcase name="random" start="2011-01-29-20.04.03.402" stop="2011-01-29-20.04.03.811" time="0.409">
</testcase>

    <testcase name="monitor" start="2011-01-29-20.04.04.010" stop="2011-01-29-20.04.04.194" time="0.184">
      <property name="AGENT1.dtf.os.arch" value="i386" />

      <property name="AGENT1.dtf.tunneled" value="false" />

      <property name="AGENT1.dtf.node.home" value="/home/dtftest/build/dtf/build/dtf/dist" />

      <property name="AGENT1.dtf.node.type" value="dtfa" />

      <property name="AGENT1.node.id" value="2" />

      <property name="AGENT1.dtf.node.host" value="127.0.0.1" />

      <property name="AGENT1.dtf.os.name" value="Linux" />

      <property name="AGENT1.dtf.debug.port" value="40003" />

      <property name="AGENT1.dtf.os.version" value="2.6.32-305-ec2" />

      <property name="AGENT1.dtf.node.user" value="dtftest" />

    </testcase>

    <testcase name="diff" start="2011-01-29-20.04.04.523" stop="2011-01-29-20.04.04.529" time="0.0060">
</testcase>

    <testcase name="xml_xpath" start="2011-01-29-20.04.04.719" stop="2011-01-29-20.04.04.735" time="0.016">
</testcase>

    <testcase name="xml_dynamic" start="2011-01-29-20.04.04.825" stop="2011-01-29-20.04.04.826" time="0.0010">
</testcase>

    <testcase name="json_transform" start="2011-01-29-20.04.04.968" stop="2011-01-29-20.04.04.976" time="0.0080">
</testcase>

    <testcase name="stream" start="2011-01-29-20.04.05.086" stop="2011-01-29-20.04.08.171" time="3.085">
</testcase>

    <testcase name="assertions" start="2011-01-29-20.04.08.401" stop="2011-01-29-20.04.08.402" time="0.0010">
</testcase>

    <testcase name="encoding" start="2011-01-29-20.04.08.515" stop="2011-01-29-20.04.08.518" time="0.0030">
</testcase>

    <testcase name="special_characters" start="2011-01-29-20.04.08.616" stop="2011-01-29-20.04.08.645" time="0.029">
</testcase>

    <testsuite classname="dtf.dummy" disabled="0" errors="0" failures="0" name="dtf.dummy" passed="1" start="2011-01-29-20.04.08.732" stop="2011-01-29-20.04.08.979" tests="1" time="0.247" timestamp="Sat Jan 29 20:04:08 UTC 2011">
      <testcase name="occupy_component" start="2011-01-29-20.04.08.828" stop="2011-01-29-20.04.08.971" time="0.143">
        <property name="C1.dtf.debug.port" value="40001" />

        <property name="C1.node.id" value="1" />

        <property name="C1.dtf.tunneled" value="false" />

        <property name="C1.dtf.os.version" value="2.6.32-305-ec2" />

        <property name="C1.dtf.node.host" value="127.0.0.1" />

        <property name="C1.dtf.os.name" value="Linux" />

        <property name="C1.dtf.node.user" value="dtftest" />

        <property name="C1.dtf.node.home" value="/home/dtftest/build/dtf/build/dtf/dist" />

        <property name="C1.dtf.node.type" value="dtfa" />

        <property name="C1.dtf.os.arch" value="i386" />

      </testcase>

      <system-out />

      <system-err />

    </testsuite>

    <testsuite classname="dtf.dummy" disabled="0" errors="0" failures="0" name="dtf.dummy" passed="1" start="2011-01-29-20.04.09.950" stop="2011-01-29-20.04.10.211" tests="1" time="0.261" timestamp="Sat Jan 29 20:04:09 UTC 2011">
      <property name="C1.dtf.node.type" value="dtfa" />

      <property name="C2.dtf.debug.port" value="40003" />

      <property name="C2.dtf.node.type" value="dtfa" />

      <property name="C1.dtf.tunneled" value="false" />

      <property name="C2.node.id" value="2" />

      <property name="C2.dtf.tunneled" value="false" />

      <property name="C2.dtf.os.version" value="2.6.32-305-ec2" />

      <property name="C1.node.id" value="1" />

      <property name="C1.dtf.debug.port" value="40001" />

      <property name="C1.dtf.node.host" value="127.0.0.1" />

      <property name="C2.dtf.node.host" value="127.0.0.1" />

      <property name="C1.dtf.os.arch" value="i386" />

      <property name="C1.dtf.os.name" value="Linux" />

      <property name="C1.dtf.node.home" value="/home/dtftest/build/dtf/build/dtf/dist" />

      <property name="C2.dtf.os.arch" value="i386" />

      <property name="C2.dtf.os.name" value="Linux" />

      <property name="C2.dtf.node.home" value="/home/dtftest/build/dtf/build/dtf/dist" />

      <property name="C1.dtf.node.user" value="dtftest" />

      <property name="C1.dtf.os.version" value="2.6.32-305-ec2" />

      <property name="C2.dtf.node.user" value="dtftest" />

      <testcase name="occupy_component" start="2011-01-29-20.04.10.015" stop="2011-01-29-20.04.10.200" time="0.185">
        <property name="C1.dtf.debug.port" value="40002" />

        <property name="C1.node.id" value="3" />

        <property name="C1.dtf.tunneled" value="false" />

        <property name="C1.dtf.os.version" value="2.6.32-305-ec2" />

        <property name="C1.dtf.node.host" value="127.0.0.1" />

        <property name="C1.dtf.os.name" value="Linux" />

        <property name="C1.dtf.node.user" value="dtftest" />

        <property name="C1.dtf.node.home" value="/home/dtftest/build/dtf/build/dtf/dist" />

        <property name="C1.dtf.node.type" value="dtfa" />

        <property name="C1.dtf.os.arch" value="i386" />

      </testcase>

      <system-out />

      <system-err />

    </testsuite>

    <testcase name="testscript_component_complex" start="2011-01-29-20.04.08.731" stop="2011-01-29-20.04.10.221" time="1.49">
</testcase>

    <testcase name="rendezvous" start="2011-01-29-20.04.10.480" stop="2011-01-29-20.04.10.638" time="0.158">
</testcase>

    <testcase name="rendezvous_complex" start="2011-01-29-20.04.10.922" stop="2011-01-29-20.04.13.962" time="3.04">
      <property name="C1.dtf.node.type" value="dtfa" />

      <property name="C2.dtf.debug.port" value="40003" />

      <property name="C2.dtf.node.type" value="dtfa" />

      <property name="C1.dtf.tunneled" value="false" />

      <property name="C2.node.id" value="2" />

      <property name="C2.dtf.tunneled" value="false" />

      <property name="C2.dtf.os.version" value="2.6.32-305-ec2" />

      <property name="C1.node.id" value="1" />

      <property name="C1.dtf.debug.port" value="40001" />

      <property name="C1.dtf.node.host" value="127.0.0.1" />

      <property name="C2.dtf.node.host" value="127.0.0.1" />

      <property name="C1.dtf.os.arch" value="i386" />

      <property name="C1.dtf.os.name" value="Linux" />

      <property name="C1.dtf.node.home" value="/home/dtftest/build/dtf/build/dtf/dist" />

      <property name="C2.dtf.os.arch" value="i386" />

      <property name="C2.dtf.os.name" value="Linux" />

      <property name="C2.dtf.node.home" value="/home/dtftest/build/dtf/build/dtf/dist" />

      <property name="C1.dtf.node.user" value="dtftest" />

      <property name="C1.dtf.os.version" value="2.6.32-305-ec2" />

      <property name="C2.dtf.node.user" value="dtftest" />

    </testcase>

    <testcase name="share" start="2011-01-29-20.04.14.306" stop="2011-01-29-20.04.15.031" time="0.725">
      <property name="CONSUMER.dtf.node.user" value="dtftest" />

      <property name="PRODUCER.dtf.os.version" value="2.6.32-305-ec2" />

      <property name="PRODUCER.dtf.node.home" value="/home/dtftest/build/dtf/build/dtf/dist" />

      <property name="CONSUMER.dtf.node.type" value="dtfa" />

      <property name="CONSUMER.dtf.os.version" value="2.6.32-305-ec2" />

      <property name="CONSUMER.dtf.tunneled" value="false" />

      <property name="PRODUCER.dtf.node.user" value="dtftest" />

      <property name="PRODUCER.dtf.debug.port" value="40003" />

      <property name="CONSUMER.node.id" value="1" />

      <property name="PRODUCER.dtf.node.type" value="dtfa" />

      <property name="CONSUMER.dtf.debug.port" value="40001" />

      <property name="CONSUMER.dtf.node.host" value="127.0.0.1" />

      <property name="PRODUCER.node.id" value="2" />

      <property name="PRODUCER.dtf.tunneled" value="false" />

      <property name="PRODUCER.dtf.os.name" value="Linux" />

      <property name="PRODUCER.dtf.os.arch" value="i386" />

      <property name="PRODUCER.dtf.node.host" value="127.0.0.1" />

      <property name="CONSUMER.dtf.node.home" value="/home/dtftest/build/dtf/build/dtf/dist" />

      <property name="CONSUMER.dtf.os.arch" value="i386" />

      <property name="CONSUMER.dtf.os.name" value="Linux" />

    </testcase>

    <testcase name="share_complex" start="2011-01-29-20.04.15.343" stop="2011-01-29-20.04.16.200" time="0.857">
      <property name="C1.dtf.node.type" value="dtfa" />

      <property name="C2.dtf.debug.port" value="40003" />

      <property name="C2.dtf.node.type" value="dtfa" />

      <property name="C1.dtf.tunneled" value="false" />

      <property name="C2.node.id" value="2" />

      <property name="C2.dtf.tunneled" value="false" />

      <property name="C2.dtf.os.version" value="2.6.32-305-ec2" />

      <property name="C1.node.id" value="1" />

      <property name="C1.dtf.debug.port" value="40001" />

      <property name="C1.dtf.node.host" value="127.0.0.1" />

      <property name="C2.dtf.node.host" value="127.0.0.1" />

      <property name="C1.dtf.os.arch" value="i386" />

      <property name="C1.dtf.os.name" value="Linux" />

      <property name="C1.dtf.node.home" value="/home/dtftest/build/dtf/build/dtf/dist" />

      <property name="C2.dtf.os.arch" value="i386" />

      <property name="C2.dtf.os.name" value="Linux" />

      <property name="C2.dtf.node.home" value="/home/dtftest/build/dtf/build/dtf/dist" />

      <property name="C1.dtf.node.user" value="dtftest" />

      <property name="C1.dtf.os.version" value="2.6.32-305-ec2" />

      <property name="C2.dtf.node.user" value="dtftest" />

    </testcase>

    <testcase name="scanf" start="2011-01-29-20.04.16.386" stop="2011-01-29-20.04.16.539" time="0.153">
</testcase>

    <testcase name="printf" start="2011-01-29-20.04.16.591" stop="2011-01-29-20.04.16.595" time="0.0040">
</testcase>

    <testcase name="read_image" start="2011-01-29-20.04.16.723" stop="2011-01-29-20.04.16.728" time="0.0050">
</testcase>

    <system-out><![CDATA[
INFO  29/01/2011 20:03:18 Testsuite       - Starting unittests
INFO  29/01/2011 20:03:18 Testscript      - Executing storage://INPUT/state_management.xml
INFO  29/01/2011 20:03:18 Rename          - Node name is dtfx-3
INFO  29/01/2011 20:03:18 Lockcomponent   - Locked dtfa-0 as DTFA1
WARN  29/01/2011 20:03:18 DTFInputStream  - Using a DTFStream as a String that is 5242880 bytes can be quite inefficient. There are better ways of streaming large amounts of data in DTF.
INFO  29/01/2011 20:03:22 Testscript      - Executing storage://INPUT/storage.xml
INFO  29/01/2011 20:03:23 Testscript      - Executing storage://INPUT/echo.xml
INFO  29/01/2011 20:03:23 Rename          - Node name is dtfx-4
INFO  29/01/2011 20:03:23 Lockcomponent   - Locked dtfa-1 as DTFA1
INFO  29/01/2011 20:03:23 Echo            - a : b : c
INFO  29/01/2011 20:03:23 Testscript      - Executing storage://INPUT/sleep.xml
INFO  29/01/2011 20:03:23 Rename          - Node name is dtfx-5
INFO  29/01/2011 20:03:23 Lockcomponent   - Locked dtfa-2 as C1
INFO  29/01/2011 20:03:24 Testscript      - Executing storage://INPUT/loadproperties.xml
INFO  29/01/2011 20:03:24 Echo            - The previous loadproperties should succeed.
INFO  29/01/2011 20:03:24 Echo            - dtf.test.property1 = property value1
INFO  29/01/2011 20:03:24 Testscript      - Executing storage://INPUT/property_resolution.xml
INFO  29/01/2011 20:03:24 Rename          - Node name is dtfx-6
INFO  29/01/2011 20:03:24 Lockcomponent   - Locked dtfa-0 as DTFA1
INFO  29/01/2011 20:03:25 Testscript      - Executing storage://INPUT/property.xml
INFO  29/01/2011 20:03:25 Echo            - value1
INFO  29/01/2011 20:03:25 Echo            - {
	"ydht": {  
    	"fields": { 
            "hello": { "value": "world2" }, 
            "somearray1": {  
                "value" : {
                    "v1": { "value": 1 }, 
                    "v2": { "value": 2 }, 
                    "v3": { "value": 3 } 
            	}
            }
        }
    }
}

INFO  29/01/2011 20:03:25 Echo            - 
        Contents of the property come from the child text node like this one,
        which will continue to look just like this in the property itself.
        
        test1: value1
        
INFO  29/01/2011 20:03:25 Log             - Data matches!
INFO  29/01/2011 20:03:25 Log             - Caught property recursion correctly.
INFO  29/01/2011 20:03:25 Log             - Caught nested property recursion correctly.
INFO  29/01/2011 20:03:25 Log             - value2value2value2
INFO  29/01/2011 20:03:25 Testscript      - Executing storage://INPUT/cat.xml
INFO  29/01/2011 20:03:25 Log             - Caught exception correctly [Unable to find storage: CACA at tests/ut/cat.xml:51:10]
INFO  29/01/2011 20:03:25 Testscript      - Executing storage://INPUT/log.xml
INFO  29/01/2011 20:03:25 Log             - Just testing the logging functionality
INFO  29/01/2011 20:03:25 Log             - INFO INFO INFO
ERROR 29/01/2011 20:03:25 Log             - ERROR ERROR ERROR
WARN  29/01/2011 20:03:25 Log             - WARNING WARNING WARNING
INFO  29/01/2011 20:03:25 Log             - INFO with tag TESTING
ERROR 29/01/2011 20:03:25 Log             - ERROR with tag TESTING
WARN  29/01/2011 20:03:25 Log             - WARNING with tag TESTING
INFO  29/01/2011 20:03:25 Testscript      - Executing storage://INPUT/for.xml
INFO  29/01/2011 20:03:25 Import          - Importing elements from Import {uri=storage://INPUT/util.xml}
INFO  29/01/2011 20:03:25 Testscript      - Executing storage://INPUT/parallel.xml
INFO  29/01/2011 20:03:26 Testscript      - Executing storage://INPUT/parallelloop.xml
INFO  29/01/2011 20:03:26 Testscript      - Executing storage://INPUT/sequence.xml
INFO  29/01/2011 20:03:26 Echo            - HERE
INFO  29/01/2011 20:03:26 Echo            - HERE
INFO  29/01/2011 20:03:26 Testscript      - Executing storage://INPUT/timer.xml
INFO  29/01/2011 20:03:26 Timer           - Timer took 100ms of 100ms.
INFO  29/01/2011 20:03:26 Testscript      - Executing storage://INPUT/switch.xml
INFO  29/01/2011 20:03:26 Import          - Importing elements from Import {uri=storage://INPUT/util.xml}
INFO  29/01/2011 20:03:26 Log             - Switch case #1
INFO  29/01/2011 20:03:26 Log             - Switch case #2
INFO  29/01/2011 20:03:26 Log             - Looped through switch and function call correctly.
INFO  29/01/2011 20:03:26 Log             - Switch case #2
INFO  29/01/2011 20:03:26 Log             - Looped through switch and function call correctly.
INFO  29/01/2011 20:03:26 Log             - Looped through switch and function call correctly.
INFO  29/01/2011 20:03:26 Log             - Switch went into the failure case correctly.
INFO  29/01/2011 20:03:27 Testscript      - Executing storage://INPUT/while.xml
INFO  29/01/2011 20:03:27 Log             - Thread 1 is starting.
INFO  29/01/2011 20:03:27 Log             - Thread 2 is starting.
INFO  29/01/2011 20:03:27 Log             - Thread 2 is done.
INFO  29/01/2011 20:03:27 Log             - Thread 1 is done.
INFO  29/01/2011 20:03:27 Testscript      - Executing storage://INPUT/break.xml
INFO  29/01/2011 20:03:27 Rename          - Node name is dtfx-7
INFO  29/01/2011 20:03:27 Lockcomponent   - Locked dtfa-1 as C1
INFO  29/01/2011 20:03:27 Timer           - Timer took 0ms of 30000ms.
INFO  29/01/2011 20:03:27 Testscript      - Executing storage://INPUT/try_catch_fail.xml
INFO  29/01/2011 20:03:28 Rename          - Node name is dtfx-8
INFO  29/01/2011 20:03:28 Lockcomponent   - Locked dtfa-2 as DTFA1
INFO  29/01/2011 20:03:28 Echo            - Try/Catch and Fail Unit Test
INFO  29/01/2011 20:03:28 Echo            - The previous statement has failed correctly.
INFO  29/01/2011 20:03:28 Echo            - Caught the exception on outter try/catch.
INFO  29/01/2011 20:03:28 Echo            - Message: Failure should be caught by catch. at tests/ut/try_catch_fail.xml:40:77
INFO  29/01/2011 20:03:28 Echo            - Caught exception from remote component.
INFO  29/01/2011 20:03:28 Echo            - Message: Failing on component at tests/ut/try_catch_fail.xml:66:46 on component [DTFA1]
INFO  29/01/2011 20:03:28 Testscript      - Executing storage://INPUT/fail.xml
INFO  29/01/2011 20:03:28 Rename          - Node name is dtfx-9
INFO  29/01/2011 20:03:28 Lockcomponent   - Locked dtfa-0 as DTFA
INFO  29/01/2011 20:03:28 Testscript      - Executing storage://INPUT/distribute.xml
INFO  29/01/2011 20:03:29 Testscript      - Executing storage://INPUT/choices.xml
INFO  29/01/2011 20:03:30 Import          - Importing elements from Import {uri=storage://INPUT/util.xml}
INFO  29/01/2011 20:03:30 Testscript      - Executing storage://INPUT/if.xml
INFO  29/01/2011 20:03:30 Testscript      - Executing storage://INPUT/similar.xml
INFO  29/01/2011 20:03:31 Log             - png: being checked
INFO  29/01/2011 20:03:31 Log             - images are within 100% similarity
INFO  29/01/2011 20:03:31 Log             - gif: being checked
INFO  29/01/2011 20:03:31 Log             - images are within 100% similarity
INFO  29/01/2011 20:03:31 Log             - bmp: being checked
INFO  29/01/2011 20:03:31 Log             - images are within 100% similarity
INFO  29/01/2011 20:03:31 Testscript      - Executing storage://INPUT/createrange.xml
INFO  29/01/2011 20:03:31 Testscript      - Executing storage://INPUT/range.xml
INFO  29/01/2011 20:03:31 Testscript      - Executing storage://INPUT/range_dist.xml
INFO  29/01/2011 20:03:31 Rename          - Node name is dtfx-10
INFO  29/01/2011 20:03:31 Lockcomponent   - Locked dtfa-1 as C1
INFO  29/01/2011 20:03:33 Testscript      - Executing storage://INPUT/xml_range.xml
INFO  29/01/2011 20:03:33 Log             - XPath range validation
INFO  29/01/2011 20:03:33 Log             - XPath range validation on XML with namespace
INFO  29/01/2011 20:03:33 Log             - XPath range validation on XML with default namespace
INFO  29/01/2011 20:03:33 Log             - negative tests
INFO  29/01/2011 20:03:33 Log             - Failed correctly
INFO  29/01/2011 20:03:33 Testscript      - Executing storage://INPUT/json_range.xml
INFO  29/01/2011 20:03:34 Log             - JPath range validation
INFO  29/01/2011 20:03:34 Log             - Negative Tests
INFO  29/01/2011 20:03:34 Log             - Failed correctly
INFO  29/01/2011 20:03:34 Testscript      - Executing storage://INPUT/functions.xml
INFO  29/01/2011 20:03:34 Import          - Importing elements from Import {uri=storage://INPUT/util.xml}
INFO  29/01/2011 20:03:34 Import          - Importing elements from Import {uri=storage://INPUT/functions_util.xml}
WARN  29/01/2011 20:03:34 Function        - Argument [function] not being used by the function [func2]
WARN  29/01/2011 20:03:34 Function        - Argument [function] not being used by the function [func3]
WARN  29/01/2011 20:03:34 Function        - Argument [p3] not being used by the function [functionWithParams]
INFO  29/01/2011 20:03:34 Testscript      - Executing storage://INPUT/import.xml
INFO  29/01/2011 20:03:34 Import          - Importing elements from Import {uri=storage://INPUT/functions_util.xml}
INFO  29/01/2011 20:03:34 Import          - Importing elements from Import {uri=storage://TINPUT/functions.xml}
WARN  29/01/2011 20:03:35 Function        - Argument [function] not being used by the function [func2]
WARN  29/01/2011 20:03:35 Function        - Argument [function] not being used by the function [func3]
INFO  29/01/2011 20:03:35 Import          - Importing elements from Import {uri=storage://INPUT/badxml}
INFO  29/01/2011 20:03:35 Testscript      - Executing storage://INPUT/export.xml
INFO  29/01/2011 20:03:35 Import          - Importing elements from Import {uri=storage://INPUT/export_util.xml}
INFO  29/01/2011 20:03:35 Rename          - Node name is dtfx-11
INFO  29/01/2011 20:03:35 Lockcomponent   - Locked dtfa-2 as DTFA1
INFO  29/01/2011 20:03:35 Log             - Got exception as expected.
INFO  29/01/2011 20:03:35 Testscript      - Executing storage://INPUT/references.xml
INFO  29/01/2011 20:03:35 Import          - Importing elements from Import {uri=storage://INPUT/util.xml}
INFO  29/01/2011 20:03:36 Rename          - Node name is dtfx-12
INFO  29/01/2011 20:03:36 Lockcomponent   - Locked dtfa-0 as DTFA1
INFO  29/01/2011 20:03:36 Testscript      - Executing storage://INPUT/component.xml
INFO  29/01/2011 20:03:36 Rename          - Node name is dtfx-13
INFO  29/01/2011 20:03:36 Lockcomponent   - Locked dtfa-1 as DTFA1
INFO  29/01/2011 20:03:36 Echo            - About to lock a dtfa by name and this will fail.
INFO  29/01/2011 20:03:37 Testscript      - Executing storage://INPUT/lockcomponent.xml
INFO  29/01/2011 20:03:38 Rename          - Node name is dtfx-14
INFO  29/01/2011 20:03:38 Lockcomponent   - Locked dtfa-2 as DTFA1
INFO  29/01/2011 20:03:38 Unlockcomponent - Unlocking dtfa-2
INFO  29/01/2011 20:03:38 Lockcomponent   - Locked dtfa-1 as DTFA3
INFO  29/01/2011 20:03:38 Unlockcomponent - Component unlocked DTFA1
INFO  29/01/2011 20:03:38 Unlockcomponent - Unlocking dtfa-1
INFO  29/01/2011 20:03:38 Lockcomponent   - Locked dtfa-0 as DTFA2
INFO  29/01/2011 20:03:38 Unlockcomponent - Component unlocked DTFA3
INFO  29/01/2011 20:03:38 Unlockcomponent - Unlocking dtfa-0
INFO  29/01/2011 20:03:38 Lockcomponent   - Locked dtfa-1 as DTFA3
INFO  29/01/2011 20:03:38 Unlockcomponent - Unlocking dtfa-1
INFO  29/01/2011 20:03:38 Unlockcomponent - Component unlocked DTFA2
INFO  29/01/2011 20:03:38 Unlockcomponent - Component unlocked DTFA3
INFO  29/01/2011 20:03:38 Lockcomponent   - Locked dtfa-0 as DTFA3
INFO  29/01/2011 20:03:38 Lockcomponent   - Locked dtfa-1 as DTFA2
INFO  29/01/2011 20:03:38 Unlockcomponent - Unlocking dtfa-0
INFO  29/01/2011 20:03:38 Unlockcomponent - Component unlocked DTFA3
INFO  29/01/2011 20:03:38 Lockcomponent   - Locked dtfa-2 as DTFA1
INFO  29/01/2011 20:03:38 Unlockcomponent - Unlocking dtfa-2
INFO  29/01/2011 20:03:38 Unlockcomponent - Component unlocked DTFA1
INFO  29/01/2011 20:03:38 Unlockcomponent - Unlocking dtfa-1
INFO  29/01/2011 20:03:38 Lockcomponent   - Locked dtfa-2 as DTFA1
INFO  29/01/2011 20:03:38 Unlockcomponent - Component unlocked DTFA2
INFO  29/01/2011 20:03:38 Lockcomponent   - Locked dtfa-0 as DTFA2
INFO  29/01/2011 20:03:38 Unlockcomponent - Unlocking dtfa-2
INFO  29/01/2011 20:03:38 Unlockcomponent - Unlocking dtfa-0
INFO  29/01/2011 20:03:38 Unlockcomponent - Component unlocked DTFA1
INFO  29/01/2011 20:03:38 Unlockcomponent - Component unlocked DTFA2
INFO  29/01/2011 20:03:38 Testsuite       - Starting lockcomponent
INFO  29/01/2011 20:03:38 Testscript      - Executing storage://INPUT/occupy_component.xml
INFO  29/01/2011 20:03:38 Testsuite       - Starting lockcomponent
INFO  29/01/2011 20:03:38 Testscript      - Executing storage://INPUT/occupy_component.xml
INFO  29/01/2011 20:03:38 Testsuite       - Starting lockcomponent
INFO  29/01/2011 20:03:38 Testscript      - Executing storage://INPUT/occupy_component.xml
INFO  29/01/2011 20:03:39 Rename          - Node name is dtfx-15
INFO  29/01/2011 20:03:39 Rename          - Node name is dtfx-16
INFO  29/01/2011 20:03:39 Rename          - Node name is dtfx-17
INFO  29/01/2011 20:03:39 Lockcomponent   - Locked dtfa-0 as C1
INFO  29/01/2011 20:03:39 Lockcomponent   - Locked dtfa-1 as C1
INFO  29/01/2011 20:03:39 Lockcomponent   - Locked dtfa-2 as C1
INFO  29/01/2011 20:03:39 Testsuite       - Starting lockcomponent
INFO  29/01/2011 20:03:39 Testscript      - Executing storage://INPUT/occupy_component.xml
INFO  29/01/2011 20:03:39 Testsuite       - Starting lockcomponent
INFO  29/01/2011 20:03:39 Testscript      - Executing storage://INPUT/occupy_component.xml
INFO  29/01/2011 20:03:39 Testsuite       - Starting lockcomponent
INFO  29/01/2011 20:03:39 Testscript      - Executing storage://INPUT/occupy_component.xml
INFO  29/01/2011 20:03:39 Rename          - Node name is dtfx-18
INFO  29/01/2011 20:03:39 Lockcomponent   - Locked dtfa-2 as C1
INFO  29/01/2011 20:03:39 Testsuite       - Starting lockcomponent
INFO  29/01/2011 20:03:39 Testscript      - Executing storage://INPUT/occupy_component.xml
INFO  29/01/2011 20:03:40 Rename          - Node name is dtfx-19
INFO  29/01/2011 20:03:40 Lockcomponent   - Locked dtfa-0 as C1
INFO  29/01/2011 20:03:40 Testsuite       - Starting lockcomponent
INFO  29/01/2011 20:03:40 Testscript      - Executing storage://INPUT/occupy_component.xml
INFO  29/01/2011 20:03:40 Rename          - Node name is dtfx-20
INFO  29/01/2011 20:03:40 Lockcomponent   - Locked dtfa-1 as C1
INFO  29/01/2011 20:03:40 Testsuite       - Starting lockcomponent
INFO  29/01/2011 20:03:40 Testscript      - Executing storage://INPUT/occupy_component.xml
INFO  29/01/2011 20:03:40 Rename          - Node name is dtfx-21
INFO  29/01/2011 20:03:40 Lockcomponent   - Locked dtfa-2 as C1
INFO  29/01/2011 20:03:40 Rename          - Node name is dtfx-22
INFO  29/01/2011 20:03:40 Lockcomponent   - Locked dtfa-0 as C1
INFO  29/01/2011 20:03:40 Rename          - Node name is dtfx-23
INFO  29/01/2011 20:03:40 Lockcomponent   - Locked dtfa-0 as C1
INFO  29/01/2011 20:03:40 Testsuite       - Starting lockcomponent
INFO  29/01/2011 20:03:40 Testscript      - Executing storage://INPUT/parallel_occupy_component.xml
INFO  29/01/2011 20:03:40 Rename          - Node name is dtfx-24
INFO  29/01/2011 20:03:40 Lockcomponent   - Locked dtfa-2 as C2
INFO  29/01/2011 20:03:40 Lockcomponent   - Locked dtfa-1 as C1
INFO  29/01/2011 20:03:41 Lockcomponent   - Locked dtfa-0 as C3
INFO  29/01/2011 20:03:41 Lockcomponent   - Locked dtfa-0 as C1
INFO  29/01/2011 20:03:41 Unlockcomponent - Unlocking dtfa-0
INFO  29/01/2011 20:03:41 Unlockcomponent - Component unlocked C1
INFO  29/01/2011 20:03:41 Testsuite       - Starting lockcomponent
INFO  29/01/2011 20:03:41 Testscript      - Executing storage://INPUT/function_occupy_component.xml
INFO  29/01/2011 20:03:41 Rename          - Node name is dtfx-25
INFO  29/01/2011 20:03:41 Lockcomponent   - Locked dtfa-1 as C1
INFO  29/01/2011 20:03:41 Lockcomponent   - Locked dtfa-2 as C2
INFO  29/01/2011 20:03:41 Lockcomponent   - Locked dtfa-0 as C3
INFO  29/01/2011 20:03:41 Lockcomponent   - Locked dtfa-0 as C1
INFO  29/01/2011 20:03:41 Unlockcomponent - Unlocking dtfa-0
INFO  29/01/2011 20:03:41 Unlockcomponent - Component unlocked C1
INFO  29/01/2011 20:03:41 Testscript      - Executing storage://INPUT/lockgroup.xml
INFO  29/01/2011 20:03:41 Rename          - Node name is dtfx-26
INFO  29/01/2011 20:03:41 Lockcomponent   - Locked dtfa-1 as DTFA1-2
INFO  29/01/2011 20:03:41 Lockcomponent   - Locked dtfa-2 as DTFA2-2
INFO  29/01/2011 20:03:41 Unlockcomponent - Unlocking dtfa-1
INFO  29/01/2011 20:03:41 Unlockcomponent - Component unlocked DTFA1-2
INFO  29/01/2011 20:03:41 Unlockcomponent - Unlocking dtfa-2
INFO  29/01/2011 20:03:41 Unlockcomponent - Component unlocked DTFA2-2
INFO  29/01/2011 20:03:41 Lockcomponent   - Locked dtfa-2 as DTFA1-1
INFO  29/01/2011 20:03:41 Lockcomponent   - Locked dtfa-1 as DTFA2-1
INFO  29/01/2011 20:03:41 Unlockcomponent - Unlocking dtfa-2
INFO  29/01/2011 20:03:41 Unlockcomponent - Component unlocked DTFA1-1
INFO  29/01/2011 20:03:41 Unlockcomponent - Unlocking dtfa-1
INFO  29/01/2011 20:03:41 Unlockcomponent - Component unlocked DTFA2-1
INFO  29/01/2011 20:03:41 Lockcomponent   - Locked dtfa-0 as DTFA1-1
INFO  29/01/2011 20:03:41 Lockcomponent   - Locked dtfa-2 as DTFA2-1
INFO  29/01/2011 20:03:41 Unlockcomponent - Unlocking dtfa-0
INFO  29/01/2011 20:03:41 Unlockcomponent - Component unlocked DTFA1-1
INFO  29/01/2011 20:03:41 Unlockcomponent - Unlocking dtfa-2
INFO  29/01/2011 20:03:41 Unlockcomponent - Component unlocked DTFA2-1
INFO  29/01/2011 20:03:42 Lockcomponent   - Locked dtfa-0 as DTFA1-2
INFO  29/01/2011 20:03:42 Lockcomponent   - Locked dtfa-1 as DTFA2-2
INFO  29/01/2011 20:03:42 Unlockcomponent - Unlocking dtfa-0
INFO  29/01/2011 20:03:42 Unlockcomponent - Component unlocked DTFA1-2
INFO  29/01/2011 20:03:42 Unlockcomponent - Unlocking dtfa-1
INFO  29/01/2011 20:03:42 Unlockcomponent - Component unlocked DTFA2-2
INFO  29/01/2011 20:03:42 Lockcomponent   - Locked dtfa-1 as DTFA1-1
INFO  29/01/2011 20:03:42 Lockcomponent   - Locked dtfa-2 as DTFA2-1
INFO  29/01/2011 20:03:42 Unlockcomponent - Unlocking dtfa-1
INFO  29/01/2011 20:03:42 Unlockcomponent - Component unlocked DTFA1-1
INFO  29/01/2011 20:03:42 Unlockcomponent - Unlocking dtfa-2
INFO  29/01/2011 20:03:42 Unlockcomponent - Component unlocked DTFA2-1
INFO  29/01/2011 20:03:42 Lockcomponent   - Locked dtfa-1 as DTFA1-2
[...]
      <properties>
[...]
</properties>

      <system-out />

      <system-err />

  </testsuite>
  <testsuite errors="0" failures="0" hostname="localhost" id="4" name="DebugServerSuite" package="com.yahoo.dtf.junit" tests="1" time="4.187" timestamp="2011-01-29T19:57:53">
      <properties>
[...]
</properties>

      <testcase classname="com.yahoo.dtf.junit.DebugServerSuite" name="simpleConnect" time="0.287" />

      <system-out><![CDATA[INFO  29/01/2011 19:57:53 DebugServer     - Listening at 127.0.0.1:40000
INFO  29/01/2011 19:57:53 Comm            - Host address [127.0.0.1]
INFO  29/01/2011 19:57:53 CommRMIServer   - Listening at [30000]
INFO  29/01/2011 19:57:53 Comm            - DTFC Setup.
INFO  29/01/2011 19:57:56 DebugServerSuite - Help Menu: 
INFO  29/01/2011 19:57:56 DebugServerSuite - Available commands:
    ?     - displays this help menu.

   quit   - quits this session.

 xmltrace - displays the DTF XML trace for all currently executing DTF Actions.

 loglevel info|error|debug|warn [x.y.z.Class]
          - set the current loglevel, levels are info, debug, warn, error.
            ex: loglevel info

  status  - the status of this DTF node (dtfc shows all node statuses).


INFO  29/01/2011 19:57:56 DebugServerSuite - Current xmltrace: 
INFO  29/01/2011 19:57:56 DebugServerSuite - 
--------------------------------------------------------------------------------
  Thread ID    |              XML Trace                |      Action State      
--------------------------------------------------------------------------------
--------------------------------------------------------------------------------

INFO  29/01/2011 19:57:57 DebugServerSuite - loglevel response: 
INFO  29/01/2011 19:57:57 DebugServerSuite - Log level set to [debug]

INFO  29/01/2011 19:57:57 DebugServerSuite - loglevel response: 
INFO  29/01/2011 19:57:57 DebugServerSuite - Log level set to [info]

INFO  29/01/2011 19:57:57 DebugServerSuite - loglevel response: 
INFO  29/01/2011 19:57:57 DebugServerSuite - Bye

]]></system-out>

      <system-err />

  </testsuite>
  <testsuite errors="0" failures="0" hostname="localhost" id="5" name="DummyComm" package="com.yahoo.dtf.junit" tests="0" time="0.376" timestamp="2011-01-29T19:57:58">
      <properties>
[...]
</properties>

      <system-out />

      <system-err />

  </testsuite>
  <testsuite errors="0" failures="0" hostname="localhost" id="6" name="EventSuite" package="com.yahoo.dtf.junit" tests="3" time="33.148" timestamp="2011-01-29T19:57:59">
      <properties>
[...]
</properties>

      <testcase classname="com.yahoo.dtf.junit.EventSuite" name="simpleRecordAndQuery" time="0.195" />

      <testcase classname="com.yahoo.dtf.junit.EventSuite" name="smallEventsRecordQueryPerformance" time="6.91" />

      <testcase classname="com.yahoo.dtf.junit.EventSuite" name="largeEventsRecordQueryPerformance" time="25.363" />

      <system-out><![CDATA[INFO  29/01/2011 19:58:00 EventSuite      - Validating recorder [txt]
INFO  29/01/2011 19:58:01 EventSuite      - Record [stats] Op/sec: 214362
WARN  29/01/2011 19:58:01 EventSuite      - No query handler for [stats]
INFO  29/01/2011 19:58:03 EventSuite      - Record [csv] Op/sec: 107123
WARN  29/01/2011 19:58:03 EventSuite      - No query handler for [csv]
INFO  29/01/2011 19:58:05 EventSuite      - Record [txt] Op/sec: 82101
INFO  29/01/2011 19:58:07 EventSuite      - Query  [txt] Op/sec: 120192
INFO  29/01/2011 19:58:07 EventSuite      - Event size 5263 bytes.
INFO  29/01/2011 19:58:07 EventSuite      - Record [stats] Op/sec: 109289
INFO  29/01/2011 19:58:07 EventSuite      - Record [stats] MB/sec: 548
WARN  29/01/2011 19:58:07 EventSuite      - No query handler for [stats]
INFO  29/01/2011 19:58:07 EventSuite      - Event size 5263 bytes.
INFO  29/01/2011 19:58:14 EventSuite      - Record [csv] Op/sec: 2794
INFO  29/01/2011 19:58:14 EventSuite      - Record [csv] MB/sec: 14
WARN  29/01/2011 19:58:14 EventSuite      - No query handler for [csv]
INFO  29/01/2011 19:58:14 EventSuite      - Event size 5263 bytes.
INFO  29/01/2011 19:58:26 EventSuite      - Record [txt] Op/sec: 1726
INFO  29/01/2011 19:58:26 EventSuite      - Record [txt] MB/sec: 8
INFO  29/01/2011 19:58:32 EventSuite      - Query  [txt] Op/sec: 3128
INFO  29/01/2011 19:58:32 EventSuite      - Query  [txt] MB/sec: 15
]]></system-out>

      <system-err />

  </testsuite>
  <testsuite errors="0" failures="0" hostname="localhost" id="7" name="HashUtilSuite" package="com.yahoo.dtf.junit" tests="2" time="4.591" timestamp="2011-01-29T19:58:33">
      <properties>
[...]
</properties>

      <testcase classname="com.yahoo.dtf.junit.HashUtilSuite" name="simpleSHA1Calculation" time="0.011" />

      <testcase classname="com.yahoo.dtf.junit.HashUtilSuite" name="smallDataPerformance" time="4.177" />

      <system-out><![CDATA[INFO  29/01/2011 19:58:37 HashUtilSuite   - sha1/s: 49346
]]></system-out>

      <system-err />

  </testsuite>
  <testsuite errors="0" failures="0" hostname="localhost" id="8" name="LockHookSuite" package="com.yahoo.dtf.junit" tests="1" time="1.016" timestamp="2011-01-29T19:58:38">
      <properties>
[...]
</properties>

      <testcase classname="com.yahoo.dtf.junit.LockHookSuite" name="lockHookTimer" time="0.114" />

      <system-out><![CDATA[INFO  29/01/2011 19:58:38 Comm            - Host address [127.0.0.1]
INFO  29/01/2011 19:58:38 CommRMIServer   - Listening at [30000]
INFO  29/01/2011 19:58:38 Comm            - DTFC Setup.
INFO  29/01/2011 19:58:39 DebugServer     - Listening at 127.0.0.1:40000
INFO  29/01/2011 19:58:39 LockHookSuite   - 
INFO  29/01/2011 19:58:39 LockHookSuite   - Testing LockHooks with:
INFO  29/01/2011 19:58:39 LockHookSuite   -  * 1000 functions registered.
INFO  29/01/2011 19:58:39 LockHookSuite   -  * 1000 references created.
INFO  29/01/2011 19:58:39 LockHookSuite   -  * 128 components locked.
INFO  29/01/2011 19:58:39 LockHookSuite   -  * dummy communication layer being used.
INFO  29/01/2011 19:58:39 LockHookSuite   - 
INFO  29/01/2011 19:58:39 LockHookSuite   - ReferencesLockHook hook took 0ms on average.
INFO  29/01/2011 19:58:39 LockHookSuite   - FunctionsLockHook hook took 0ms on average.
]]></system-out>

      <system-err />

  </testsuite>
  <testsuite errors="0" failures="0" hostname="localhost" id="9" name="NodeRunner" package="com.yahoo.dtf.junit" tests="0" time="0.376" timestamp="2011-01-29T19:58:40">
      <properties>
[...]
</properties>

      <system-out />

      <system-err />

  </testsuite>
  <testsuite errors="0" failures="0" hostname="localhost" id="10" name="NumberUtilSuite" package="com.yahoo.dtf.junit" tests="2" time="29.782" timestamp="2011-01-29T19:58:41">
      <properties>
[...]
</properties>

      <testcase classname="com.yahoo.dtf.junit.NumberUtilSuite" name="isLongPerfTest" time="13.74" />

      <testcase classname="com.yahoo.dtf.junit.NumberUtilSuite" name="isDoublePerfTest" time="15.37" />

      <system-out><![CDATA[INFO  29/01/2011 19:58:41 NumberUtilSuite - Testing [1000000]
INFO  29/01/2011 19:58:42 NumberUtilSuite - NumberUtil.isLong() took: 127ms
INFO  29/01/2011 19:58:43 NumberUtilSuite - Regular expression took:  1253ms
INFO  29/01/2011 19:58:43 NumberUtilSuite - Long.valueOf() took:      400ms
INFO  29/01/2011 19:58:43 NumberUtilSuite - regular expression matching: true
INFO  29/01/2011 19:58:43 NumberUtilSuite - NumberUtil.isLong:           true
INFO  29/01/2011 19:58:43 NumberUtilSuite - isLong using Long.valueOf(): true
INFO  29/01/2011 19:58:43 NumberUtilSuite - Testing [1233334a]
INFO  29/01/2011 19:58:43 NumberUtilSuite - NumberUtil.isLong() took: 142ms
INFO  29/01/2011 19:58:45 NumberUtilSuite - Regular expression took:  1306ms
INFO  29/01/2011 19:58:55 NumberUtilSuite - Long.valueOf() took:      10503ms
INFO  29/01/2011 19:58:55 NumberUtilSuite - regular expression matching: false
INFO  29/01/2011 19:58:55 NumberUtilSuite - NumberUtil.isLong:           false
INFO  29/01/2011 19:58:55 NumberUtilSuite - isLong using Long.valueOf(): false
INFO  29/01/2011 19:58:55 NumberUtilSuite - Testing [100.123]
INFO  29/01/2011 19:58:55 NumberUtilSuite - NumberUtil.isDouble() took: 110ms
INFO  29/01/2011 19:58:57 NumberUtilSuite - Regular expression took:  1473ms
INFO  29/01/2011 19:58:57 NumberUtilSuite - Double.valueOf() took:      438ms
INFO  29/01/2011 19:58:57 NumberUtilSuite - regular expression matching: true
INFO  29/01/2011 19:58:57 NumberUtilSuite - NumberUtil.isdouble:           true
INFO  29/01/2011 19:58:57 NumberUtilSuite - isDouble using Double.valueOf(): true
INFO  29/01/2011 19:58:57 NumberUtilSuite - Testing [123.334a]
INFO  29/01/2011 19:58:57 NumberUtilSuite - NumberUtil.isDouble() took: 130ms
INFO  29/01/2011 19:59:00 NumberUtilSuite - Regular expression took:  2979ms
INFO  29/01/2011 19:59:11 NumberUtilSuite - Double.valueOf() took:      10228ms
INFO  29/01/2011 19:59:11 NumberUtilSuite - regular expression matching: false
INFO  29/01/2011 19:59:11 NumberUtilSuite - NumberUtil.isdouble:           false
INFO  29/01/2011 19:59:11 NumberUtilSuite - isDouble using Double.valueOf(): false
]]></system-out>

      <system-err />

  </testsuite>
  <testsuite errors="0" failures="0" hostname="localhost" id="11" name="PropertiesSuite" package="com.yahoo.dtf.junit" tests="8" time="39.955" timestamp="2011-01-29T19:59:11">
      <properties>
[...]
</properties>

      <testcase classname="com.yahoo.dtf.junit.PropertiesSuite" name="propertyIsolation" time="0.0050" />

      <testcase classname="com.yahoo.dtf.junit.PropertiesSuite" name="propertyInheritance" time="0.0040" />

      <testcase classname="com.yahoo.dtf.junit.PropertiesSuite" name="propertyResolution" time="0.0010" />

      <testcase classname="com.yahoo.dtf.junit.PropertiesSuite" name="putPerf" time="10.004" />

      <testcase classname="com.yahoo.dtf.junit.PropertiesSuite" name="putPerfInCopy" time="11.219" />

      <testcase classname="com.yahoo.dtf.junit.PropertiesSuite" name="clonePerf" time="18.266" />

      <testcase classname="com.yahoo.dtf.junit.PropertiesSuite" name="removeTest" time="0.0" />

      <testcase classname="com.yahoo.dtf.junit.PropertiesSuite" name="enumerationTest" time="0.0020" />

      <system-out><![CDATA[puts/sec: 99970.00899730081
puts/sec: 99354.19771485346
clones/sec: 127599.84688018374
]]></system-out>

      <system-err />

  </testsuite>
  <testsuite errors="0" failures="0" hostname="localhost" id="12" name="RandomGenSuite" package="com.yahoo.dtf.junit" tests="7" time="29.694" timestamp="2011-01-29T19:59:52">
      <properties>
[...]
</properties>

      <testcase classname="com.yahoo.dtf.junit.RandomGenSuite" name="distributionTestForSmallDataset" time="0.016" />

      <testcase classname="com.yahoo.dtf.junit.RandomGenSuite" name="distributionTestForLargeDataset" time="2.204" />

      <testcase classname="com.yahoo.dtf.junit.RandomGenSuite" name="nextIntPerformanceTest" time="1.163" />

      <testcase classname="com.yahoo.dtf.junit.RandomGenSuite" name="nextLongPerformanceTest" time="2.333" />

      <testcase classname="com.yahoo.dtf.junit.RandomGenSuite" name="nextBytesThroughputPerformanceTest" time="5.556" />

      <testcase classname="com.yahoo.dtf.junit.RandomGenSuite" name="validateDataTest" time="17.739" />

      <testcase classname="com.yahoo.dtf.junit.RandomGenSuite" name="simpleTest" time="0.0020" />

      <system-out><![CDATA[INFO  29/01/2011 19:59:52 RandomGenSuite  - Small Dataset Distribution
INFO  29/01/2011 19:59:52 RandomGenSuite  - Random offby 14.00%
INFO  29/01/2011 19:59:52 RandomGenSuite  - DTFRandom offby 10.00%
INFO  29/01/2011 19:59:52 RandomGenSuite  - Large Dataset Distribution
INFO  29/01/2011 19:59:54 RandomGenSuite  - Random offby .15%
INFO  29/01/2011 19:59:55 RandomGenSuite  - DTFRandom offby .62%
INFO  29/01/2011 19:59:55 RandomGenSuite  - Random ops/sec: 16077170
INFO  29/01/2011 19:59:56 RandomGenSuite  - DTFRandom ops/sec: 18587361
INFO  29/01/2011 19:59:57 RandomGenSuite  - Random ops/sec: 8190008
INFO  29/01/2011 19:59:58 RandomGenSuite  - DTFRandom ops/sec: 9041591
INFO  29/01/2011 20:00:01 RandomGenSuite  - Random bytes/sec: 52800049
INFO  29/01/2011 20:00:04 RandomGenSuite  - DTFRandom bytes/sec: 45435926
INFO  29/01/2011 20:00:04 RandomGenSuite  - Validating data for DTFRandom.
INFO  29/01/2011 20:00:21 RandomGenSuite  - Generating nextInt() sequence from seed 1234567890
INFO  29/01/2011 20:00:21 RandomGenSuite  - 782593066,746941499,577072204,541420637,639986798,604335231,1004891264,969239697,1067805858,1032154291,
INFO  29/01/2011 20:00:21 RandomGenSuite  - randomString [�le3�lE1�l%7�l5]
]]></system-out>

      <system-err />

  </testsuite>
  <testsuite errors="0" failures="0" hostname="localhost" id="13" name="ShareSuite$SimpleGetter" package="com.yahoo.dtf.junit" tests="0" time="0.361" timestamp="2011-01-29T20:00:22">
      <properties>
[...]
</properties>

      <system-out />

      <system-err />

  </testsuite>
  <testsuite errors="0" failures="0" hostname="localhost" id="14" name="ShareSuite$SimpleSetter" package="com.yahoo.dtf.junit" tests="0" time="0.341" timestamp="2011-01-29T20:00:23">
      <properties>
[...]
</properties>

      <system-out />

      <system-err />

  </testsuite>
  <testsuite errors="0" failures="0" hostname="localhost" id="15" name="ShareSuite" package="com.yahoo.dtf.junit" tests="3" time="66.267" timestamp="2011-01-29T20:00:24">
      <properties>
[...]
</properties>

      <testcase classname="com.yahoo.dtf.junit.ShareSuite" name="createSetAndDestroy" time="0.055" />

      <testcase classname="com.yahoo.dtf.junit.ShareSuite" name="concurrentAccess" time="65.46" />

      <testcase classname="com.yahoo.dtf.junit.ShareSuite" name="validateBlockingGets" time="0.1" />

      <system-out><![CDATA[INFO  29/01/2011 20:00:24 ShareSuite      - Testing [cumulative]
INFO  29/01/2011 20:00:50 ShareSuite      - Testing [queue]
INFO  29/01/2011 20:01:11 ShareSuite      - Testing [single]
INFO  29/01/2011 20:01:30 ShareSuite      - Testing [queue]
]]></system-out>

      <system-err />

  </testsuite>
  <testsuite errors="0" failures="0" hostname="localhost" id="16" name="StreamUtilSuite" package="com.yahoo.dtf.junit" tests="1" time="0.413" timestamp="2011-01-29T20:01:31">
      <properties>
[...]
</properties>

      <testcase classname="com.yahoo.dtf.junit.StreamUtilSuite" name="readStream" time="0.0040" />

      <system-out />

      <system-err />

  </testsuite>
  <testsuite errors="0" failures="0" hostname="localhost" id="17" name="StreamingSuite" package="com.yahoo.dtf.junit" tests="6" time="83.188" timestamp="2011-01-29T20:01:32">
      <properties>
[...]
</properties>

      <testcase classname="com.yahoo.dtf.junit.StreamingSuite" name="singleByteRead" time="0.475" />

      <testcase classname="com.yahoo.dtf.junit.StreamingSuite" name="stringInputStreamTest" time="0.083" />

      <testcase classname="com.yahoo.dtf.junit.StreamingSuite" name="bufferedRead" time="0.917" />

      <testcase classname="com.yahoo.dtf.junit.StreamingSuite" name="emptyStream" time="0.0010" />

      <testcase classname="com.yahoo.dtf.junit.StreamingSuite" name="smallOpsPerformance" time="21.479" />

      <testcase classname="com.yahoo.dtf.junit.StreamingSuite" name="bigOpsPerformance" time="59.544" />

      <system-out><![CDATA[INFO  29/01/2011 20:01:32 StreamingSuite  - Validating [random] with [random,0,12345]
INFO  29/01/2011 20:01:32 StreamingSuite  - Validating [repeat] with [repeat,0,12345]
INFO  29/01/2011 20:01:32 StreamingSuite  - Validating [random] with [random,1024,12345]
INFO  29/01/2011 20:01:32 StreamingSuite  - Validating [repeat] with [repeat,1024,12345]
INFO  29/01/2011 20:01:32 StreamingSuite  - Validating [random] with [random,2000000,12345]
INFO  29/01/2011 20:01:32 StreamingSuite  - Validating [repeat] with [repeat,2000000,12345]
INFO  29/01/2011 20:01:33 StreamingSuite  - Validating [random] with [random,0,12345] buffersize 1
INFO  29/01/2011 20:01:33 StreamingSuite  - Validating [repeat] with [repeat,0,12345] buffersize 1
INFO  29/01/2011 20:01:33 StreamingSuite  - Validating [random] with [random,1024,12345] buffersize 1
INFO  29/01/2011 20:01:33 StreamingSuite  - Validating [repeat] with [repeat,1024,12345] buffersize 1
INFO  29/01/2011 20:01:33 StreamingSuite  - Validating [random] with [random,2000000,12345] buffersize 1
INFO  29/01/2011 20:01:33 StreamingSuite  - Validating [repeat] with [repeat,2000000,12345] buffersize 1
INFO  29/01/2011 20:01:34 StreamingSuite  - Validating [random] with [random,0,12345] buffersize 1026
INFO  29/01/2011 20:01:34 StreamingSuite  - Validating [repeat] with [repeat,0,12345] buffersize 1026
INFO  29/01/2011 20:01:34 StreamingSuite  - Validating [random] with [random,1024,12345] buffersize 1026
INFO  29/01/2011 20:01:34 StreamingSuite  - Validating [repeat] with [repeat,1024,12345] buffersize 1026
INFO  29/01/2011 20:01:34 StreamingSuite  - Validating [random] with [random,2000000,12345] buffersize 1026
INFO  29/01/2011 20:01:34 StreamingSuite  - Validating [repeat] with [repeat,2000000,12345] buffersize 1026
INFO  29/01/2011 20:01:34 StreamingSuite  - Validating [random] with [random,0,12345] buffersize 65472
INFO  29/01/2011 20:01:34 StreamingSuite  - Validating [repeat] with [repeat,0,12345] buffersize 65472
INFO  29/01/2011 20:01:34 StreamingSuite  - Validating [random] with [random,1024,12345] buffersize 65472
INFO  29/01/2011 20:01:34 StreamingSuite  - Validating [repeat] with [repeat,1024,12345] buffersize 65472
INFO  29/01/2011 20:01:34 StreamingSuite  - Validating [random] with [random,2000000,12345] buffersize 65472
INFO  29/01/2011 20:01:34 StreamingSuite  - Validating [repeat] with [repeat,2000000,12345] buffersize 65472
INFO  29/01/2011 20:01:34 StreamingSuite  - Generating 32 byte objects.
INFO  29/01/2011 20:01:43 StreamingSuite  - json	Op/sec:	10494
INFO  29/01/2011 20:01:45 StreamingSuite  - random	Op/sec:	77041
INFO  29/01/2011 20:01:54 StreamingSuite  - xml	Op/sec:	10436
INFO  29/01/2011 20:01:55 StreamingSuite  - repeat	Op/sec:	93720
INFO  29/01/2011 20:01:55 StreamingSuite  - Generating 100MB byte objects.
INFO  29/01/2011 20:02:22 StreamingSuite  - json	MB/sec:	11
INFO  29/01/2011 20:02:29 StreamingSuite  - random	MB/sec:	41
INFO  29/01/2011 20:02:55 StreamingSuite  - xml	MB/sec:	11
INFO  29/01/2011 20:02:55 StreamingSuite  - repeat	MB/sec:	4477
]]></system-out>

      <system-err />

  </testsuite>
  <testsuite errors="0" failures="0" hostname="localhost" id="18" name="SystemUtilSuite" package="com.yahoo.dtf.junit" tests="2" time="0.45" timestamp="2011-01-29T20:02:56">
      <properties>
[...]
</properties>

      <testcase classname="com.yahoo.dtf.junit.SystemUtilSuite" name="deleteEmptyDirectory" time="0.0040" />

      <testcase classname="com.yahoo.dtf.junit.SystemUtilSuite" name="deleteNonEmptyDirectory" time="0.01" />

      <system-out />

      <system-err />

  </testsuite>
  <testsuite errors="0" failures="0" hostname="localhost" id="19" name="ThrottledStreamSuite" package="com.yahoo.dtf.junit" tests="1" time="6.043" timestamp="2011-01-29T20:02:57">
      <properties>
[...]
</properties>

      <testcase classname="com.yahoo.dtf.junit.ThrottledStreamSuite" name="bufferedRead" time="5.666" />

      <system-out><![CDATA[INFO  29/01/2011 20:03:02 ThrottledStreamSuite - bps: 1853.7291817523533 off by 9%
]]></system-out>

      <system-err />

  </testsuite>
  <testsuite errors="0" failures="0" hostname="localhost" id="20" name="TimeUtilSuite" package="com.yahoo.dtf.junit" tests="2" time="0.421" timestamp="2011-01-29T20:03:03">
      <properties>
[...]
</properties>

      <testcase classname="com.yahoo.dtf.junit.TimeUtilSuite" name="simpleParse" time="0.0060" />

      <testcase classname="com.yahoo.dtf.junit.TimeUtilSuite" name="equalityTest" time="0.0020" />

      <system-out />

      <system-err />

  </testsuite>
</testsuites>
