<?xml version="1.0" encoding="UTF-8" ?>
<testsuites>
  <testsuite classname="dtf.unittests" disabled="0" errors="1" failures="1" id="0" name="unittests" package="dtf" passed="153" start="2011-01-04-05.58.58.823" stop="2011-01-04-05.59.43.138" tests="154" time="44.315" timestamp="Tue Jan 04 05:58:58 UTC 2011">
    <property name="test.log.filename" value="tests/ut/output/script-ut.out" />

    <failure>com.yahoo.dtf.exception.AssertionException: Assertion failed [Duration was longer than 300ms by 10% at 338ms] at tests/ut/distribute.xml:148:82</failure>

    <testcase name="state_management" start="2011-01-04-05.58.58.980" stop="2011-01-04-05.59.02.180" time="3.2">
      <property name="DTFA1.dtf.node.host" value="127.0.0.1" />

      <property name="DTFA1.dtf.tunneled" value="false" />

      <property name="DTFA1.dtf.os.name" value="Linux" />

      <property name="DTFA1.dtf.debug.port" value="40003" />

      <property name="DTFA1.dtf.os.version" value="2.6.32-305-ec2" />

      <property name="DTFA1.dtf.node.user" value="dtftest" />

      <property name="DTFA1.dtf.os.arch" value="i386" />

      <property name="DTFA1.node.id" value="1" />

      <property name="DTFA1.dtf.node.home" value="/home/dtftest/build/dtf/build/dtf/dist" />

      <property name="DTFA1.dtf.node.type" value="dtfa" />

    </testcase>

    <testcase name="storage" start="2011-01-04-05.59.02.881" stop="2011-01-04-05.59.02.888" time="0.0070">
</testcase>

    <testcase name="echo" start="2011-01-04-05.59.03.030" stop="2011-01-04-05.59.03.285" time="0.255">
      <property name="DTFA1.dtf.node.host" value="127.0.0.1" />

      <property name="DTFA1.dtf.tunneled" value="false" />

      <property name="DTFA1.dtf.os.name" value="Linux" />

      <property name="DTFA1.dtf.debug.port" value="40001" />

      <property name="DTFA1.dtf.os.version" value="2.6.32-305-ec2" />

      <property name="DTFA1.dtf.node.user" value="dtftest" />

      <property name="DTFA1.dtf.os.arch" value="i386" />

      <property name="DTFA1.node.id" value="2" />

      <property name="DTFA1.dtf.node.home" value="/home/dtftest/build/dtf/build/dtf/dist" />

      <property name="DTFA1.dtf.node.type" value="dtfa" />

    </testcase>

    <testcase name="sleep" start="2011-01-04-05.59.03.462" stop="2011-01-04-05.59.03.770" time="0.308">
      <property name="C1.dtf.debug.port" value="40002" />

      <property name="C1.node.id" value="3" />

      <property name="C1.dtf.tunneled" value="false" />

      <property name="C1.dtf.os.version" value="2.6.32-305-ec2" />

      <property name="C1.dtf.node.host" value="127.0.0.1" />

      <property name="C1.dtf.os.name" value="Linux" />

      <property name="C1.dtf.node.user" value="dtftest" />

      <property name="C1.dtf.node.home" value="/home/dtftest/build/dtf/build/dtf/dist" />

      <property name="C1.dtf.node.type" value="dtfa" />

      <property name="C1.dtf.os.arch" value="i386" />

    </testcase>

    <testcase name="loadproperties" start="2011-01-04-05.59.03.832" stop="2011-01-04-05.59.03.834" time="0.0020">
</testcase>

    <testcase name="property_resolution" start="2011-01-04-05.59.03.998" stop="2011-01-04-05.59.04.459" time="0.461">
      <property name="DTFA1.dtf.node.host" value="127.0.0.1" />

      <property name="DTFA1.dtf.tunneled" value="false" />

      <property name="DTFA1.dtf.os.name" value="Linux" />

      <property name="DTFA1.dtf.debug.port" value="40003" />

      <property name="DTFA1.dtf.os.version" value="2.6.32-305-ec2" />

      <property name="DTFA1.dtf.node.user" value="dtftest" />

      <property name="DTFA1.dtf.os.arch" value="i386" />

      <property name="DTFA1.node.id" value="1" />

      <property name="DTFA1.dtf.node.home" value="/home/dtftest/build/dtf/build/dtf/dist" />

      <property name="DTFA1.dtf.node.type" value="dtfa" />

    </testcase>

    <testcase name="property" start="2011-01-04-05.59.04.646" stop="2011-01-04-05.59.04.686" time="0.04">
</testcase>

    <testcase name="cat" start="2011-01-04-05.59.04.796" stop="2011-01-04-05.59.04.799" time="0.0030">
</testcase>

    <testcase name="log" start="2011-01-04-05.59.04.862" stop="2011-01-04-05.59.04.864" time="0.0020">
</testcase>

    <testcase name="for" start="2011-01-04-05.59.04.983" stop="2011-01-04-05.59.05.128" time="0.145">
</testcase>

    <testcase name="parallel" start="2011-01-04-05.59.05.298" stop="2011-01-04-05.59.05.310" time="0.012">
</testcase>

    <testcase name="parallelloop" start="2011-01-04-05.59.05.409" stop="2011-01-04-05.59.05.427" time="0.018">
</testcase>

    <testcase name="sequence" start="2011-01-04-05.59.05.451" stop="2011-01-04-05.59.05.451" time="0.0">
</testcase>

    <testcase name="timer" start="2011-01-04-05.59.05.566" stop="2011-01-04-05.59.05.706" time="0.14">
</testcase>

    <testcase name="switch" start="2011-01-04-05.59.05.891" stop="2011-01-04-05.59.06.073" time="0.182">
</testcase>

    <testcase name="while" start="2011-01-04-05.59.06.179" stop="2011-01-04-05.59.06.189" time="0.01">
</testcase>

    <testcase name="break" start="2011-01-04-05.59.06.361" stop="2011-01-04-05.59.06.630" time="0.269">
      <property name="C1.dtf.debug.port" value="40001" />

      <property name="C1.node.id" value="2" />

      <property name="C1.dtf.tunneled" value="false" />

      <property name="C1.dtf.os.version" value="2.6.32-305-ec2" />

      <property name="C1.dtf.node.host" value="127.0.0.1" />

      <property name="C1.dtf.os.name" value="Linux" />

      <property name="C1.dtf.node.user" value="dtftest" />

      <property name="C1.dtf.node.home" value="/home/dtftest/build/dtf/build/dtf/dist" />

      <property name="C1.dtf.node.type" value="dtfa" />

      <property name="C1.dtf.os.arch" value="i386" />

    </testcase>

    <testcase name="try_catch_finally" start="2011-01-04-05.59.06.791" stop="2011-01-04-05.59.06.979" time="0.188">
      <property name="DTFA1.dtf.node.host" value="127.0.0.1" />

      <property name="DTFA1.dtf.tunneled" value="false" />

      <property name="DTFA1.dtf.os.name" value="Linux" />

      <property name="DTFA1.dtf.debug.port" value="40002" />

      <property name="DTFA1.dtf.os.version" value="2.6.32-305-ec2" />

      <property name="DTFA1.dtf.node.user" value="dtftest" />

      <property name="DTFA1.dtf.os.arch" value="i386" />

      <property name="DTFA1.node.id" value="3" />

      <property name="DTFA1.dtf.node.home" value="/home/dtftest/build/dtf/build/dtf/dist" />

      <property name="DTFA1.dtf.node.type" value="dtfa" />

    </testcase>

    <testcase name="fail" start="2011-01-04-05.59.07.073" stop="2011-01-04-05.59.07.224" time="0.151">
      <property name="DTFA.dtf.debug.port" value="40003" />

      <property name="DTFA.dtf.node.host" value="127.0.0.1" />

      <property name="DTFA.dtf.os.version" value="2.6.32-305-ec2" />

      <property name="DTFA.dtf.os.name" value="Linux" />

      <property name="DTFA.dtf.node.user" value="dtftest" />

      <property name="DTFA.dtf.tunneled" value="false" />

      <property name="DTFA.node.id" value="1" />

      <property name="DTFA.dtf.os.arch" value="i386" />

      <property name="DTFA.dtf.node.home" value="/home/dtftest/build/dtf/build/dtf/dist" />

      <property name="DTFA.dtf.node.type" value="dtfa" />

    </testcase>

    <testcase name="distribute" start="2011-01-04-05.59.07.508" stop="2011-01-04-05.59.08.259" time="0.751">
      <failure>com.yahoo.dtf.exception.AssertionException: Assertion failed [Duration was longer than 300ms by 10% at 338ms] at tests/ut/distribute.xml:148:82</failure>

    </testcase>

    <testcase name="choices" start="2011-01-04-05.59.08.454" stop="2011-01-04-05.59.08.652" time="0.198">
</testcase>

    <testcase name="if" start="2011-01-04-05.59.08.963" stop="2011-01-04-05.59.08.965" time="0.0020">
</testcase>

    <testcase name="similar" start="2011-01-04-05.59.09.116" stop="2011-01-04-05.59.09.417" time="0.301">
</testcase>

    <testcase name="createrange" start="2011-01-04-05.59.09.466" stop="2011-01-04-05.59.09.644" time="0.178">
</testcase>

    <testcase name="range" start="2011-01-04-05.59.09.844" stop="2011-01-04-05.59.09.984" time="0.14">
</testcase>

    <testcase name="range_dist" start="2011-01-04-05.59.10.163" stop="2011-01-04-05.59.11.366" time="1.203">
      <property name="C1.dtf.debug.port" value="40001" />

      <property name="C1.node.id" value="2" />

      <property name="C1.dtf.tunneled" value="false" />

      <property name="C1.dtf.os.version" value="2.6.32-305-ec2" />

      <property name="C1.dtf.node.host" value="127.0.0.1" />

      <property name="C1.dtf.os.name" value="Linux" />

      <property name="C1.dtf.node.user" value="dtftest" />

      <property name="C1.dtf.node.home" value="/home/dtftest/build/dtf/build/dtf/dist" />

      <property name="C1.dtf.node.type" value="dtfa" />

      <property name="C1.dtf.os.arch" value="i386" />

    </testcase>

    <testcase name="xml_range" start="2011-01-04-05.59.11.600" stop="2011-01-04-05.59.11.608" time="0.0080">
</testcase>

    <testcase name="json_range" start="2011-01-04-05.59.11.740" stop="2011-01-04-05.59.11.743" time="0.0030">
</testcase>

    <testcase name="functions" start="2011-01-04-05.59.12.060" stop="2011-01-04-05.59.12.356" time="0.296">
</testcase>

    <testcase name="import" start="2011-01-04-05.59.12.402" stop="2011-01-04-05.59.12.842" time="0.44">
</testcase>

    <testcase name="export" start="2011-01-04-05.59.12.941" stop="2011-01-04-05.59.13.156" time="0.215">
      <property name="DTFA1.dtf.node.host" value="127.0.0.1" />

      <property name="DTFA1.dtf.tunneled" value="false" />

      <property name="DTFA1.dtf.os.name" value="Linux" />

      <property name="DTFA1.dtf.debug.port" value="40002" />

      <property name="DTFA1.dtf.os.version" value="2.6.32-305-ec2" />

      <property name="DTFA1.dtf.node.user" value="dtftest" />

      <property name="DTFA1.dtf.os.arch" value="i386" />

      <property name="DTFA1.node.id" value="3" />

      <property name="DTFA1.dtf.node.home" value="/home/dtftest/build/dtf/build/dtf/dist" />

      <property name="DTFA1.dtf.node.type" value="dtfa" />

    </testcase>

    <testcase name="references" start="2011-01-04-05.59.13.289" stop="2011-01-04-05.59.13.604" time="0.315">
      <property name="DTFA1.dtf.node.host" value="127.0.0.1" />

      <property name="DTFA1.dtf.tunneled" value="false" />

      <property name="DTFA1.dtf.os.name" value="Linux" />

      <property name="DTFA1.dtf.debug.port" value="40003" />

      <property name="DTFA1.dtf.os.version" value="2.6.32-305-ec2" />

      <property name="DTFA1.dtf.node.user" value="dtftest" />

      <property name="DTFA1.dtf.os.arch" value="i386" />

      <property name="DTFA1.node.id" value="1" />

      <property name="DTFA1.dtf.node.home" value="/home/dtftest/build/dtf/build/dtf/dist" />

      <property name="DTFA1.dtf.node.type" value="dtfa" />

    </testcase>

    <testcase name="component" start="2011-01-04-05.59.13.705" stop="2011-01-04-05.59.14.934" time="1.229">
      <property name="DTFA1.dtf.node.host" value="127.0.0.1" />

      <property name="DTFA1.dtf.tunneled" value="false" />

      <property name="DTFA1.dtf.os.name" value="Linux" />

      <property name="DTFA1.dtf.debug.port" value="40001" />

      <property name="DTFA1.dtf.os.version" value="2.6.32-305-ec2" />

      <property name="DTFA1.dtf.node.user" value="dtftest" />

      <property name="DTFA1.dtf.os.arch" value="i386" />

      <property name="DTFA1.node.id" value="2" />

      <property name="DTFA1.dtf.node.home" value="/home/dtftest/build/dtf/build/dtf/dist" />

      <property name="DTFA1.dtf.node.type" value="dtfa" />

    </testcase>

    <testsuite classname="dtf.lockcomponent" disabled="0" errors="0" failures="0" name="dtf.lockcomponent" passed="1" start="2011-01-04-05.59.15.532" stop="2011-01-04-05.59.16.123" tests="1" time="0.591" timestamp="Tue Jan 04 05:59:15 UTC 2011">
      <property name="DTFA2.dtf.os.name" value="Linux" />

      <property name="DTFA2.dtf.os.arch" value="i386" />

      <property name="DTFA3.dtf.node.type" value="dtfa" />

      <property name="DTFA2.dtf.tunneled" value="false" />

      <property name="DTFA1.dtf.node.home" value="/home/dtftest/build/dtf/build/dtf/dist" />

      <property name="DTFA2.dtf.node.home" value="/home/dtftest/build/dtf/build/dtf/dist" />

      <property name="DTFA3.dtf.tunneled" value="false" />

      <property name="DTFA3.dtf.os.arch" value="i386" />

      <property name="DTFA3.dtf.os.name" value="Linux" />

      <property name="DTFA3.dtf.os.version" value="2.6.32-305-ec2" />

      <property name="DTFA1.dtf.node.user" value="dtftest" />

      <property name="DTFA2.dtf.debug.port" value="40001" />

      <property name="DTFA2.dtf.node.user" value="dtftest" />

      <property name="DTFA3.node.id" value="1" />

      <property name="DTFA1.node.id" value="3" />

      <property name="DTFA1.dtf.node.type" value="dtfa" />

      <property name="DTFA3.dtf.node.host" value="127.0.0.1" />

      <property name="DTFA2.dtf.node.type" value="dtfa" />

      <property name="DTFA3.dtf.debug.port" value="40003" />

      <property name="DTFA1.dtf.tunneled" value="false" />

      <property name="DTFA1.dtf.os.version" value="2.6.32-305-ec2" />

      <property name="DTFA3.dtf.node.home" value="/home/dtftest/build/dtf/build/dtf/dist" />

      <property name="DTFA2.node.id" value="2" />

      <property name="DTFA1.dtf.os.arch" value="i386" />

      <property name="DTFA1.dtf.os.name" value="Linux" />

      <property name="DTFA1.dtf.node.host" value="127.0.0.1" />

      <property name="DTFA2.dtf.node.host" value="127.0.0.1" />

      <property name="DTFA3.dtf.node.user" value="dtftest" />

      <property name="DTFA2.dtf.os.version" value="2.6.32-305-ec2" />

      <property name="DTFA1.dtf.debug.port" value="40002" />

      <testcase name="occupy_component" start="2011-01-04-05.59.15.712" stop="2011-01-04-05.59.16.118" time="0.406">
        <property name="C1.dtf.debug.port" value="40001" />

        <property name="C1.node.id" value="2" />

        <property name="C1.dtf.tunneled" value="false" />

        <property name="C1.dtf.os.version" value="2.6.32-305-ec2" />

        <property name="C1.dtf.node.host" value="127.0.0.1" />

        <property name="C1.dtf.os.name" value="Linux" />

        <property name="C1.dtf.node.user" value="dtftest" />

        <property name="C1.dtf.node.home" value="/home/dtftest/build/dtf/build/dtf/dist" />

        <property name="C1.dtf.node.type" value="dtfa" />

        <property name="C1.dtf.os.arch" value="i386" />

      </testcase>

      <system-out />

      <system-err />

    </testsuite>

    <testsuite classname="dtf.lockcomponent" disabled="0" errors="0" failures="0" name="dtf.lockcomponent" passed="1" start="2011-01-04-05.59.16.124" stop="2011-01-04-05.59.16.277" tests="1" time="0.153" timestamp="Tue Jan 04 05:59:16 UTC 2011">
      <testcase name="occupy_component" start="2011-01-04-05.59.16.188" stop="2011-01-04-05.59.16.273" time="0.085">
        <property name="C1.dtf.debug.port" value="40001" />

        <property name="C1.node.id" value="2" />

        <property name="C1.dtf.tunneled" value="false" />

        <property name="C1.dtf.os.version" value="2.6.32-305-ec2" />

        <property name="C1.dtf.node.host" value="127.0.0.1" />

        <property name="C1.dtf.os.name" value="Linux" />

        <property name="C1.dtf.node.user" value="dtftest" />

        <property name="C1.dtf.node.home" value="/home/dtftest/build/dtf/build/dtf/dist" />

        <property name="C1.dtf.node.type" value="dtfa" />

        <property name="C1.dtf.os.arch" value="i386" />

      </testcase>

      <system-out />

      <system-err />

    </testsuite>

    <testsuite classname="dtf.lockcomponent" disabled="0" errors="0" failures="0" name="dtf.lockcomponent" passed="1" start="2011-01-04-05.59.15.536" stop="2011-01-04-05.59.16.413" tests="1" time="0.877" timestamp="Tue Jan 04 05:59:15 UTC 2011">
      <testcase name="occupy_component" start="2011-01-04-05.59.15.710" stop="2011-01-04-05.59.16.408" time="0.698">
        <property name="C1.dtf.debug.port" value="40002" />

        <property name="C1.node.id" value="3" />

        <property name="C1.dtf.tunneled" value="false" />

        <property name="C1.dtf.os.version" value="2.6.32-305-ec2" />

        <property name="C1.dtf.node.host" value="127.0.0.1" />

        <property name="C1.dtf.os.name" value="Linux" />

        <property name="C1.dtf.node.user" value="dtftest" />

        <property name="C1.dtf.node.home" value="/home/dtftest/build/dtf/build/dtf/dist" />

        <property name="C1.dtf.node.type" value="dtfa" />

        <property name="C1.dtf.os.arch" value="i386" />

      </testcase>

      <system-out />

      <system-err />

    </testsuite>

    <testsuite classname="dtf.lockcomponent" disabled="0" errors="0" failures="0" name="dtf.lockcomponent" passed="1" start="2011-01-04-05.59.15.527" stop="2011-01-04-05.59.16.566" tests="1" time="1.039" timestamp="Tue Jan 04 05:59:15 UTC 2011">
      <testcase name="occupy_component" start="2011-01-04-05.59.15.706" stop="2011-01-04-05.59.16.435" time="0.729">
        <property name="C1.dtf.debug.port" value="40003" />

        <property name="C1.node.id" value="1" />

        <property name="C1.dtf.tunneled" value="false" />

        <property name="C1.dtf.os.version" value="2.6.32-305-ec2" />

        <property name="C1.dtf.node.host" value="127.0.0.1" />

        <property name="C1.dtf.os.name" value="Linux" />

        <property name="C1.dtf.node.user" value="dtftest" />

        <property name="C1.dtf.node.home" value="/home/dtftest/build/dtf/build/dtf/dist" />

        <property name="C1.dtf.node.type" value="dtfa" />

        <property name="C1.dtf.os.arch" value="i386" />

      </testcase>

      <system-out />

      <system-err />

    </testsuite>

    <testsuite classname="dtf.lockcomponent" disabled="0" errors="0" failures="0" name="dtf.lockcomponent" passed="1" start="2011-01-04-05.59.16.413" stop="2011-01-04-05.59.16.632" tests="1" time="0.219" timestamp="Tue Jan 04 05:59:16 UTC 2011">
      <testcase name="occupy_component" start="2011-01-04-05.59.16.477" stop="2011-01-04-05.59.16.626" time="0.149">
        <property name="C1.dtf.debug.port" value="40003" />

        <property name="C1.node.id" value="1" />

        <property name="C1.dtf.tunneled" value="false" />

        <property name="C1.dtf.os.version" value="2.6.32-305-ec2" />

        <property name="C1.dtf.node.host" value="127.0.0.1" />

        <property name="C1.dtf.os.name" value="Linux" />

        <property name="C1.dtf.node.user" value="dtftest" />

        <property name="C1.dtf.node.home" value="/home/dtftest/build/dtf/build/dtf/dist" />

        <property name="C1.dtf.node.type" value="dtfa" />

        <property name="C1.dtf.os.arch" value="i386" />

      </testcase>

      <system-out />

      <system-err />

    </testsuite>

    <testsuite classname="dtf.lockcomponent" disabled="0" errors="0" failures="0" name="dtf.lockcomponent" passed="1" start="2011-01-04-05.59.16.277" stop="2011-01-04-05.59.16.645" tests="1" time="0.368" timestamp="Tue Jan 04 05:59:16 UTC 2011">
      <testcase name="occupy_component" start="2011-01-04-05.59.16.335" stop="2011-01-04-05.59.16.641" time="0.306">
        <property name="C1.dtf.debug.port" value="40001" />

        <property name="C1.node.id" value="2" />

        <property name="C1.dtf.tunneled" value="false" />

        <property name="C1.dtf.os.version" value="2.6.32-305-ec2" />

        <property name="C1.dtf.node.host" value="127.0.0.1" />

        <property name="C1.dtf.os.name" value="Linux" />

        <property name="C1.dtf.node.user" value="dtftest" />

        <property name="C1.dtf.node.home" value="/home/dtftest/build/dtf/build/dtf/dist" />

        <property name="C1.dtf.node.type" value="dtfa" />

        <property name="C1.dtf.os.arch" value="i386" />

      </testcase>

      <system-out />

      <system-err />

    </testsuite>

    <testsuite classname="dtf.lockcomponent" disabled="0" errors="0" failures="0" name="dtf.lockcomponent" passed="1" start="2011-01-04-05.59.16.566" stop="2011-01-04-05.59.16.945" tests="1" time="0.379" timestamp="Tue Jan 04 05:59:16 UTC 2011">
      <testcase name="occupy_component" start="2011-01-04-05.59.16.778" stop="2011-01-04-05.59.16.939" time="0.161">
        <property name="C1.dtf.debug.port" value="40002" />

        <property name="C1.node.id" value="3" />

        <property name="C1.dtf.tunneled" value="false" />

        <property name="C1.dtf.os.version" value="2.6.32-305-ec2" />

        <property name="C1.dtf.node.host" value="127.0.0.1" />

        <property name="C1.dtf.os.name" value="Linux" />

        <property name="C1.dtf.node.user" value="dtftest" />

        <property name="C1.dtf.node.home" value="/home/dtftest/build/dtf/build/dtf/dist" />

        <property name="C1.dtf.node.type" value="dtfa" />

        <property name="C1.dtf.os.arch" value="i386" />

      </testcase>

      <system-out />

      <system-err />

    </testsuite>

    <testsuite classname="dtf.lockcomponent" disabled="0" errors="0" failures="0" name="dtf.lockcomponent" passed="1" start="2011-01-04-05.59.16.632" stop="2011-01-04-05.59.17.078" tests="1" time="0.446" timestamp="Tue Jan 04 05:59:16 UTC 2011">
      <testcase name="occupy_component" start="2011-01-04-05.59.16.777" stop="2011-01-04-05.59.16.899" time="0.122">
        <property name="C1.dtf.debug.port" value="40001" />

        <property name="C1.node.id" value="2" />

        <property name="C1.dtf.tunneled" value="false" />

        <property name="C1.dtf.os.version" value="2.6.32-305-ec2" />

        <property name="C1.dtf.node.host" value="127.0.0.1" />

        <property name="C1.dtf.os.name" value="Linux" />

        <property name="C1.dtf.node.user" value="dtftest" />

        <property name="C1.dtf.node.home" value="/home/dtftest/build/dtf/build/dtf/dist" />

        <property name="C1.dtf.node.type" value="dtfa" />

        <property name="C1.dtf.os.arch" value="i386" />

      </testcase>

      <system-out />

      <system-err />

    </testsuite>

    <testsuite classname="dtf.lockcomponent" disabled="0" errors="0" failures="0" name="dtf.lockcomponent" passed="1" start="2011-01-04-05.59.16.945" stop="2011-01-04-05.59.17.086" tests="1" time="0.141" timestamp="Tue Jan 04 05:59:16 UTC 2011">
      <testcase name="occupy_component" start="2011-01-04-05.59.16.971" stop="2011-01-04-05.59.17.082" time="0.111">
        <property name="C1.dtf.debug.port" value="40002" />

        <property name="C1.node.id" value="3" />

        <property name="C1.dtf.tunneled" value="false" />

        <property name="C1.dtf.os.version" value="2.6.32-305-ec2" />

        <property name="C1.dtf.node.host" value="127.0.0.1" />

        <property name="C1.dtf.os.name" value="Linux" />

        <property name="C1.dtf.node.user" value="dtftest" />

        <property name="C1.dtf.node.home" value="/home/dtftest/build/dtf/build/dtf/dist" />

        <property name="C1.dtf.node.type" value="dtfa" />

        <property name="C1.dtf.os.arch" value="i386" />

      </testcase>

      <system-out />

      <system-err />

    </testsuite>

    <testsuite classname="dtf.lockcomponent" disabled="0" errors="0" failures="0" name="dtf.lockcomponent" passed="1" start="2011-01-04-05.59.17.087" stop="2011-01-04-05.59.17.303" tests="1" time="0.216" timestamp="Tue Jan 04 05:59:17 UTC 2011">
      <testcase name="parallel_occupy_component" start="2011-01-04-05.59.17.179" stop="2011-01-04-05.59.17.294" time="0.115">
        <property name="C1.dtf.node.type" value="dtfa" />

        <property name="C3.dtf.node.host" value="127.0.0.1" />

        <property name="C1.dtf.tunneled" value="false" />

        <property name="C2.dtf.debug.port" value="40003" />

        <property name="C2.dtf.node.type" value="dtfa" />

        <property name="C2.node.id" value="1" />

        <property name="C2.dtf.tunneled" value="false" />

        <property name="C1.node.id" value="3" />

        <property name="C2.dtf.os.version" value="2.6.32-305-ec2" />

        <property name="C1.dtf.debug.port" value="40002" />

        <property name="C3.dtf.node.home" value="/home/dtftest/build/dtf/build/dtf/dist" />

        <property name="C3.dtf.debug.port" value="40001" />

        <property name="C1.dtf.node.host" value="127.0.0.1" />

        <property name="C2.dtf.node.host" value="127.0.0.1" />

        <property name="C3.dtf.os.version" value="2.6.32-305-ec2" />

        <property name="C3.dtf.node.user" value="dtftest" />

        <property name="C1.dtf.os.name" value="Linux" />

        <property name="C1.dtf.os.arch" value="i386" />

        <property name="C3.dtf.tunneled" value="false" />

        <property name="C3.node.id" value="2" />

        <property name="C3.dtf.node.type" value="dtfa" />

        <property name="C1.dtf.node.home" value="/home/dtftest/build/dtf/build/dtf/dist" />

        <property name="C2.dtf.os.arch" value="i386" />

        <property name="C2.dtf.os.name" value="Linux" />

        <property name="C2.dtf.node.home" value="/home/dtftest/build/dtf/build/dtf/dist" />

        <property name="C1.dtf.node.user" value="dtftest" />

        <property name="C3.dtf.os.arch" value="i386" />

        <property name="C3.dtf.os.name" value="Linux" />

        <property name="C1.dtf.os.version" value="2.6.32-305-ec2" />

        <property name="C2.dtf.node.user" value="dtftest" />

      </testcase>

      <system-out />

      <system-err />

    </testsuite>

    <testsuite classname="dtf.lockcomponent" disabled="0" errors="0" failures="0" name="dtf.lockcomponent" passed="1" start="2011-01-04-05.59.17.389" stop="2011-01-04-05.59.17.595" tests="1" time="0.206" timestamp="Tue Jan 04 05:59:17 UTC 2011">
      <property name="C1.dtf.debug.port" value="40002" />

      <property name="C1.node.id" value="3" />

      <property name="C1.dtf.tunneled" value="false" />

      <property name="C1.dtf.os.version" value="2.6.32-305-ec2" />

      <property name="C1.dtf.node.host" value="127.0.0.1" />

      <property name="C1.dtf.os.name" value="Linux" />

      <property name="C1.dtf.node.user" value="dtftest" />

      <property name="C1.dtf.node.home" value="/home/dtftest/build/dtf/build/dtf/dist" />

      <property name="C1.dtf.node.type" value="dtfa" />

      <property name="C1.dtf.os.arch" value="i386" />

      <testcase name="function_occupy_component" start="2011-01-04-05.59.17.452" stop="2011-01-04-05.59.17.541" time="0.089">
        <property name="C1.dtf.node.type" value="dtfa" />

        <property name="C3.dtf.node.host" value="127.0.0.1" />

        <property name="C2.dtf.debug.port" value="40001" />

        <property name="C2.dtf.node.type" value="dtfa" />

        <property name="C1.dtf.tunneled" value="false" />

        <property name="C2.node.id" value="2" />

        <property name="C2.dtf.tunneled" value="false" />

        <property name="C2.dtf.os.version" value="2.6.32-305-ec2" />

        <property name="C1.node.id" value="1" />

        <property name="C1.dtf.debug.port" value="40003" />

        <property name="C3.dtf.node.home" value="/home/dtftest/build/dtf/build/dtf/dist" />

        <property name="C3.dtf.debug.port" value="40002" />

        <property name="C1.dtf.node.host" value="127.0.0.1" />

        <property name="C2.dtf.node.host" value="127.0.0.1" />

        <property name="C3.dtf.node.user" value="dtftest" />

        <property name="C3.dtf.os.version" value="2.6.32-305-ec2" />

        <property name="C1.dtf.os.arch" value="i386" />

        <property name="C1.dtf.os.name" value="Linux" />

        <property name="C3.node.id" value="3" />

        <property name="C3.dtf.tunneled" value="false" />

        <property name="C3.dtf.node.type" value="dtfa" />

        <property name="C1.dtf.node.home" value="/home/dtftest/build/dtf/build/dtf/dist" />

        <property name="C2.dtf.os.arch" value="i386" />

        <property name="C2.dtf.os.name" value="Linux" />

        <property name="C2.dtf.node.home" value="/home/dtftest/build/dtf/build/dtf/dist" />

        <property name="C1.dtf.node.user" value="dtftest" />

        <property name="C3.dtf.os.name" value="Linux" />

        <property name="C3.dtf.os.arch" value="i386" />

        <property name="C1.dtf.os.version" value="2.6.32-305-ec2" />

        <property name="C2.dtf.node.user" value="dtftest" />

      </testcase>

      <system-out />

      <system-err />

    </testsuite>

    <testcase name="lockcomponent" start="2011-01-04-05.59.15.049" stop="2011-01-04-05.59.17.614" time="2.565">
      <property name="C1.dtf.debug.port" value="40002" />

      <property name="C1.node.id" value="3" />

      <property name="C1.dtf.tunneled" value="false" />

      <property name="C1.dtf.os.version" value="2.6.32-305-ec2" />

      <property name="C1.dtf.node.host" value="127.0.0.1" />

      <property name="C1.dtf.os.name" value="Linux" />

      <property name="C1.dtf.node.user" value="dtftest" />

      <property name="C1.dtf.node.home" value="/home/dtftest/build/dtf/build/dtf/dist" />

      <property name="C1.dtf.node.type" value="dtfa" />

      <property name="C1.dtf.os.arch" value="i386" />

    </testcase>

    <testcase name="lockgroup" start="2011-01-04-05.59.17.649" stop="2011-01-04-05.59.18.483" time="0.834">
      <property name="DTFA2-2.dtf.os.name" value="Linux" />

      <property name="DTFA2-2.node.id" value="1" />

      <property name="DTFA1-2.dtf.node.host" value="127.0.0.1" />

      <property name="DTFA2-1.dtf.node.type" value="dtfa" />

      <property name="DTFA1-2.dtf.node.home" value="/home/dtftest/build/dtf/build/dtf/dist" />

      <property name="DTFA1-1.node.id" value="1" />

      <property name="DTFA2-2.dtf.debug.port" value="40003" />

      <property name="DTFA2-1.dtf.node.host" value="127.0.0.1" />

      <property name="DTFA2-1.dtf.debug.port" value="40001" />

      <property name="DTFA2-1.dtf.os.arch" value="i386" />

      <property name="DTFA1-2.dtf.os.version" value="2.6.32-305-ec2" />

      <property name="DTFA2-2.dtf.node.user" value="dtftest" />

      <property name="DTFA1-1.dtf.os.version" value="2.6.32-305-ec2" />

      <property name="DTFA1-1.dtf.node.type" value="dtfa" />

      <property name="DTFA2-1.dtf.node.home" value="/home/dtftest/build/dtf/build/dtf/dist" />

      <property name="DTFA2-1.dtf.os.name" value="Linux" />

      <property name="DTFA1-2.dtf.os.arch" value="i386" />

      <property name="DTFA2-2.dtf.tunneled" value="false" />

      <property name="DTFA1-2.dtf.tunneled" value="false" />

      <property name="DTFA1-2.dtf.os.name" value="Linux" />

      <property name="DTFA1-1.dtf.node.host" value="127.0.0.1" />

      <property name="DTFA1-2.dtf.node.user" value="dtftest" />

      <property name="DTFA1-1.dtf.node.home" value="/home/dtftest/build/dtf/build/dtf/dist" />

      <property name="DTFA1-2.node.id" value="2" />

      <property name="DTFA2-1.node.id" value="2" />

      <property name="DTFA2-1.dtf.tunneled" value="false" />

      <property name="DTFA1-1.dtf.os.arch" value="i386" />

      <property name="DTFA1-1.dtf.tunneled" value="false" />

      <property name="DTFA2-1.dtf.node.user" value="dtftest" />

      <property name="DTFA1-1.dtf.os.name" value="Linux" />

      <property name="DTFA2-2.dtf.os.version" value="2.6.32-305-ec2" />

      <property name="DTFA2-2.dtf.node.type" value="dtfa" />

      <property name="DTFA2-1.dtf.os.version" value="2.6.32-305-ec2" />

      <property name="DTFA1-2.dtf.debug.port" value="40001" />

      <property name="DTFA1-1.dtf.debug.port" value="40003" />

      <property name="DTFA2-2.dtf.node.host" value="127.0.0.1" />

      <property name="DTFA1-1.dtf.node.user" value="dtftest" />

      <property name="DTFA2-2.dtf.os.arch" value="i386" />

      <property name="DTFA1-2.dtf.node.type" value="dtfa" />

      <property name="DTFA2-2.dtf.node.home" value="/home/dtftest/build/dtf/build/dtf/dist" />

    </testcase>

    <testcase name="remotestorage" start="2011-01-04-05.59.18.627" stop="2011-01-04-05.59.20.335" time="1.708">
      <property name="DTFA2.dtf.os.name" value="Linux" />

      <property name="DTFA2.dtf.os.arch" value="i386" />

      <property name="DTFA3.dtf.node.type" value="dtfa" />

      <property name="DTFA2.dtf.tunneled" value="false" />

      <property name="DTFA1.dtf.node.home" value="/home/dtftest/build/dtf/build/dtf/dist" />

      <property name="DTFA3.dtf.tunneled" value="false" />

      <property name="DTFA2.dtf.node.home" value="/home/dtftest/build/dtf/build/dtf/dist" />

      <property name="DTFA3.dtf.os.name" value="Linux" />

      <property name="DTFA3.dtf.os.arch" value="i386" />

      <property name="DTFA3.dtf.os.version" value="2.6.32-305-ec2" />

      <property name="DTFA1.dtf.node.user" value="dtftest" />

      <property name="DTFA2.dtf.debug.port" value="40001" />

      <property name="DTFA3.node.id" value="1" />

      <property name="DTFA2.dtf.node.user" value="dtftest" />

      <property name="DTFA1.node.id" value="3" />

      <property name="DTFA1.dtf.node.type" value="dtfa" />

      <property name="DTFA3.dtf.node.host" value="127.0.0.1" />

      <property name="DTFA2.dtf.node.type" value="dtfa" />

      <property name="DTFA3.dtf.debug.port" value="40003" />

      <property name="DTFA1.dtf.tunneled" value="false" />

      <property name="DTFA1.dtf.os.version" value="2.6.32-305-ec2" />

      <property name="DTFA3.dtf.node.home" value="/home/dtftest/build/dtf/build/dtf/dist" />

      <property name="DTFA2.node.id" value="2" />

      <property name="DTFA1.dtf.os.arch" value="i386" />

      <property name="DTFA1.dtf.os.name" value="Linux" />

      <property name="DTFA1.dtf.node.host" value="127.0.0.1" />

      <property name="DTFA2.dtf.node.host" value="127.0.0.1" />

      <property name="DTFA3.dtf.node.user" value="dtftest" />

      <property name="DTFA2.dtf.os.version" value="2.6.32-305-ec2" />

      <property name="DTFA1.dtf.debug.port" value="40002" />

    </testcase>

    <testcase name="recorder" start="2011-01-04-05.59.20.532" stop="2011-01-04-05.59.20.655" time="0.123">
      <property name="DTFA1.dtf.node.host" value="127.0.0.1" />

      <property name="DTFA1.dtf.tunneled" value="false" />

      <property name="DTFA1.dtf.os.name" value="Linux" />

      <property name="DTFA1.dtf.debug.port" value="40001" />

      <property name="DTFA1.dtf.os.version" value="2.6.32-305-ec2" />

      <property name="DTFA1.dtf.node.user" value="dtftest" />

      <property name="DTFA1.dtf.os.arch" value="i386" />

      <property name="DTFA1.node.id" value="2" />

      <property name="DTFA1.dtf.node.home" value="/home/dtftest/build/dtf/build/dtf/dist" />

      <property name="DTFA1.dtf.node.type" value="dtfa" />

    </testcase>

    <testcase name="stats_recorder" start="2011-01-04-05.59.20.690" stop="2011-01-04-05.59.20.691" time="0.0010">
</testcase>

    <testsuite classname="dtf.query" disabled="0" errors="0" failures="0" name="dtf.query" passed="1" start="2011-01-04-05.59.20.869" stop="2011-01-04-05.59.21.541" tests="1" time="0.672" timestamp="Tue Jan 04 05:59:20 UTC 2011">
      <testcase name="query" start="2011-01-04-05.59.21.144" stop="2011-01-04-05.59.21.541" time="0.397">
</testcase>

      <system-out />

      <system-err />

    </testsuite>

    <testcase name="query" start="2011-01-04-05.59.20.854" stop="2011-01-04-05.59.21.842" time="0.988">
</testcase>

    <testcase name="event" start="2011-01-04-05.59.21.965" stop="2011-01-04-05.59.22.217" time="0.252">
      <property name="DTFA1.dtf.node.host" value="127.0.0.1" />

      <property name="DTFA1.dtf.tunneled" value="false" />

      <property name="DTFA1.dtf.os.name" value="Linux" />

      <property name="DTFA1.dtf.debug.port" value="40003" />

      <property name="DTFA1.dtf.os.version" value="2.6.32-305-ec2" />

      <property name="DTFA1.dtf.node.user" value="dtftest" />

      <property name="DTFA1.dtf.os.arch" value="i386" />

      <property name="DTFA1.node.id" value="1" />

      <property name="DTFA1.dtf.node.home" value="/home/dtftest/build/dtf/build/dtf/dist" />

      <property name="DTFA1.dtf.node.type" value="dtfa" />

    </testcase>

    <testcase name="event_visibility" start="2011-01-04-05.59.22.343" stop="2011-01-04-05.59.22.490" time="0.147">
      <property name="C1.dtf.debug.port" value="40002" />

      <property name="C1.node.id" value="3" />

      <property name="C1.dtf.tunneled" value="false" />

      <property name="C1.dtf.os.version" value="2.6.32-305-ec2" />

      <property name="C1.dtf.node.host" value="127.0.0.1" />

      <property name="C1.dtf.os.name" value="Linux" />

      <property name="C1.dtf.node.user" value="dtftest" />

      <property name="C1.dtf.node.home" value="/home/dtftest/build/dtf/build/dtf/dist" />

      <property name="C1.dtf.node.type" value="dtfa" />

      <property name="C1.dtf.os.arch" value="i386" />

    </testcase>

    <testcase name="compare" start="2011-01-04-05.59.22.679" stop="2011-01-04-05.59.22.815" time="0.136">
</testcase>

    <testcase name="filter" start="2011-01-04-05.59.22.936" stop="2011-01-04-05.59.23.115" time="0.179">
</testcase>

    <testcase name="sort" start="2011-01-04-05.59.23.246" stop="2011-01-04-05.59.23.417" time="0.171">
</testcase>

    <testsuite classname="dtf.testsuite1" disabled="0" errors="0" failures="0" name="dtf.testsuite1" passed="13" start="2011-01-04-05.59.23.542" stop="2011-01-04-05.59.24.208" tests="13" time="0.666" timestamp="Tue Jan 04 05:59:23 UTC 2011">
      <testcase name="donothing" start="2011-01-04-05.59.23.584" stop="2011-01-04-05.59.23.584" time="0.0">
</testcase>

      <testcase name="testcase1" start="2011-01-04-05.59.23.565" stop="2011-01-04-05.59.23.586" time="0.021">
</testcase>

      <testcase name="donothing" start="2011-01-04-05.59.23.716" stop="2011-01-04-05.59.23.716" time="0.0">
</testcase>

      <testcase name="testcase2" start="2011-01-04-05.59.23.701" stop="2011-01-04-05.59.23.717" time="0.016">
</testcase>

      <testcase name="donothing" start="2011-01-04-05.59.23.848" stop="2011-01-04-05.59.23.848" time="0.0">
</testcase>

      <testcase name="testcase3" start="2011-01-04-05.59.23.832" stop="2011-01-04-05.59.23.849" time="0.017">
</testcase>

      <testsuite classname="dtf.testsuite2" disabled="0" errors="0" failures="0" name="dtf.testsuite2" passed="6" start="2011-01-04-05.59.23.879" stop="2011-01-04-05.59.24.208" tests="6" time="0.329" timestamp="Tue Jan 04 05:59:23 UTC 2011">
        <testcase name="donothing" start="2011-01-04-05.59.24.008" stop="2011-01-04-05.59.24.008" time="0.0">
</testcase>

        <testcase name="testcase3" start="2011-01-04-05.59.23.992" stop="2011-01-04-05.59.24.009" time="0.017">
</testcase>

        <testcase name="donothing" start="2011-01-04-05.59.24.163" stop="2011-01-04-05.59.24.163" time="0.0">
</testcase>

        <testcase name="testcase-sub2" start="2011-01-04-05.59.24.147" stop="2011-01-04-05.59.24.163" time="0.016">
</testcase>

        <testcase name="donothing" start="2011-01-04-05.59.24.207" stop="2011-01-04-05.59.24.207" time="0.0">
</testcase>

        <testcase name="testcase-sub3" start="2011-01-04-05.59.24.191" stop="2011-01-04-05.59.24.208" time="0.017">
</testcase>

        <system-out />

        <system-err />

      </testsuite>

      <testcase name="testsuite-sub" start="2011-01-04-05.59.23.878" stop="2011-01-04-05.59.24.208" time="0.33">
</testcase>

      <system-out />

      <system-err />

    </testsuite>

    <testcase name="testsuite" start="2011-01-04-05.59.23.540" stop="2011-01-04-05.59.24.212" time="0.672">
</testcase>

    <testsuite classname="dtf.results" disabled="0" errors="0" failures="0" name="dtf.results" passed="13" start="2011-01-04-05.59.24.363" stop="2011-01-04-05.59.25.092" tests="13" time="0.729" timestamp="Tue Jan 04 05:59:24 UTC 2011">
      <testcase name="donothing" start="2011-01-04-05.59.24.402" stop="2011-01-04-05.59.24.402" time="0.0">
</testcase>

      <testcase name="testcase1" start="2011-01-04-05.59.24.387" stop="2011-01-04-05.59.24.483" time="0.096">
</testcase>

      <testcase name="donothing" start="2011-01-04-05.59.24.551" stop="2011-01-04-05.59.24.551" time="0.0">
</testcase>

      <testcase name="testcase2" start="2011-01-04-05.59.24.506" stop="2011-01-04-05.59.24.552" time="0.046">
</testcase>

      <testcase name="donothing" start="2011-01-04-05.59.24.669" stop="2011-01-04-05.59.24.669" time="0.0">
</testcase>

      <testcase name="testcase3" start="2011-01-04-05.59.24.654" stop="2011-01-04-05.59.24.670" time="0.016">
</testcase>

      <testsuite classname="dtf.testsuite2" disabled="0" errors="0" failures="0" name="dtf.testsuite2" passed="6" start="2011-01-04-05.59.24.702" stop="2011-01-04-05.59.25.092" tests="6" time="0.39" timestamp="Tue Jan 04 05:59:24 UTC 2011">
        <testcase name="donothing" start="2011-01-04-05.59.24.869" stop="2011-01-04-05.59.24.869" time="0.0">
</testcase>

        <testcase name="testcase3" start="2011-01-04-05.59.24.802" stop="2011-01-04-05.59.24.870" time="0.068">
</testcase>

        <testcase name="donothing" start="2011-01-04-05.59.24.909" stop="2011-01-04-05.59.24.909" time="0.0">
</testcase>

        <testcase name="testcase-sub2" start="2011-01-04-05.59.24.894" stop="2011-01-04-05.59.24.913" time="0.019">
</testcase>

        <testcase name="donothing" start="2011-01-04-05.59.25.091" stop="2011-01-04-05.59.25.091" time="0.0">
</testcase>

        <testcase name="testcase-sub3" start="2011-01-04-05.59.25.009" stop="2011-01-04-05.59.25.092" time="0.083">
</testcase>

        <system-out />

        <system-err />

      </testsuite>

      <testcase name="testsuite-sub" start="2011-01-04-05.59.24.701" stop="2011-01-04-05.59.25.092" time="0.391">
</testcase>

      <system-out />

      <system-err />

    </testsuite>

    <testsuite classname="dtf.results" disabled="0" errors="0" failures="0" name="dtf.results" passed="13" start="2011-01-04-05.59.25.097" stop="2011-01-04-05.59.25.862" tests="13" time="0.765" timestamp="Tue Jan 04 05:59:25 UTC 2011">
      <testcase name="donothing" start="2011-01-04-05.59.25.168" stop="2011-01-04-05.59.25.168" time="0.0">
</testcase>

      <testcase name="testcase3" start="2011-01-04-05.59.25.152" stop="2011-01-04-05.59.25.169" time="0.017">
</testcase>

      <testcase name="donothing" start="2011-01-04-05.59.25.306" stop="2011-01-04-05.59.25.306" time="0.0">
</testcase>

      <testcase name="testcase2" start="2011-01-04-05.59.25.260" stop="2011-01-04-05.59.25.307" time="0.047">
</testcase>

      <testcase name="donothing" start="2011-01-04-05.59.25.406" stop="2011-01-04-05.59.25.406" time="0.0">
</testcase>

      <testcase name="testcase3" start="2011-01-04-05.59.25.390" stop="2011-01-04-05.59.25.406" time="0.016">
</testcase>

      <testsuite classname="dtf.testsuite2" disabled="0" errors="0" failures="0" name="dtf.testsuite2" passed="6" start="2011-01-04-05.59.25.466" stop="2011-01-04-05.59.25.862" tests="6" time="0.396" timestamp="Tue Jan 04 05:59:25 UTC 2011">
        <testcase name="donothing" start="2011-01-04-05.59.25.620" stop="2011-01-04-05.59.25.620" time="0.0">
</testcase>

        <testcase name="testcase3" start="2011-01-04-05.59.25.551" stop="2011-01-04-05.59.25.629" time="0.078">
</testcase>

        <testcase name="donothing" start="2011-01-04-05.59.25.670" stop="2011-01-04-05.59.25.670" time="0.0">
</testcase>

        <testcase name="testcase-sub2" start="2011-01-04-05.59.25.654" stop="2011-01-04-05.59.25.671" time="0.017">
</testcase>

        <testcase name="donothing" start="2011-01-04-05.59.25.861" stop="2011-01-04-05.59.25.861" time="0.0">
</testcase>

        <testcase name="testcase-sub3" start="2011-01-04-05.59.25.766" stop="2011-01-04-05.59.25.862" time="0.096">
</testcase>

        <system-out />

        <system-err />

      </testsuite>

      <testcase name="testsuite-sub" start="2011-01-04-05.59.25.465" stop="2011-01-04-05.59.25.862" time="0.397">
</testcase>

      <system-out />

      <system-err />

    </testsuite>

    <testsuite classname="dtf.results" disabled="0" errors="0" failures="0" name="dtf.results" passed="13" start="2011-01-04-05.59.25.863" stop="2011-01-04-05.59.26.475" tests="13" time="0.612" timestamp="Tue Jan 04 05:59:25 UTC 2011">
      <testcase name="donothing" start="2011-01-04-05.59.25.902" stop="2011-01-04-05.59.25.902" time="0.0">
</testcase>

      <testcase name="testcase3" start="2011-01-04-05.59.25.887" stop="2011-01-04-05.59.25.902" time="0.015">
</testcase>

      <testcase name="donothing" start="2011-01-04-05.59.26.053" stop="2011-01-04-05.59.26.053" time="0.0">
</testcase>

      <testcase name="testcase2" start="2011-01-04-05.59.26.004" stop="2011-01-04-05.59.26.053" time="0.049">
</testcase>

      <testcase name="donothing" start="2011-01-04-05.59.26.171" stop="2011-01-04-05.59.26.171" time="0.0">
</testcase>

      <testcase name="testcase3" start="2011-01-04-05.59.26.156" stop="2011-01-04-05.59.26.172" time="0.016">
</testcase>

      <testsuite classname="dtf.testsuite2" disabled="0" errors="0" failures="0" name="dtf.testsuite2" passed="6" start="2011-01-04-05.59.26.200" stop="2011-01-04-05.59.26.475" tests="6" time="0.275" timestamp="Tue Jan 04 05:59:26 UTC 2011">
        <testcase name="donothing" start="2011-01-04-05.59.26.239" stop="2011-01-04-05.59.26.239" time="0.0">
</testcase>

        <testcase name="testcase3" start="2011-01-04-05.59.26.224" stop="2011-01-04-05.59.26.338" time="0.114">
</testcase>

        <testcase name="donothing" start="2011-01-04-05.59.26.434" stop="2011-01-04-05.59.26.434" time="0.0">
</testcase>

        <testcase name="testcase-sub2" start="2011-01-04-05.59.26.366" stop="2011-01-04-05.59.26.434" time="0.068">
</testcase>

        <testcase name="donothing" start="2011-01-04-05.59.26.475" stop="2011-01-04-05.59.26.475" time="0.0">
</testcase>

        <testcase name="testcase-sub3" start="2011-01-04-05.59.26.459" stop="2011-01-04-05.59.26.475" time="0.016">
</testcase>

        <system-out />

        <system-err />

      </testsuite>

      <testcase name="testsuite-sub" start="2011-01-04-05.59.26.199" stop="2011-01-04-05.59.26.475" time="0.276">
</testcase>

      <system-out />

      <system-err />

    </testsuite>

    <testcase name="donothing" start="2011-01-04-05.59.26.664" stop="2011-01-04-05.59.26.664" time="0.0">
</testcase>

    <testcase name="testcase1" start="2011-01-04-05.59.26.578" stop="2011-01-04-05.59.26.664" time="0.086">
</testcase>

    <testcase name="donothing" start="2011-01-04-05.59.26.736" stop="2011-01-04-05.59.26.736" time="0.0">
</testcase>

    <testcase name="testcase1" start="2011-01-04-05.59.26.691" stop="2011-01-04-05.59.26.736" time="0.045">
</testcase>

    <testcase name="results" start="2011-01-04-05.59.24.361" stop="2011-01-04-05.59.26.737" time="2.376">
</testcase>

    <testsuite classname="dtf.concurrent_suite" disabled="0" errors="0" failures="0" name="dtf.concurrent_suite" passed="10" start="2011-01-04-05.59.26.831" stop="2011-01-04-05.59.27.311" tests="10" time="0.48" timestamp="Tue Jan 04 05:59:26 UTC 2011">
      <testcase name="echo" start="2011-01-04-05.59.26.976" stop="2011-01-04-05.59.26.976" time="0.0">
</testcase>

      <testcase name="echo" start="2011-01-04-05.59.27.129" stop="2011-01-04-05.59.27.129" time="0.0">
</testcase>

      <testcase name="echo" start="2011-01-04-05.59.26.987" stop="2011-01-04-05.59.26.987" time="0.0">
</testcase>

      <testcase name="echo" start="2011-01-04-05.59.26.990" stop="2011-01-04-05.59.26.990" time="0.0">
</testcase>

      <testcase name="echo" start="2011-01-04-05.59.26.985" stop="2011-01-04-05.59.26.985" time="0.0">
</testcase>

      <testcase name="echo" start="2011-01-04-05.59.27.201" stop="2011-01-04-05.59.27.201" time="0.0">
</testcase>

      <testcase name="echo" start="2011-01-04-05.59.27.204" stop="2011-01-04-05.59.27.204" time="0.0">
</testcase>

      <testcase name="echo" start="2011-01-04-05.59.27.285" stop="2011-01-04-05.59.27.285" time="0.0">
</testcase>

      <testcase name="echo" start="2011-01-04-05.59.27.302" stop="2011-01-04-05.59.27.302" time="0.0">
</testcase>

      <testcase name="echo" start="2011-01-04-05.59.27.311" stop="2011-01-04-05.59.27.311" time="0.0">
</testcase>

      <system-out />

      <system-err />

    </testsuite>

    <testcase name="concurrent_suite" start="2011-01-04-05.59.26.829" stop="2011-01-04-05.59.27.313" time="0.484">
</testcase>

    <testcase name="stats" start="2011-01-04-05.59.27.466" stop="2011-01-04-05.59.27.634" time="0.168">
</testcase>

    <testcase name="file" start="2011-01-04-05.59.27.736" stop="2011-01-04-05.59.28.467" time="0.731">
      <property name="DTFA1.dtf.node.host" value="127.0.0.1" />

      <property name="DTFA1.dtf.tunneled" value="false" />

      <property name="DTFA1.dtf.os.name" value="Linux" />

      <property name="DTFA1.dtf.debug.port" value="40001" />

      <property name="DTFA1.dtf.os.version" value="2.6.32-305-ec2" />

      <property name="DTFA1.dtf.node.user" value="dtftest" />

      <property name="DTFA1.dtf.os.arch" value="i386" />

      <property name="DTFA1.node.id" value="2" />

      <property name="DTFA1.dtf.node.home" value="/home/dtftest/build/dtf/build/dtf/dist" />

      <property name="DTFA1.dtf.node.type" value="dtfa" />

    </testcase>

    <testcase name="http" start="2011-01-04-05.59.28.841" stop="2011-01-04-05.59.29.354" time="0.513">
</testcase>

    <testcase name="http_server" start="2011-01-04-05.59.29.545" stop="2011-01-04-05.59.31.282" time="1.737">
</testcase>

    <testcase name="http_cleanup_test" start="2011-01-04-05.59.31.417" stop="2011-01-04-05.59.32.140" time="0.723">
      <property name="C1.dtf.node.type" value="dtfa" />

      <property name="C2.dtf.debug.port" value="40003" />

      <property name="C2.dtf.node.type" value="dtfa" />

      <property name="C1.dtf.tunneled" value="false" />

      <property name="C2.node.id" value="1" />

      <property name="C2.dtf.tunneled" value="false" />

      <property name="C2.dtf.os.version" value="2.6.32-305-ec2" />

      <property name="C1.node.id" value="3" />

      <property name="C1.dtf.debug.port" value="40002" />

      <property name="C1.dtf.node.host" value="127.0.0.1" />

      <property name="C2.dtf.node.host" value="127.0.0.1" />

      <property name="C1.dtf.os.arch" value="i386" />

      <property name="C1.dtf.os.name" value="Linux" />

      <property name="C1.dtf.node.home" value="/home/dtftest/build/dtf/build/dtf/dist" />

      <property name="C2.dtf.os.arch" value="i386" />

      <property name="C2.dtf.os.name" value="Linux" />

      <property name="C2.dtf.node.home" value="/home/dtftest/build/dtf/build/dtf/dist" />

      <property name="C1.dtf.node.user" value="dtftest" />

      <property name="C1.dtf.os.version" value="2.6.32-305-ec2" />

      <property name="C2.dtf.node.user" value="dtftest" />

    </testcase>

    <testcase name="string_manipulation" start="2011-01-04-05.59.32.377" stop="2011-01-04-05.59.32.379" time="0.0020">
</testcase>

    <testcase name="string_transform" start="2011-01-04-05.59.32.488" stop="2011-01-04-05.59.32.489" time="0.0010">
</testcase>

    <testcase name="convert" start="2011-01-04-05.59.32.616" stop="2011-01-04-05.59.32.648" time="0.032">
</testcase>

    <testcase name="arithmetic" start="2011-01-04-05.59.32.916" stop="2011-01-04-05.59.32.918" time="0.0020">
</testcase>

    <testcase name="random" start="2011-01-04-05.59.32.969" stop="2011-01-04-05.59.33.160" time="0.191">
</testcase>

    <testcase name="monitor" start="2011-01-04-05.59.33.396" stop="2011-01-04-05.59.33.555" time="0.159">
      <property name="AGENT1.dtf.os.arch" value="i386" />

      <property name="AGENT1.dtf.tunneled" value="false" />

      <property name="AGENT1.dtf.node.home" value="/home/dtftest/build/dtf/build/dtf/dist" />

      <property name="AGENT1.dtf.node.type" value="dtfa" />

      <property name="AGENT1.node.id" value="2" />

      <property name="AGENT1.dtf.node.host" value="127.0.0.1" />

      <property name="AGENT1.dtf.os.name" value="Linux" />

      <property name="AGENT1.dtf.debug.port" value="40001" />

      <property name="AGENT1.dtf.os.version" value="2.6.32-305-ec2" />

      <property name="AGENT1.dtf.node.user" value="dtftest" />

    </testcase>

    <testcase name="diff" start="2011-01-04-05.59.33.685" stop="2011-01-04-05.59.33.761" time="0.076">
</testcase>

    <testcase name="xml_xpath" start="2011-01-04-05.59.33.930" stop="2011-01-04-05.59.33.941" time="0.011">
</testcase>

    <testcase name="xml_dynamic" start="2011-01-04-05.59.33.965" stop="2011-01-04-05.59.33.966" time="0.0010">
</testcase>

    <testcase name="json_transform" start="2011-01-04-05.59.34.087" stop="2011-01-04-05.59.34.093" time="0.0060">
</testcase>

    <testcase name="stream" start="2011-01-04-05.59.34.222" stop="2011-01-04-05.59.36.731" time="2.509">
</testcase>

    <testcase name="assertions" start="2011-01-04-05.59.36.899" stop="2011-01-04-05.59.36.901" time="0.0020">
</testcase>

    <testcase name="encoding" start="2011-01-04-05.59.37.027" stop="2011-01-04-05.59.37.030" time="0.0030">
</testcase>

    <testcase name="special_characters" start="2011-01-04-05.59.37.155" stop="2011-01-04-05.59.37.156" time="0.0010">
</testcase>

    <testsuite classname="dtf.dummy" disabled="0" errors="0" failures="0" name="dtf.dummy" passed="1" start="2011-01-04-05.59.37.196" stop="2011-01-04-05.59.37.470" tests="1" time="0.274" timestamp="Tue Jan 04 05:59:37 UTC 2011">
      <testcase name="occupy_component" start="2011-01-04-05.59.37.307" stop="2011-01-04-05.59.37.467" time="0.16">
        <property name="C1.dtf.debug.port" value="40003" />

        <property name="C1.node.id" value="1" />

        <property name="C1.dtf.tunneled" value="false" />

        <property name="C1.dtf.os.version" value="2.6.32-305-ec2" />

        <property name="C1.dtf.node.host" value="127.0.0.1" />

        <property name="C1.dtf.os.name" value="Linux" />

        <property name="C1.dtf.node.user" value="dtftest" />

        <property name="C1.dtf.node.home" value="/home/dtftest/build/dtf/build/dtf/dist" />

        <property name="C1.dtf.node.type" value="dtfa" />

        <property name="C1.dtf.os.arch" value="i386" />

      </testcase>

      <system-out />

      <system-err />

    </testsuite>

    <testsuite classname="dtf.dummy" disabled="0" errors="0" failures="0" name="dtf.dummy" passed="1" start="2011-01-04-05.59.38.453" stop="2011-01-04-05.59.38.691" tests="1" time="0.238" timestamp="Tue Jan 04 05:59:38 UTC 2011">
      <property name="C1.dtf.node.type" value="dtfa" />

      <property name="C2.dtf.debug.port" value="40001" />

      <property name="C2.dtf.node.type" value="dtfa" />

      <property name="C1.dtf.tunneled" value="false" />

      <property name="C2.node.id" value="2" />

      <property name="C2.dtf.tunneled" value="false" />

      <property name="C2.dtf.os.version" value="2.6.32-305-ec2" />

      <property name="C1.node.id" value="1" />

      <property name="C1.dtf.debug.port" value="40003" />

      <property name="C1.dtf.node.host" value="127.0.0.1" />

      <property name="C2.dtf.node.host" value="127.0.0.1" />

      <property name="C1.dtf.os.arch" value="i386" />

      <property name="C1.dtf.os.name" value="Linux" />

      <property name="C1.dtf.node.home" value="/home/dtftest/build/dtf/build/dtf/dist" />

      <property name="C2.dtf.os.arch" value="i386" />

      <property name="C2.dtf.os.name" value="Linux" />

      <property name="C2.dtf.node.home" value="/home/dtftest/build/dtf/build/dtf/dist" />

      <property name="C1.dtf.node.user" value="dtftest" />

      <property name="C1.dtf.os.version" value="2.6.32-305-ec2" />

      <property name="C2.dtf.node.user" value="dtftest" />

      <testcase name="occupy_component" start="2011-01-04-05.59.38.558" stop="2011-01-04-05.59.38.686" time="0.128">
        <property name="C1.dtf.debug.port" value="40002" />

        <property name="C1.node.id" value="3" />

        <property name="C1.dtf.tunneled" value="false" />

        <property name="C1.dtf.os.version" value="2.6.32-305-ec2" />

        <property name="C1.dtf.node.host" value="127.0.0.1" />

        <property name="C1.dtf.os.name" value="Linux" />

        <property name="C1.dtf.node.user" value="dtftest" />

        <property name="C1.dtf.node.home" value="/home/dtftest/build/dtf/build/dtf/dist" />

        <property name="C1.dtf.node.type" value="dtfa" />

        <property name="C1.dtf.os.arch" value="i386" />

      </testcase>

      <system-out />

      <system-err />

    </testsuite>

    <testcase name="testscript_component_complex" start="2011-01-04-05.59.37.196" stop="2011-01-04-05.59.38.698" time="1.502">
</testcase>

    <testcase name="rendezvous" start="2011-01-04-05.59.38.868" stop="2011-01-04-05.59.38.915" time="0.047">
</testcase>

    <testcase name="rendezvous_complex" start="2011-01-04-05.59.39.168" stop="2011-01-04-05.59.41.026" time="1.858">
      <property name="C1.dtf.node.type" value="dtfa" />

      <property name="C2.dtf.debug.port" value="40001" />

      <property name="C2.dtf.node.type" value="dtfa" />

      <property name="C1.dtf.tunneled" value="false" />

      <property name="C2.node.id" value="2" />

      <property name="C2.dtf.tunneled" value="false" />

      <property name="C2.dtf.os.version" value="2.6.32-305-ec2" />

      <property name="C1.node.id" value="1" />

      <property name="C1.dtf.debug.port" value="40003" />

      <property name="C1.dtf.node.host" value="127.0.0.1" />

      <property name="C2.dtf.node.host" value="127.0.0.1" />

      <property name="C1.dtf.os.arch" value="i386" />

      <property name="C1.dtf.os.name" value="Linux" />

      <property name="C1.dtf.node.home" value="/home/dtftest/build/dtf/build/dtf/dist" />

      <property name="C2.dtf.os.arch" value="i386" />

      <property name="C2.dtf.os.name" value="Linux" />

      <property name="C2.dtf.node.home" value="/home/dtftest/build/dtf/build/dtf/dist" />

      <property name="C1.dtf.node.user" value="dtftest" />

      <property name="C1.dtf.os.version" value="2.6.32-305-ec2" />

      <property name="C2.dtf.node.user" value="dtftest" />

    </testcase>

    <testcase name="share" start="2011-01-04-05.59.41.328" stop="2011-01-04-05.59.41.784" time="0.456">
      <property name="CONSUMER.dtf.node.user" value="dtftest" />

      <property name="PRODUCER.dtf.os.version" value="2.6.32-305-ec2" />

      <property name="PRODUCER.dtf.node.home" value="/home/dtftest/build/dtf/build/dtf/dist" />

      <property name="CONSUMER.dtf.node.type" value="dtfa" />

      <property name="CONSUMER.dtf.os.version" value="2.6.32-305-ec2" />

      <property name="CONSUMER.dtf.tunneled" value="false" />

      <property name="PRODUCER.dtf.node.user" value="dtftest" />

      <property name="PRODUCER.dtf.debug.port" value="40001" />

      <property name="CONSUMER.node.id" value="1" />

      <property name="PRODUCER.dtf.node.type" value="dtfa" />

      <property name="CONSUMER.dtf.debug.port" value="40003" />

      <property name="CONSUMER.dtf.node.host" value="127.0.0.1" />

      <property name="PRODUCER.node.id" value="2" />

      <property name="PRODUCER.dtf.tunneled" value="false" />

      <property name="PRODUCER.dtf.os.name" value="Linux" />

      <property name="PRODUCER.dtf.os.arch" value="i386" />

      <property name="PRODUCER.dtf.node.host" value="127.0.0.1" />

      <property name="CONSUMER.dtf.node.home" value="/home/dtftest/build/dtf/build/dtf/dist" />

      <property name="CONSUMER.dtf.os.arch" value="i386" />

      <property name="CONSUMER.dtf.os.name" value="Linux" />

    </testcase>

    <testcase name="share_complex" start="2011-01-04-05.59.42.061" stop="2011-01-04-05.59.42.711" time="0.65">
      <property name="C1.dtf.node.type" value="dtfa" />

      <property name="C2.dtf.debug.port" value="40001" />

      <property name="C2.dtf.node.type" value="dtfa" />

      <property name="C1.dtf.tunneled" value="false" />

      <property name="C2.node.id" value="2" />

      <property name="C2.dtf.tunneled" value="false" />

      <property name="C2.dtf.os.version" value="2.6.32-305-ec2" />

      <property name="C1.node.id" value="1" />

      <property name="C1.dtf.debug.port" value="40003" />

      <property name="C1.dtf.node.host" value="127.0.0.1" />

      <property name="C2.dtf.node.host" value="127.0.0.1" />

      <property name="C1.dtf.os.arch" value="i386" />

      <property name="C1.dtf.os.name" value="Linux" />

      <property name="C1.dtf.node.home" value="/home/dtftest/build/dtf/build/dtf/dist" />

      <property name="C2.dtf.os.arch" value="i386" />

      <property name="C2.dtf.os.name" value="Linux" />

      <property name="C2.dtf.node.home" value="/home/dtftest/build/dtf/build/dtf/dist" />

      <property name="C1.dtf.node.user" value="dtftest" />

      <property name="C1.dtf.os.version" value="2.6.32-305-ec2" />

      <property name="C2.dtf.node.user" value="dtftest" />

    </testcase>

    <testcase name="scanf" start="2011-01-04-05.59.42.784" stop="2011-01-04-05.59.42.926" time="0.142">
</testcase>

    <testcase name="printf" start="2011-01-04-05.59.43.013" stop="2011-01-04-05.59.43.046" time="0.033">
</testcase>

    <testcase name="read_image" start="2011-01-04-05.59.43.074" stop="2011-01-04-05.59.43.138" time="0.064">
</testcase>

    <system-out><![CDATA[
INFO  04/01/2011 05:58:58 Testsuite       - Starting unittests
INFO  04/01/2011 05:58:58 Testscript      - Executing storage://INPUT/state_management.xml
INFO  04/01/2011 05:58:59 Rename          - Node name is dtfx-3
INFO  04/01/2011 05:58:59 Lockcomponent   - Locked dtfa-0 as DTFA1
WARN  04/01/2011 05:58:59 DTFInputStream  - Using a DTFStream as a String that is 5242880 bytes can be quite inefficient. There are better ways of streaming large amounts of data in DTF.
INFO  04/01/2011 05:59:02 Testscript      - Executing storage://INPUT/storage.xml
INFO  04/01/2011 05:59:02 Testscript      - Executing storage://INPUT/echo.xml
INFO  04/01/2011 05:59:03 Rename          - Node name is dtfx-4
INFO  04/01/2011 05:59:03 Lockcomponent   - Locked dtfa-1 as DTFA1
INFO  04/01/2011 05:59:03 Echo            - a : b : c
INFO  04/01/2011 05:59:03 Testscript      - Executing storage://INPUT/sleep.xml
INFO  04/01/2011 05:59:03 Rename          - Node name is dtfx-5
INFO  04/01/2011 05:59:03 Lockcomponent   - Locked dtfa-2 as C1
INFO  04/01/2011 05:59:03 Testscript      - Executing storage://INPUT/loadproperties.xml
INFO  04/01/2011 05:59:03 Echo            - The previous loadproperties should succeed.
INFO  04/01/2011 05:59:03 Echo            - dtf.test.property1 = property value1
INFO  04/01/2011 05:59:03 Testscript      - Executing storage://INPUT/property_resolution.xml
INFO  04/01/2011 05:59:04 Rename          - Node name is dtfx-6
INFO  04/01/2011 05:59:04 Lockcomponent   - Locked dtfa-0 as DTFA1
INFO  04/01/2011 05:59:04 Testscript      - Executing storage://INPUT/property.xml
INFO  04/01/2011 05:59:04 Echo            - value1
INFO  04/01/2011 05:59:04 Echo            - {
	"ydht": {  
    	"fields": { 
            "hello": { "value": "world2" }, 
            "somearray1": {  
                "value" : {
                    "v1": { "value": 1 }, 
                    "v2": { "value": 2 }, 
                    "v3": { "value": 3 } 
            	}
            }
        }
    }
}

INFO  04/01/2011 05:59:04 Echo            - 
        Contents of the property come from the child text node like this one,
        which will continue to look just like this in the property itself.
        
        test1: value1
        
INFO  04/01/2011 05:59:04 Log             - Data matches!
INFO  04/01/2011 05:59:04 Log             - Caught property recursion correctly.
INFO  04/01/2011 05:59:04 Log             - Caught nested property recursion correctly.
INFO  04/01/2011 05:59:04 Log             - value2value2value2
INFO  04/01/2011 05:59:04 Testscript      - Executing storage://INPUT/cat.xml
INFO  04/01/2011 05:59:04 Log             - Caught exception correctly [Unable to find storage: CACA at tests/ut/cat.xml:51:10]
INFO  04/01/2011 05:59:04 Testscript      - Executing storage://INPUT/log.xml
INFO  04/01/2011 05:59:04 Log             - Just testing the logging functionality
INFO  04/01/2011 05:59:04 Log             - INFO INFO INFO
ERROR 04/01/2011 05:59:04 Log             - ERROR ERROR ERROR
WARN  04/01/2011 05:59:04 Log             - WARNING WARNING WARNING
INFO  04/01/2011 05:59:04 Log             - INFO with tag TESTING
ERROR 04/01/2011 05:59:04 Log             - ERROR with tag TESTING
WARN  04/01/2011 05:59:04 Log             - WARNING with tag TESTING
INFO  04/01/2011 05:59:04 Testscript      - Executing storage://INPUT/for.xml
INFO  04/01/2011 05:59:04 Import          - Importing elements from Import {uri=storage://INPUT/util.xml}
INFO  04/01/2011 05:59:05 Testscript      - Executing storage://INPUT/parallel.xml
INFO  04/01/2011 05:59:05 Testscript      - Executing storage://INPUT/parallelloop.xml
INFO  04/01/2011 05:59:05 Testscript      - Executing storage://INPUT/sequence.xml
INFO  04/01/2011 05:59:05 Echo            - HERE
INFO  04/01/2011 05:59:05 Echo            - HERE
INFO  04/01/2011 05:59:05 Testscript      - Executing storage://INPUT/timer.xml
INFO  04/01/2011 05:59:05 Timer           - Timer took 139ms of 100ms.
INFO  04/01/2011 05:59:05 Testscript      - Executing storage://INPUT/switch.xml
INFO  04/01/2011 05:59:05 Import          - Importing elements from Import {uri=storage://INPUT/util.xml}
INFO  04/01/2011 05:59:06 Log             - Switch case #1
INFO  04/01/2011 05:59:06 Log             - Switch case #2
INFO  04/01/2011 05:59:06 Log             - Looped through switch and function call correctly.
INFO  04/01/2011 05:59:06 Log             - Switch case #2
INFO  04/01/2011 05:59:06 Log             - Looped through switch and function call correctly.
INFO  04/01/2011 05:59:06 Log             - Looped through switch and function call correctly.
INFO  04/01/2011 05:59:06 Log             - Switch went into the failure case correctly.
INFO  04/01/2011 05:59:06 Testscript      - Executing storage://INPUT/while.xml
INFO  04/01/2011 05:59:06 Log             - Thread 1 is starting.
INFO  04/01/2011 05:59:06 Log             - Thread 2 is starting.
INFO  04/01/2011 05:59:06 Log             - Thread 2 is done.
INFO  04/01/2011 05:59:06 Log             - Thread 1 is done.
INFO  04/01/2011 05:59:06 Testscript      - Executing storage://INPUT/break.xml
INFO  04/01/2011 05:59:06 Rename          - Node name is dtfx-7
INFO  04/01/2011 05:59:06 Lockcomponent   - Locked dtfa-1 as C1
INFO  04/01/2011 05:59:06 Timer           - Timer took 0ms of 30000ms.
INFO  04/01/2011 05:59:06 Testscript      - Executing storage://INPUT/try_catch_fail.xml
INFO  04/01/2011 05:59:06 Rename          - Node name is dtfx-8
INFO  04/01/2011 05:59:06 Lockcomponent   - Locked dtfa-2 as DTFA1
INFO  04/01/2011 05:59:06 Echo            - Try/Catch and Fail Unit Test
INFO  04/01/2011 05:59:06 Echo            - The previous statement has failed correctly.
INFO  04/01/2011 05:59:06 Echo            - Caught the exception on outter try/catch.
INFO  04/01/2011 05:59:06 Echo            - Message: Failure should be caught by catch. at tests/ut/try_catch_fail.xml:40:77
INFO  04/01/2011 05:59:06 Echo            - Caught exception from remote component.
INFO  04/01/2011 05:59:06 Echo            - Message: Failing on component at tests/ut/try_catch_fail.xml:66:46 on component [DTFA1]
INFO  04/01/2011 05:59:06 Testscript      - Executing storage://INPUT/fail.xml
INFO  04/01/2011 05:59:07 Rename          - Node name is dtfx-9
INFO  04/01/2011 05:59:07 Lockcomponent   - Locked dtfa-0 as DTFA
INFO  04/01/2011 05:59:07 Testscript      - Executing storage://INPUT/distribute.xml
ERROR 04/01/2011 05:59:08 Error running script.
com.yahoo.dtf.exception.AssertionException: Assertion failed [Duration was longer than 300ms by 10% at 338ms] at tests/ut/distribute.xml:148:82
	at com.yahoo.dtf.actions.flowcontrol.Assert.execute(Assert.java:44)
	at com.yahoo.dtf.actions.Action.executeChildren(Action.java:192)
	at com.yahoo.dtf.actions.basic.Script.execute(Script.java:50)
	at com.yahoo.dtf.actions.util.ScriptUtil.executeScript(ScriptUtil.java:49)
	at com.yahoo.dtf.actions.basic.Testscript.execute(Testscript.java:72)
	at com.yahoo.dtf.actions.Action.executeChildren(Action.java:192)
	at com.yahoo.dtf.actions.basic.Testsuite.execute(Testsuite.java:93)
	at com.yahoo.dtf.actions.Action.executeChildren(Action.java:192)
	at com.yahoo.dtf.actions.results.Result.execute(Result.java:99)
	at com.yahoo.dtf.actions.Action.executeChildren(Action.java:192)
	at com.yahoo.dtf.actions.basic.Script.execute(Script.java:50)
	at com.yahoo.dtf.actions.util.ScriptUtil.executeScript(ScriptUtil.java:49)
	at com.yahoo.dtf.DTFNode.run(DTFNode.java:405)
	at com.yahoo.dtf.DTFNode.main(DTFNode.java:551)
ERROR 04/01/2011 05:59:08 Testscript      - Failed [storage://INPUT/distribute.xml]
INFO  04/01/2011 05:59:08 Testscript      - Executing storage://INPUT/choices.xml
INFO  04/01/2011 05:59:08 Import          - Importing elements from Import {uri=storage://INPUT/util.xml}
INFO  04/01/2011 05:59:08 Testscript      - Executing storage://INPUT/if.xml
INFO  04/01/2011 05:59:08 Testscript      - Executing storage://INPUT/similar.xml
INFO  04/01/2011 05:59:09 Log             - png: being checked
INFO  04/01/2011 05:59:09 Log             - images are within 100% similarity
INFO  04/01/2011 05:59:09 Log             - gif: being checked
INFO  04/01/2011 05:59:09 Log             - images are within 100% similarity
INFO  04/01/2011 05:59:09 Log             - bmp: being checked
INFO  04/01/2011 05:59:09 Log             - images are within 100% similarity
INFO  04/01/2011 05:59:09 Testscript      - Executing storage://INPUT/createrange.xml
INFO  04/01/2011 05:59:09 Testscript      - Executing storage://INPUT/range.xml
INFO  04/01/2011 05:59:09 Testscript      - Executing storage://INPUT/range_dist.xml
INFO  04/01/2011 05:59:10 Rename          - Node name is dtfx-10
INFO  04/01/2011 05:59:10 Lockcomponent   - Locked dtfa-1 as C1
INFO  04/01/2011 05:59:11 Testscript      - Executing storage://INPUT/xml_range.xml
INFO  04/01/2011 05:59:11 Log             - XPath range validation
INFO  04/01/2011 05:59:11 Log             - XPath range validation on XML with namespace
INFO  04/01/2011 05:59:11 Log             - XPath range validation on XML with default namespace
INFO  04/01/2011 05:59:11 Log             - negative tests
INFO  04/01/2011 05:59:11 Log             - Failed correctly
INFO  04/01/2011 05:59:11 Testscript      - Executing storage://INPUT/json_range.xml
INFO  04/01/2011 05:59:11 Log             - JPath range validation
INFO  04/01/2011 05:59:11 Log             - Negative Tests
INFO  04/01/2011 05:59:11 Log             - Failed correctly
INFO  04/01/2011 05:59:11 Testscript      - Executing storage://INPUT/functions.xml
INFO  04/01/2011 05:59:12 Import          - Importing elements from Import {uri=storage://INPUT/util.xml}
INFO  04/01/2011 05:59:12 Import          - Importing elements from Import {uri=storage://INPUT/functions_util.xml}
WARN  04/01/2011 05:59:12 Function        - Argument [function] not being used by the function [func2]
WARN  04/01/2011 05:59:12 Function        - Argument [function] not being used by the function [func3]
WARN  04/01/2011 05:59:12 Function        - Argument [p3] not being used by the function [functionWithParams]
INFO  04/01/2011 05:59:12 Testscript      - Executing storage://INPUT/import.xml
INFO  04/01/2011 05:59:12 Import          - Importing elements from Import {uri=storage://INPUT/functions_util.xml}
INFO  04/01/2011 05:59:12 Import          - Importing elements from Import {uri=storage://TINPUT/functions.xml}
WARN  04/01/2011 05:59:12 Function        - Argument [function] not being used by the function [func2]
WARN  04/01/2011 05:59:12 Function        - Argument [function] not being used by the function [func3]
INFO  04/01/2011 05:59:12 Import          - Importing elements from Import {uri=storage://INPUT/badxml}
INFO  04/01/2011 05:59:12 Testscript      - Executing storage://INPUT/export.xml
INFO  04/01/2011 05:59:12 Import          - Importing elements from Import {uri=storage://INPUT/export_util.xml}
INFO  04/01/2011 05:59:13 Rename          - Node name is dtfx-11
INFO  04/01/2011 05:59:13 Lockcomponent   - Locked dtfa-2 as DTFA1
INFO  04/01/2011 05:59:13 Log             - Got exception as expected.
INFO  04/01/2011 05:59:13 Testscript      - Executing storage://INPUT/references.xml
INFO  04/01/2011 05:59:13 Import          - Importing elements from Import {uri=storage://INPUT/util.xml}
INFO  04/01/2011 05:59:13 Rename          - Node name is dtfx-12
INFO  04/01/2011 05:59:13 Lockcomponent   - Locked dtfa-0 as DTFA1
INFO  04/01/2011 05:59:13 Testscript      - Executing storage://INPUT/component.xml
INFO  04/01/2011 05:59:13 Rename          - Node name is dtfx-13
INFO  04/01/2011 05:59:13 Lockcomponent   - Locked dtfa-1 as DTFA1
INFO  04/01/2011 05:59:13 Echo            - About to lock a dtfa by name and this will fail.
INFO  04/01/2011 05:59:14 Testscript      - Executing storage://INPUT/lockcomponent.xml
INFO  04/01/2011 05:59:15 Rename          - Node name is dtfx-14
INFO  04/01/2011 05:59:15 Lockcomponent   - Locked dtfa-2 as DTFA1
INFO  04/01/2011 05:59:15 Lockcomponent   - Locked dtfa-0 as DTFA3
INFO  04/01/2011 05:59:15 Unlockcomponent - Unlocking dtfa-0
INFO  04/01/2011 05:59:15 Lockcomponent   - Locked dtfa-1 as DTFA2
INFO  04/01/2011 05:59:15 Unlockcomponent - Unlocking dtfa-1
INFO  04/01/2011 05:59:15 Unlockcomponent - Component unlocked DTFA2
INFO  04/01/2011 05:59:15 Unlockcomponent - Component unlocked DTFA3
INFO  04/01/2011 05:59:15 Unlockcomponent - Unlocking dtfa-2
INFO  04/01/2011 05:59:15 Unlockcomponent - Component unlocked DTFA1
INFO  04/01/2011 05:59:15 Lockcomponent   - Locked dtfa-0 as DTFA2
INFO  04/01/2011 05:59:15 Lockcomponent   - Locked dtfa-1 as DTFA3
INFO  04/01/2011 05:59:15 Unlockcomponent - Unlocking dtfa-0
INFO  04/01/2011 05:59:15 Unlockcomponent - Unlocking dtfa-1
INFO  04/01/2011 05:59:15 Unlockcomponent - Component unlocked DTFA2
INFO  04/01/2011 05:59:15 Unlockcomponent - Component unlocked DTFA3
INFO  04/01/2011 05:59:15 Lockcomponent   - Locked dtfa-0 as DTFA3
INFO  04/01/2011 05:59:15 Lockcomponent   - Locked dtfa-1 as DTFA2
INFO  04/01/2011 05:59:15 Unlockcomponent - Unlocking dtfa-0
INFO  04/01/2011 05:59:15 Unlockcomponent - Unlocking dtfa-1
INFO  04/01/2011 05:59:15 Lockcomponent   - Locked dtfa-2 as DTFA1
INFO  04/01/2011 05:59:15 Unlockcomponent - Unlocking dtfa-2
INFO  04/01/2011 05:59:15 Unlockcomponent - Component unlocked DTFA3
INFO  04/01/2011 05:59:15 Unlockcomponent - Component unlocked DTFA1
INFO  04/01/2011 05:59:15 Unlockcomponent - Component unlocked DTFA2
INFO  04/01/2011 05:59:15 Lockcomponent   - Locked dtfa-2 as DTFA1
INFO  04/01/2011 05:59:15 Unlockcomponent - Unlocking dtfa-2
INFO  04/01/2011 05:59:15 Unlockcomponent - Component unlocked DTFA1
INFO  04/01/2011 05:59:15 Testsuite       - Starting lockcomponent
INFO  04/01/2011 05:59:15 Testscript      - Executing storage://INPUT/occupy_component.xml
INFO  04/01/2011 05:59:15 Testsuite       - Starting lockcomponent
INFO  04/01/2011 05:59:15 Testscript      - Executing storage://INPUT/occupy_component.xml
INFO  04/01/2011 05:59:15 Testsuite       - Starting lockcomponent
INFO  04/01/2011 05:59:15 Testscript      - Executing storage://INPUT/occupy_component.xml
INFO  04/01/2011 05:59:15 Rename          - Node name is dtfx-15
INFO  04/01/2011 05:59:15 Rename          - Node name is dtfx-16
INFO  04/01/2011 05:59:15 Rename          - Node name is dtfx-17
INFO  04/01/2011 05:59:15 Lockcomponent   - Locked dtfa-1 as C1
INFO  04/01/2011 05:59:15 Lockcomponent   - Locked dtfa-0 as C1
INFO  04/01/2011 05:59:15 Lockcomponent   - Locked dtfa-2 as C1
INFO  04/01/2011 05:59:16 Testsuite       - Starting lockcomponent
INFO  04/01/2011 05:59:16 Testscript      - Executing storage://INPUT/occupy_component.xml
INFO  04/01/2011 05:59:16 Rename          - Node name is dtfx-18
INFO  04/01/2011 05:59:16 Lockcomponent   - Locked dtfa-1 as C1
INFO  04/01/2011 05:59:16 Testsuite       - Starting lockcomponent
INFO  04/01/2011 05:59:16 Testscript      - Executing storage://INPUT/occupy_component.xml
INFO  04/01/2011 05:59:16 Rename          - Node name is dtfx-19
INFO  04/01/2011 05:59:16 Lockcomponent   - Locked dtfa-1 as C1
INFO  04/01/2011 05:59:16 Testsuite       - Starting lockcomponent
INFO  04/01/2011 05:59:16 Testscript      - Executing storage://INPUT/occupy_component.xml
INFO  04/01/2011 05:59:16 Rename          - Node name is dtfx-20
INFO  04/01/2011 05:59:16 Lockcomponent   - Locked dtfa-0 as C1
INFO  04/01/2011 05:59:16 Testsuite       - Starting lockcomponent
INFO  04/01/2011 05:59:16 Testscript      - Executing storage://INPUT/occupy_component.xml
INFO  04/01/2011 05:59:16 Testsuite       - Starting lockcomponent
INFO  04/01/2011 05:59:16 Testscript      - Executing storage://INPUT/occupy_component.xml
INFO  04/01/2011 05:59:16 Rename          - Node name is dtfx-21
INFO  04/01/2011 05:59:16 Rename          - Node name is dtfx-22
INFO  04/01/2011 05:59:16 Lockcomponent   - Locked dtfa-1 as C1
INFO  04/01/2011 05:59:16 Lockcomponent   - Locked dtfa-2 as C1
INFO  04/01/2011 05:59:16 Testsuite       - Starting lockcomponent
INFO  04/01/2011 05:59:16 Testscript      - Executing storage://INPUT/occupy_component.xml
INFO  04/01/2011 05:59:16 Rename          - Node name is dtfx-23
INFO  04/01/2011 05:59:16 Lockcomponent   - Locked dtfa-2 as C1
INFO  04/01/2011 05:59:17 Testsuite       - Starting lockcomponent
INFO  04/01/2011 05:59:17 Testscript      - Executing storage://INPUT/parallel_occupy_component.xml
INFO  04/01/2011 05:59:17 Rename          - Node name is dtfx-24
INFO  04/01/2011 05:59:17 Lockcomponent   - Locked dtfa-1 as C3
INFO  04/01/2011 05:59:17 Lockcomponent   - Locked dtfa-0 as C2
INFO  04/01/2011 05:59:17 Lockcomponent   - Locked dtfa-2 as C1
INFO  04/01/2011 05:59:17 Lockcomponent   - Locked dtfa-2 as C1
INFO  04/01/2011 05:59:17 Unlockcomponent - Unlocking dtfa-2
INFO  04/01/2011 05:59:17 Unlockcomponent - Component unlocked C1
INFO  04/01/2011 05:59:17 Testsuite       - Starting lockcomponent
INFO  04/01/2011 05:59:17 Testscript      - Executing storage://INPUT/function_occupy_component.xml
INFO  04/01/2011 05:59:17 Rename          - Node name is dtfx-25
INFO  04/01/2011 05:59:17 Lockcomponent   - Locked dtfa-0 as C1
INFO  04/01/2011 05:59:17 Lockcomponent   - Locked dtfa-1 as C2
INFO  04/01/2011 05:59:17 Lockcomponent   - Locked dtfa-2 as C3
INFO  04/01/2011 05:59:17 Lockcomponent   - Locked dtfa-2 as C1
INFO  04/01/2011 05:59:17 Unlockcomponent - Unlocking dtfa-2
INFO  04/01/2011 05:59:17 Unlockcomponent - Component unlocked C1
INFO  04/01/2011 05:59:17 Testscript      - Executing storage://INPUT/lockgroup.xml
INFO  04/01/2011 05:59:17 Rename          - Node name is dtfx-26
INFO  04/01/2011 05:59:17 Lockcomponent   - Locked dtfa-0 as DTFA1-2
INFO  04/01/2011 05:59:17 Lockcomponent   - Locked dtfa-1 as DTFA2-2
INFO  04/01/2011 05:59:17 Unlockcomponent - Unlocking dtfa-0
INFO  04/01/2011 05:59:17 Unlockcomponent - Component unlocked DTFA1-2
INFO  04/01/2011 05:59:17 Unlockcomponent - Unlocking dtfa-1
INFO  04/01/2011 05:59:17 Unlockcomponent - Component unlocked DTFA2-2
INFO  04/01/2011 05:59:17 Lockcomponent   - Locked dtfa-1 as DTFA1-1
INFO  04/01/2011 05:59:17 Lockcomponent   - Locked dtfa-0 as DTFA2-1
INFO  04/01/2011 05:59:17 Unlockcomponent - Unlocking dtfa-1
[...]
INFO  04/01/2011 05:59:25 Result          - Stopping Result recording: Result {uri=storage://OUTPUT/testcase_result2.xml}
INFO  04/01/2011 05:59:25 Testscript      - Executing storage://INPUT/testcase.xml
INFO  04/01/2011 05:59:25 Result          - Starting Result recording: Result {uri=storage://OUTPUT/testcase_result2.xml}
INFO  04/01/2011 05:59:25 Testscript      - Executing storage://INPUT/donothing.xml
INFO  04/01/2011 05:59:25 Result          - Stopping Result recording: Result {uri=storage://OUTPUT/testcase_result2.xml}
INFO  04/01/2011 05:59:25 ConsoleResults  - Testsuite: results passed. 13 passed testcases.
INFO  04/01/2011 05:59:25 Result          - Stopping Result recording: Result {uri=storage://OUTPUT/results_output.${results.type}}
INFO  04/01/2011 05:59:25 Result          - Starting Result recording: Result {uri=storage://OUTPUT/results_output.${results.type}}
INFO  04/01/2011 05:59:25 Testsuite       - Starting results
INFO  04/01/2011 05:59:25 Testscript      - Executing storage://INPUT/testcase.xml
INFO  04/01/2011 05:59:25 Result          - Starting Result recording: Result {uri=storage://OUTPUT/testcase_result2.xml}
INFO  04/01/2011 05:59:25 Testscript      - Executing storage://INPUT/donothing.xml
INFO  04/01/2011 05:59:25 Result          - Stopping Result recording: Result {uri=storage://OUTPUT/testcase_result2.xml}
INFO  04/01/2011 05:59:25 Testscript      - Executing storage://INPUT/testcase.xml
INFO  04/01/2011 05:59:26 Result          - Starting Result recording: Result {uri=storage://OUTPUT/testcase_result2.xml}
INFO  04/01/2011 05:59:26 Testscript      - Executing storage://INPUT/donothing.xml
INFO  04/01/2011 05:59:26 Result          - Stopping Result recording: Result {uri=storage://OUTPUT/testcase_result2.xml}
INFO  04/01/2011 05:59:26 Testscript      - Executing storage://INPUT/testcase.xml
INFO  04/01/2011 05:59:26 Result          - Starting Result recording: Result {uri=storage://OUTPUT/testcase_result2.xml}
INFO  04/01/2011 05:59:26 Testscript      - Executing storage://INPUT/donothing.xml
INFO  04/01/2011 05:59:26 Result          - Stopping Result recording: Result {uri=storage://OUTPUT/testcase_result2.xml}
INFO  04/01/2011 05:59:26 Testscript      - Executing storage://INPUT/testsuite-sub.xml
INFO  04/01/2011 05:59:26 Testsuite       - Starting testsuite2
INFO  04/01/2011 05:59:26 Testscript      - Executing storage://INPUT/testcase.xml
INFO  04/01/2011 05:59:26 Result          - Starting Result recording: Result {uri=storage://OUTPUT/testcase_result2.xml}
INFO  04/01/2011 05:59:26 Testscript      - Executing storage://INPUT/donothing.xml
INFO  04/01/2011 05:59:26 Result          - Stopping Result recording: Result {uri=storage://OUTPUT/testcase_result2.xml}
INFO  04/01/2011 05:59:26 Testscript      - Executing storage://INPUT/testcase.xml
INFO  04/01/2011 05:59:26 Result          - Starting Result recording: Result {uri=storage://OUTPUT/testcase_result2.xml}
INFO  04/01/2011 05:59:26 Testscript      - Executing storage://INPUT/donothing.xml
INFO  04/01/2011 05:59:26 Result          - Stopping Result recording: Result {uri=storage://OUTPUT/testcase_result2.xml}
INFO  04/01/2011 05:59:26 Testscript      - Executing storage://INPUT/testcase.xml
INFO  04/01/2011 05:59:26 Result          - Starting Result recording: Result {uri=storage://OUTPUT/testcase_result2.xml}
INFO  04/01/2011 05:59:26 Testscript      - Executing storage://INPUT/donothing.xml
INFO  04/01/2011 05:59:26 Result          - Stopping Result recording: Result {uri=storage://OUTPUT/testcase_result2.xml}
INFO  04/01/2011 05:59:26 Result          - Stopping Result recording: Result {uri=storage://OUTPUT/results_output.${results.type}}
INFO  04/01/2011 05:59:26 Result          - Starting Result recording: Result {uri=storage://OUTPUT/results_result1.${results.type}}
INFO  04/01/2011 05:59:26 Testscript      - Executing storage://INPUT/testcase.xml
INFO  04/01/2011 05:59:26 Result          - Starting Result recording: Result {uri=storage://OUTPUT/testcase_result2.xml}
INFO  04/01/2011 05:59:26 Testscript      - Executing storage://INPUT/donothing.xml
INFO  04/01/2011 05:59:26 Result          - Stopping Result recording: Result {uri=storage://OUTPUT/testcase_result2.xml}
INFO  04/01/2011 05:59:26 Result          - Stopping Result recording: Result {uri=storage://OUTPUT/results_result1.${results.type}}
INFO  04/01/2011 05:59:26 Result          - Starting Result recording: Result {uri=storage://OUTPUT/results_result1.${results.type}}
INFO  04/01/2011 05:59:26 Testscript      - Executing storage://INPUT/testcase.xml
INFO  04/01/2011 05:59:26 Result          - Starting Result recording: Result {uri=storage://OUTPUT/testcase_result2.xml}
INFO  04/01/2011 05:59:26 Testscript      - Executing storage://INPUT/donothing.xml
INFO  04/01/2011 05:59:26 Result          - Stopping Result recording: Result {uri=storage://OUTPUT/testcase_result2.xml}
INFO  04/01/2011 05:59:26 Result          - Stopping Result recording: Result {uri=storage://OUTPUT/results_result1.${results.type}}
INFO  04/01/2011 05:59:26 Testscript      - Executing storage://INPUT/concurrent_suite.xml
INFO  04/01/2011 05:59:26 Result          - Starting Result recording: Result {uri=storage://OUTPUT/concurrent_suite_results.xml}
INFO  04/01/2011 05:59:26 Testsuite       - Starting concurrent_suite
INFO  04/01/2011 05:59:26 Testscript      - Executing storage://INPUT/empty.xml
INFO  04/01/2011 05:59:26 Testscript      - Executing storage://INPUT/empty.xml
INFO  04/01/2011 05:59:26 Testscript      - Executing storage://INPUT/empty.xml
INFO  04/01/2011 05:59:26 Testscript      - Executing storage://INPUT/empty.xml
INFO  04/01/2011 05:59:26 Testscript      - Executing storage://INPUT/empty.xml
INFO  04/01/2011 05:59:27 Testscript      - Executing storage://INPUT/empty.xml
INFO  04/01/2011 05:59:27 Testscript      - Executing storage://INPUT/empty.xml
INFO  04/01/2011 05:59:27 Testscript      - Executing storage://INPUT/empty.xml
INFO  04/01/2011 05:59:27 Testscript      - Executing storage://INPUT/empty.xml
INFO  04/01/2011 05:59:27 Testscript      - Executing storage://INPUT/empty.xml
INFO  04/01/2011 05:59:27 Result          - Stopping Result recording: Result {uri=storage://OUTPUT/concurrent_suite_results.xml}
INFO  04/01/2011 05:59:27 Testscript      - Executing storage://INPUT/stats.xml
INFO  04/01/2011 05:59:27 Resetcursor     - Resetting curosr [cursor1]
INFO  04/01/2011 05:59:27 Log             - Caught exception correctly [Cursor [inexistent] does not exist at tests/ut/stats.xml:71:10]
INFO  04/01/2011 05:59:27 Testscript      - Executing storage://INPUT/file.xml
INFO  04/01/2011 05:59:27 Rename          - Node name is dtfx-31
INFO  04/01/2011 05:59:27 Lockcomponent   - Locked dtfa-1 as DTFA1
INFO  04/01/2011 05:59:28 Log             - Caught expected failure.
INFO  04/01/2011 05:59:28 Testscript      - Executing storage://INPUT/http.xml
INFO  04/01/2011 05:59:28 Import          - Importing elements from Import {uri=storage://INPUT/http_util.xml}
INFO  04/01/2011 05:59:28 Http_server     - Starting [127.0.0.1:55555]
INFO  04/01/2011 05:59:29 Http_server     - Stopping [127.0.0.1:55555]
INFO  04/01/2011 05:59:29 Testscript      - Executing storage://INPUT/http_server.xml
INFO  04/01/2011 05:59:29 Import          - Importing elements from Import {uri=storage://INPUT/http_util.xml}
INFO  04/01/2011 05:59:29 Http_server     - Starting [127.0.0.1:44444]
INFO  04/01/2011 05:59:29 Log             - SOME DATA FROM THE CLIENT
INFO  04/01/2011 05:59:29 Log             - in operation1
INFO  04/01/2011 05:59:29 Log             - in operation2
INFO  04/01/2011 05:59:29 Log             - in operation3
INFO  04/01/2011 05:59:29 Log             - Validating that parallel cookie manipulation doesn't hit any issues 
INFO  04/01/2011 05:59:31 Http_server     - Stopping [127.0.0.1:44444]
INFO  04/01/2011 05:59:31 Http_server     - Starting [127.0.0.1:44445]
INFO  04/01/2011 05:59:31 Http_server     - Stopping [127.0.0.1:44445]
INFO  04/01/2011 05:59:31 Testscript      - Executing storage://INPUT/http_cleanup_test.xml
INFO  04/01/2011 05:59:31 Import          - Importing elements from Import {uri=storage://INPUT/http_util.xml}
INFO  04/01/2011 05:59:31 Rename          - Node name is dtfx-32
INFO  04/01/2011 05:59:31 Http_server     - Starting [127.0.0.1:33333]
INFO  04/01/2011 05:59:31 Lockcomponent   - Locked dtfa-0 as C1
INFO  04/01/2011 05:59:31 Lockcomponent   - Locked dtfa-2 as C2
INFO  04/01/2011 05:59:32 Unlockcomponent - Unlocking dtfa-0
ERROR 04/01/2011 05:59:32 Client closed connection.
org.apache.http.ConnectionClosedException: Client closed connection
	at org.apache.http.impl.io.HttpRequestParser.parseHead(HttpRequestParser.java:104)
	at org.apache.http.impl.io.AbstractMessageParser.parse(AbstractMessageParser.java:210)
	at org.apache.http.impl.AbstractHttpServerConnection.receiveRequestHeader(AbstractHttpServerConnection.java:232)
	at org.apache.http.protocol.HttpService.handleRequest(HttpService.java:160)
	at com.yahoo.dtf.actions.http.server.HTTPRunnable.run(HTTPRunnable.java:35)
	at java.util.concurrent.ThreadPoolExecutor$Worker.runTask(ThreadPoolExecutor.java:886)
	at java.util.concurrent.ThreadPoolExecutor$Worker.run(ThreadPoolExecutor.java:908)
	at java.lang.Thread.run(Thread.java:619)
INFO  04/01/2011 05:59:32 Unlockcomponent - Component unlocked C1
INFO  04/01/2011 05:59:32 Unlockcomponent - Unlocking dtfa-2
ERROR 04/01/2011 05:59:32 Client closed connection.
org.apache.http.ConnectionClosedException: Client closed connection
	at org.apache.http.impl.io.HttpRequestParser.parseHead(HttpRequestParser.java:104)
	at org.apache.http.impl.io.AbstractMessageParser.parse(AbstractMessageParser.java:210)
	at org.apache.http.impl.AbstractHttpServerConnection.receiveRequestHeader(AbstractHttpServerConnection.java:232)
	at org.apache.http.protocol.HttpService.handleRequest(HttpService.java:160)
	at com.yahoo.dtf.actions.http.server.HTTPRunnable.run(HTTPRunnable.java:35)
	at java.util.concurrent.ThreadPoolExecutor$Worker.runTask(ThreadPoolExecutor.java:886)
	at java.util.concurrent.ThreadPoolExecutor$Worker.run(ThreadPoolExecutor.java:908)
	at java.lang.Thread.run(Thread.java:619)
INFO  04/01/2011 05:59:32 Unlockcomponent - Component unlocked C2
INFO  04/01/2011 05:59:32 Lockcomponent   - Locked dtfa-2 as C1
INFO  04/01/2011 05:59:32 Lockcomponent   - Locked dtfa-0 as C2
INFO  04/01/2011 05:59:32 Unlockcomponent - Unlocking dtfa-2
ERROR 04/01/2011 05:59:32 Client closed connection.
org.apache.http.ConnectionClosedException: Client closed connection
	at org.apache.http.impl.io.HttpRequestParser.parseHead(HttpRequestParser.java:104)
	at org.apache.http.impl.io.AbstractMessageParser.parse(AbstractMessageParser.java:210)
	at org.apache.http.impl.AbstractHttpServerConnection.receiveRequestHeader(AbstractHttpServerConnection.java:232)
	at org.apache.http.protocol.HttpService.handleRequest(HttpService.java:160)
	at com.yahoo.dtf.actions.http.server.HTTPRunnable.run(HTTPRunnable.java:35)
	at java.util.concurrent.ThreadPoolExecutor$Worker.runTask(ThreadPoolExecutor.java:886)
	at java.util.concurrent.ThreadPoolExecutor$Worker.run(ThreadPoolExecutor.java:908)
	at java.lang.Thread.run(Thread.java:619)
INFO  04/01/2011 05:59:32 Unlockcomponent - Component unlocked C1
INFO  04/01/2011 05:59:32 Unlockcomponent - Unlocking dtfa-0
ERROR 04/01/2011 05:59:32 Client closed connection.
org.apache.http.ConnectionClosedException: Client closed connection
	at org.apache.http.impl.io.HttpRequestParser.parseHead(HttpRequestParser.java:104)
	at org.apache.http.impl.io.AbstractMessageParser.parse(AbstractMessageParser.java:210)
	at org.apache.http.impl.AbstractHttpServerConnection.receiveRequestHeader(AbstractHttpServerConnection.java:232)
	at org.apache.http.protocol.HttpService.handleRequest(HttpService.java:160)
	at com.yahoo.dtf.actions.http.server.HTTPRunnable.run(HTTPRunnable.java:35)
	at java.util.concurrent.ThreadPoolExecutor$Worker.runTask(ThreadPoolExecutor.java:886)
	at java.util.concurrent.ThreadPoolExecutor$Worker.run(ThreadPoolExecutor.java:908)
	at java.lang.Thread.run(Thread.java:619)
INFO  04/01/2011 05:59:32 Unlockcomponent - Component unlocked C2
INFO  04/01/2011 05:59:32 Http_server     - Stopping [127.0.0.1:33333]
INFO  04/01/2011 05:59:32 Testscript      - Executing storage://INPUT/string_manipulation.xml
INFO  04/01/2011 05:59:32 Testscript      - Executing storage://INPUT/string_transform.xml
INFO  04/01/2011 05:59:32 Testscript      - Executing storage://INPUT/convert.xml
INFO  04/01/2011 05:59:32 Import          - Importing elements from Import {uri=storage://INPUT/perfutil.xml}
INFO  04/01/2011 05:59:32 Testscript      - Executing storage://INPUT/arithmetic.xml
INFO  04/01/2011 05:59:32 Testscript      - Executing storage://INPUT/random.xml
INFO  04/01/2011 05:59:32 Import          - Importing elements from Import {uri=storage://INPUT/perfutil.xml}
INFO  04/01/2011 05:59:33 Log             - Correctness check for randomInt generator
INFO  04/01/2011 05:59:33 Log             - Correctness check for randomLong generator
INFO  04/01/2011 05:59:33 Log             - Correctness check for randomDouble generator
INFO  04/01/2011 05:59:33 Log             - Correctness check for gaussianLong generator
INFO  04/01/2011 05:59:33 Log             - Correctness check for randomInt generator
INFO  04/01/2011 05:59:33 Log             - Correctness check for randomLong generator
INFO  04/01/2011 05:59:33 Log             - Correctness check for randomDouble generator
INFO  04/01/2011 05:59:33 Log             - Correctness check for gaussianLong generator
INFO  04/01/2011 05:59:33 Log             - Correctness check for randomInt generator
INFO  04/01/2011 05:59:33 Log             - Correctness check for randomLong generator
INFO  04/01/2011 05:59:33 Log             - Correctness check for randomDouble generator
INFO  04/01/2011 05:59:33 Log             - Correctness check for gaussianLong generator
INFO  04/01/2011 05:59:33 Testscript      - Executing storage://INPUT/monitor.xml
INFO  04/01/2011 05:59:33 Rename          - Node name is dtfx-33
INFO  04/01/2011 05:59:33 Lockcomponent   - Locked dtfa-1 as AGENT1
INFO  04/01/2011 05:59:33 Monitor_grep    - New files [log-1294120773396.7, log-1294120773396.6, log-1294120773396.2, log-1294120773396.10, log-1294120773396.3, log-1294120773396.1, log-1294120773396.5, log-1294120773396.9, log-1294120773396.4, log-1294120773396.8] in /home/dtftest/build/dtf/build/dtf/dist/tests/ut/output
INFO  04/01/2011 05:59:33 Log             - Validating data correctness
INFO  04/01/2011 05:59:33 Testscript      - Executing storage://INPUT/diff.xml
INFO  04/01/2011 05:59:33 Testscript      - Executing storage://INPUT/xml_xpath.xml
INFO  04/01/2011 05:59:33 Log             - Correct count of 6 for XPath: //list/item/text()
INFO  04/01/2011 05:59:33 Log             - Correct count of 6 for XPath: //list/item/@att1
INFO  04/01/2011 05:59:33 Log             - Correct count of 6 for XPath: //list/item
INFO  04/01/2011 05:59:33 Log             - Correct count of 3 for XPath: //list/item[@att1 < 4]
INFO  04/01/2011 05:59:33 Testscript      - Executing storage://INPUT/xml_dynamic.xml
INFO  04/01/2011 05:59:33 Testscript      - Executing storage://INPUT/json_transform.xml
INFO  04/01/2011 05:59:34 Testscript      - Executing storage://INPUT/stream.xml
INFO  04/01/2011 05:59:34 Log             - Validate streams always generate the same data for the same seed.
INFO  04/01/2011 05:59:36 Testscript      - Executing storage://INPUT/assertions.xml
INFO  04/01/2011 05:59:36 Testscript      - Executing storage://INPUT/encoding.xml
INFO  04/01/2011 05:59:37 Testscript      - Executing storage://INPUT/special_characters.xml
INFO  04/01/2011 05:59:37 Testscript      - Executing storage://INPUT/testscript_component_complex.xml
INFO  04/01/2011 05:59:37 Testsuite       - Starting dummy
INFO  04/01/2011 05:59:37 Testscript      - Executing storage://INPUT/occupy_component.xml
INFO  04/01/2011 05:59:37 Rename          - Node name is dtfx-34
INFO  04/01/2011 05:59:37 Lockcomponent   - Locked dtfa-0 as C1
INFO  04/01/2011 05:59:37 Rename          - Node name is dtfx-35
INFO  04/01/2011 05:59:38 Lockcomponent   - Locked dtfa-0 as C1
INFO  04/01/2011 05:59:38 Lockcomponent   - Locked dtfa-1 as C2
INFO  04/01/2011 05:59:38 Testsuite       - Starting dummy
INFO  04/01/2011 05:59:38 Testscript      - Executing storage://INPUT/occupy_component.xml
INFO  04/01/2011 05:59:38 Rename          - Node name is dtfx-36
INFO  04/01/2011 05:59:38 Lockcomponent   - Locked dtfa-2 as C1
INFO  04/01/2011 05:59:38 Testscript      - Executing storage://INPUT/rendezvous.xml
INFO  04/01/2011 05:59:38 Log             - Expected timeout has occured.
INFO  04/01/2011 05:59:38 Testscript      - Executing storage://INPUT/rendezvous_complex.xml
INFO  04/01/2011 05:59:39 Rename          - Node name is dtfx-37
INFO  04/01/2011 05:59:39 Lockcomponent   - Locked dtfa-0 as C1
INFO  04/01/2011 05:59:39 Lockcomponent   - Locked dtfa-1 as C2
INFO  04/01/2011 05:59:41 Testscript      - Executing storage://INPUT/share.xml
INFO  04/01/2011 05:59:41 Import          - Importing elements from Import {uri=storage://INPUT/perfutil.xml}
INFO  04/01/2011 05:59:41 Rename          - Node name is dtfx-38
INFO  04/01/2011 05:59:41 Lockcomponent   - Locked dtfa-1 as PRODUCER
INFO  04/01/2011 05:59:41 Lockcomponent   - Locked dtfa-0 as CONSUMER
INFO  04/01/2011 05:59:41 Log             - event.start=1294120781780
INFO  04/01/2011 05:59:41 Log             - event.stop=1294120781780
INFO  04/01/2011 05:59:41 Testscript      - Executing storage://INPUT/share_complex.xml
INFO  04/01/2011 05:59:42 Rename          - Node name is dtfx-39
INFO  04/01/2011 05:59:42 Lockcomponent   - Locked dtfa-0 as C1
INFO  04/01/2011 05:59:42 Lockcomponent   - Locked dtfa-1 as C2
INFO  04/01/2011 05:59:42 Testscript      - Executing storage://INPUT/scanf.xml
INFO  04/01/2011 05:59:42 Import          - Importing elements from Import {uri=storage://INPUT/perfutil.xml}
INFO  04/01/2011 05:59:42 Testscript      - Executing storage://INPUT/printf.xml
INFO  04/01/2011 05:59:43 Log             - INTEGER[23] STRING[Hello There!] FLOAT [1.23] LIST [1,2,3,4]
INFO  04/01/2011 05:59:43 Log             - 1.23456 -- reduce precision to .2 -> 1.23
INFO  04/01/2011 05:59:43 Log             - 1 -- pad the number to 3 digits -> 001
INFO  04/01/2011 05:59:43 Log             - 10 -- convert to hex and pad to 4 digits -> 000a
INFO  04/01/2011 05:59:43 Testscript      - Executing storage://INPUT/read_image.xml
INFO  04/01/2011 05:59:43 Log             - png: being checked
INFO  04/01/2011 05:59:43 Log             - gif: being checked
INFO  04/01/2011 05:59:43 Log             - bmp: being checked
ERROR 04/01/2011 05:59:43 Testscript failed.
com.yahoo.dtf.exception.AssertionException: Assertion failed [Duration was longer than 300ms by 10% at 338ms] at tests/ut/distribute.xml:148:82
	at com.yahoo.dtf.actions.flowcontrol.Assert.execute(Assert.java:44)
	at com.yahoo.dtf.actions.Action.executeChildren(Action.java:192)
	at com.yahoo.dtf.actions.basic.Script.execute(Script.java:50)
	at com.yahoo.dtf.actions.util.ScriptUtil.executeScript(ScriptUtil.java:49)
	at com.yahoo.dtf.actions.basic.Testscript.execute(Testscript.java:72)
	at com.yahoo.dtf.actions.Action.executeChildren(Action.java:192)
	at com.yahoo.dtf.actions.basic.Testsuite.execute(Testsuite.java:93)
	at com.yahoo.dtf.actions.Action.executeChildren(Action.java:192)
	at com.yahoo.dtf.actions.results.Result.execute(Result.java:99)
	at com.yahoo.dtf.actions.Action.executeChildren(Action.java:192)
	at com.yahoo.dtf.actions.basic.Script.execute(Script.java:50)
	at com.yahoo.dtf.actions.util.ScriptUtil.executeScript(ScriptUtil.java:49)
	at com.yahoo.dtf.DTFNode.run(DTFNode.java:405)
	at com.yahoo.dtf.DTFNode.main(DTFNode.java:551)
]]></system-out>

    <system-err />

  </testsuite>
</testsuites>
